[ 2018-01-28T21:37:06+08:00 ] 192.168.30.109 /cms/
INFO: [ app_init ] --START--
INFO: Run Behavior\BuildLiteBehavior [ RunTime:0.000036s ]
INFO: [ app_init ] --END-- [ RunTime:0.004461s ]
INFO: [ app_begin ] --START--
INFO: Run Behavior\ReadHtmlCacheBehavior [ RunTime:0.000894s ]
INFO: [ app_begin ] --END-- [ RunTime:0.000979s ]
SQL: SHOW COLUMNS FROM `tb_banner_rec` [ RunTime:0.0868s ]
SQL: SELECT BR_IMG as img,BR_Url as url FROM `tb_banner_rec` WHERE `BR_Is_Show` = 1 AND `BR_Type` = 1 ORDER BY BR_Sort desc  [ RunTime:0.0744s ]
SQL: SHOW COLUMNS FROM `tb_navigation_rec` [ RunTime:0.0015s ]
SQL: SELECT NR_Name as name,NR_IMG as img,NR_Url as url FROM `tb_navigation_rec` WHERE `NR_Is_Show` = 1 ORDER BY NR_Sort desc LIMIT 10   [ RunTime:0.0116s ]
SQL: SHOW COLUMNS FROM `tb_goods_rec` [ RunTime:0.0246s ]
SQL: SELECT GR_ID as id,GR_Name as name,GR_IMG as img,GR_Price as price,GR_Old_Price as oldPrice FROM `tb_goods_rec` WHERE `GR_Is_Show` = 1 AND `GR_Is_Recommend` = 1 AND `GR_Is_Delete` = 0 ORDER BY GR_Sort desc LIMIT 4   [ RunTime:0.0373s ]
INFO: [ view_parse ] --START--
INFO: [ template_filter ] --START--
INFO: Run Behavior\ContentReplaceBehavior [ RunTime:0.000089s ]
INFO: [ template_filter ] --END-- [ RunTime:0.000133s ]
INFO: Run Behavior\ParseTemplateBehavior [ RunTime:0.076973s ]
INFO: [ view_parse ] --END-- [ RunTime:0.077046s ]
INFO: [ view_filter ] --START--
INFO: Run Behavior\WriteHtmlCacheBehavior [ RunTime:0.026748s ]
INFO: [ view_filter ] --END-- [ RunTime:0.026790s ]
INFO: [ app_end ] --START--
INFO: Run Behavior\ShowPageTraceBehavior [ RunTime:0.000733s ]
INFO: [ app_end ] --END-- [ RunTime:0.000764s ]

[ 2018-01-28T21:37:35+08:00 ] 192.168.30.109 /cms/
INFO: [ app_init ] --START--
INFO: Run Behavior\BuildLiteBehavior [ RunTime:0.000009s ]
INFO: [ app_init ] --END-- [ RunTime:0.000268s ]
INFO: [ app_begin ] --START--
INFO: Run Behavior\ReadHtmlCacheBehavior [ RunTime:0.000289s ]
INFO: [ app_begin ] --END-- [ RunTime:0.000312s ]
SQL: SHOW COLUMNS FROM `tb_banner_rec` [ RunTime:0.0006s ]
SQL: SELECT BR_IMG as img,BR_Url as url FROM `tb_banner_rec` WHERE `BR_Is_Show` = 1 AND `BR_Type` = 1 ORDER BY BR_Sort desc  [ RunTime:0.0002s ]
SQL: SHOW COLUMNS FROM `tb_navigation_rec` [ RunTime:0.0003s ]
SQL: SELECT NR_Name as name,NR_IMG as img,NR_Url as url FROM `tb_navigation_rec` WHERE `NR_Is_Show` = 1 ORDER BY NR_Sort desc LIMIT 10   [ RunTime:0.0001s ]
SQL: SHOW COLUMNS FROM `tb_goods_rec` [ RunTime:0.0007s ]
SQL: SELECT GR_ID as id,GR_Name as name,GR_IMG as img,GR_Price as price,GR_Old_Price as oldPrice FROM `tb_goods_rec` WHERE `GR_Is_Show` = 1 AND `GR_Is_Recommend` = 1 AND `GR_Is_Delete` = 0 ORDER BY GR_Sort desc LIMIT 4   [ RunTime:0.0004s ]
INFO: [ view_parse ] --START--
INFO: [ template_filter ] --START--
INFO: Run Behavior\ContentReplaceBehavior [ RunTime:0.000053s ]
INFO: [ template_filter ] --END-- [ RunTime:0.000093s ]
INFO: Run Behavior\ParseTemplateBehavior [ RunTime:0.014219s ]
INFO: [ view_parse ] --END-- [ RunTime:0.014246s ]
INFO: [ view_filter ] --START--
INFO: Run Behavior\WriteHtmlCacheBehavior [ RunTime:0.000096s ]
INFO: [ view_filter ] --END-- [ RunTime:0.000113s ]
INFO: [ app_end ] --START--
INFO: Run Behavior\ShowPageTraceBehavior [ RunTime:0.000354s ]
INFO: [ app_end ] --END-- [ RunTime:0.000374s ]

[ 2018-01-28T21:37:42+08:00 ] 192.168.30.109 /cms/
INFO: [ app_init ] --START--
INFO: Run Behavior\BuildLiteBehavior [ RunTime:0.000091s ]
INFO: [ app_init ] --END-- [ RunTime:0.003077s ]
INFO: [ app_begin ] --START--
INFO: Run Behavior\ReadHtmlCacheBehavior [ RunTime:0.000607s ]
INFO: [ app_begin ] --END-- [ RunTime:0.000642s ]
SQL: SHOW COLUMNS FROM `tb_banner_rec` [ RunTime:0.0091s ]
SQL: SELECT BR_IMG as img,BR_Url as url FROM `tb_banner_rec` WHERE `BR_Is_Show` = 1 AND `BR_Type` = 1 ORDER BY BR_Sort desc  [ RunTime:0.0005s ]
SQL: SHOW COLUMNS FROM `tb_navigation_rec` [ RunTime:0.0007s ]
SQL: SELECT NR_Name as name,NR_IMG as img,NR_Url as url FROM `tb_navigation_rec` WHERE `NR_Is_Show` = 1 ORDER BY NR_Sort desc LIMIT 10   [ RunTime:0.0006s ]
SQL: SHOW COLUMNS FROM `tb_goods_rec` [ RunTime:0.0006s ]
SQL: SELECT GR_ID as id,GR_Name as name,GR_IMG as img,GR_Price as price,GR_Old_Price as oldPrice FROM `tb_goods_rec` WHERE `GR_Is_Show` = 1 AND `GR_Is_Recommend` = 1 AND `GR_Is_Delete` = 0 ORDER BY GR_Sort desc LIMIT 4   [ RunTime:0.0004s ]
INFO: [ view_parse ] --START--
INFO: [ template_filter ] --START--
INFO: Run Behavior\ContentReplaceBehavior [ RunTime:0.000053s ]
INFO: [ template_filter ] --END-- [ RunTime:0.000090s ]
INFO: Run Behavior\ParseTemplateBehavior [ RunTime:0.006645s ]
INFO: [ view_parse ] --END-- [ RunTime:0.006673s ]
INFO: [ view_filter ] --START--
INFO: Run Behavior\WriteHtmlCacheBehavior [ RunTime:0.000092s ]
INFO: [ view_filter ] --END-- [ RunTime:0.000108s ]
INFO: [ app_end ] --START--
INFO: Run Behavior\ShowPageTraceBehavior [ RunTime:0.000678s ]
INFO: [ app_end ] --END-- [ RunTime:0.000705s ]

[ 2018-01-28T21:39:50+08:00 ] 192.168.30.109 /
INFO: [ app_init ] --START--
INFO: Run Behavior\BuildLiteBehavior [ RunTime:0.000026s ]
INFO: [ app_init ] --END-- [ RunTime:0.001110s ]
INFO: [ app_begin ] --START--
INFO: Run Behavior\ReadHtmlCacheBehavior [ RunTime:0.036359s ]
INFO: [ app_begin ] --END-- [ RunTime:0.036479s ]
SQL: SHOW COLUMNS FROM `tb_banner_rec` [ RunTime:0.0009s ]
SQL: SELECT BR_IMG as img,BR_Url as url FROM `tb_banner_rec` WHERE `BR_Is_Show` = 1 AND `BR_Type` = 1 ORDER BY BR_Sort desc  [ RunTime:0.0002s ]
SQL: SHOW COLUMNS FROM `tb_navigation_rec` [ RunTime:0.0006s ]
SQL: SELECT NR_Name as name,NR_IMG as img,NR_Url as url FROM `tb_navigation_rec` WHERE `NR_Is_Show` = 1 ORDER BY NR_Sort desc LIMIT 10   [ RunTime:0.0003s ]
SQL: SHOW COLUMNS FROM `tb_goods_rec` [ RunTime:0.0010s ]
SQL: SELECT GR_ID as id,GR_Name as name,GR_IMG as img,GR_Price as price,GR_Old_Price as oldPrice FROM `tb_goods_rec` WHERE `GR_Is_Show` = 1 AND `GR_Is_Recommend` = 1 AND `GR_Is_Delete` = 0 ORDER BY GR_Sort desc LIMIT 4   [ RunTime:0.0005s ]
INFO: [ view_parse ] --START--
INFO: [ template_filter ] --START--
INFO: Run Behavior\ContentReplaceBehavior [ RunTime:0.000099s ]
INFO: [ template_filter ] --END-- [ RunTime:0.000191s ]
INFO: Run Behavior\ParseTemplateBehavior [ RunTime:0.010625s ]
INFO: [ view_parse ] --END-- [ RunTime:0.010698s ]
INFO: [ view_filter ] --START--
INFO: Run Behavior\WriteHtmlCacheBehavior [ RunTime:0.000178s ]
INFO: [ view_filter ] --END-- [ RunTime:0.000206s ]
INFO: [ app_end ] --START--
INFO: Run Behavior\ShowPageTraceBehavior [ RunTime:0.000723s ]
INFO: [ app_end ] --END-- [ RunTime:0.000757s ]

[ 2018-01-28T21:39:52+08:00 ] 192.168.30.109 /index.php/Home/Open/isopen
INFO: [ app_init ] --START--
INFO: Run Behavior\BuildLiteBehavior [ RunTime:0.000008s ]
INFO: [ app_init ] --END-- [ RunTime:0.000262s ]
INFO: [ app_begin ] --START--
INFO: Run Behavior\ReadHtmlCacheBehavior [ RunTime:0.000377s ]
INFO: [ app_begin ] --END-- [ RunTime:0.000439s ]
SQL: SHOW COLUMNS FROM `tb_system_rec` [ RunTime:0.0960s ]
SQL: SELECT `SR_ISSiteOpen`,`SR_ShopName` FROM `tb_system_rec` WHERE `SR_ID` = 1 LIMIT 1   [ RunTime:0.0519s ]

[ 2018-01-28T21:47:46+08:00 ] 192.168.30.109 /
INFO: [ app_init ] --START--
INFO: Run Behavior\BuildLiteBehavior [ RunTime:0.000009s ]
INFO: [ app_init ] --END-- [ RunTime:0.000214s ]
INFO: [ app_begin ] --START--
INFO: Run Behavior\ReadHtmlCacheBehavior [ RunTime:0.000269s ]
INFO: [ app_begin ] --END-- [ RunTime:0.000294s ]
SQL: SHOW COLUMNS FROM `tb_banner_rec` [ RunTime:0.0006s ]
SQL: SELECT BR_IMG as img,BR_Url as url FROM `tb_banner_rec` WHERE `BR_Is_Show` = 1 AND `BR_Type` = 1 ORDER BY BR_Sort desc  [ RunTime:0.0002s ]
SQL: SHOW COLUMNS FROM `tb_navigation_rec` [ RunTime:0.0004s ]
SQL: SELECT NR_Name as name,NR_IMG as img,NR_Url as url FROM `tb_navigation_rec` WHERE `NR_Is_Show` = 1 ORDER BY NR_Sort desc LIMIT 10   [ RunTime:0.0001s ]
SQL: SHOW COLUMNS FROM `tb_goods_rec` [ RunTime:0.0005s ]
SQL: SELECT GR_ID as id,GR_Name as name,GR_IMG as img,GR_Price as price,GR_Old_Price as oldPrice FROM `tb_goods_rec` WHERE `GR_Is_Show` = 1 AND `GR_Is_Recommend` = 1 AND `GR_Is_Delete` = 0 ORDER BY GR_Sort desc LIMIT 4   [ RunTime:0.0002s ]
INFO: [ view_parse ] --START--
INFO: [ template_filter ] --START--
INFO: Run Behavior\ContentReplaceBehavior [ RunTime:0.000059s ]
INFO: [ template_filter ] --END-- [ RunTime:0.000095s ]
INFO: Run Behavior\ParseTemplateBehavior [ RunTime:0.006123s ]
INFO: [ view_parse ] --END-- [ RunTime:0.006144s ]
INFO: [ view_filter ] --START--
INFO: Run Behavior\WriteHtmlCacheBehavior [ RunTime:0.000088s ]
INFO: [ view_filter ] --END-- [ RunTime:0.000102s ]
INFO: [ app_end ] --START--
INFO: Run Behavior\ShowPageTraceBehavior [ RunTime:0.000355s ]
INFO: [ app_end ] --END-- [ RunTime:0.000373s ]

[ 2018-01-28T21:47:46+08:00 ] 192.168.30.109 /index.php/Home/Open/isopen
INFO: [ app_init ] --START--
INFO: Run Behavior\BuildLiteBehavior [ RunTime:0.000012s ]
INFO: [ app_init ] --END-- [ RunTime:0.000411s ]
INFO: [ app_begin ] --START--
INFO: Run Behavior\ReadHtmlCacheBehavior [ RunTime:0.000523s ]
INFO: [ app_begin ] --END-- [ RunTime:0.000589s ]
SQL: SHOW COLUMNS FROM `tb_system_rec` [ RunTime:0.0010s ]
SQL: SELECT `SR_ISSiteOpen`,`SR_ShopName` FROM `tb_system_rec` WHERE `SR_ID` = 1 LIMIT 1   [ RunTime:0.0002s ]

[ 2018-01-28T21:48:05+08:00 ] 192.168.30.109 /
INFO: [ app_init ] --START--
INFO: Run Behavior\BuildLiteBehavior [ RunTime:0.000014s ]
INFO: [ app_init ] --END-- [ RunTime:0.000397s ]
INFO: [ app_begin ] --START--
INFO: Run Behavior\ReadHtmlCacheBehavior [ RunTime:0.000429s ]
INFO: [ app_begin ] --END-- [ RunTime:0.000467s ]
SQL: SHOW COLUMNS FROM `tb_banner_rec` [ RunTime:0.0020s ]
SQL: SELECT BR_IMG as img,BR_Url as url FROM `tb_banner_rec` WHERE `BR_Is_Show` = 1 AND `BR_Type` = 1 ORDER BY BR_Sort desc  [ RunTime:0.0003s ]
SQL: SHOW COLUMNS FROM `tb_navigation_rec` [ RunTime:0.0008s ]
SQL: SELECT NR_Name as name,NR_IMG as img,NR_Url as url FROM `tb_navigation_rec` WHERE `NR_Is_Show` = 1 ORDER BY NR_Sort desc LIMIT 10   [ RunTime:0.0002s ]
SQL: SHOW COLUMNS FROM `tb_goods_rec` [ RunTime:0.0006s ]
SQL: SELECT GR_ID as id,GR_Name as name,GR_IMG as img,GR_Price as price,GR_Old_Price as oldPrice FROM `tb_goods_rec` WHERE `GR_Is_Show` = 1 AND `GR_Is_Recommend` = 1 AND `GR_Is_Delete` = 0 ORDER BY GR_Sort desc LIMIT 4   [ RunTime:0.0003s ]
INFO: [ view_parse ] --START--
INFO: [ template_filter ] --START--
INFO: Run Behavior\ContentReplaceBehavior [ RunTime:0.000041s ]
INFO: [ template_filter ] --END-- [ RunTime:0.000073s ]
INFO: Run Behavior\ParseTemplateBehavior [ RunTime:0.004107s ]
INFO: [ view_parse ] --END-- [ RunTime:0.004153s ]
INFO: [ view_filter ] --START--
INFO: Run Behavior\WriteHtmlCacheBehavior [ RunTime:0.000088s ]
INFO: [ view_filter ] --END-- [ RunTime:0.000103s ]
INFO: [ app_end ] --START--
INFO: Run Behavior\ShowPageTraceBehavior [ RunTime:0.000280s ]
INFO: [ app_end ] --END-- [ RunTime:0.000298s ]

[ 2018-01-28T21:48:05+08:00 ] 192.168.30.109 /index.php/Home/Open/isopen
INFO: [ app_init ] --START--
INFO: Run Behavior\BuildLiteBehavior [ RunTime:0.000025s ]
INFO: [ app_init ] --END-- [ RunTime:0.000486s ]
INFO: [ app_begin ] --START--
INFO: Run Behavior\ReadHtmlCacheBehavior [ RunTime:0.000680s ]
INFO: [ app_begin ] --END-- [ RunTime:0.000781s ]
SQL: SHOW COLUMNS FROM `tb_system_rec` [ RunTime:0.0007s ]
SQL: SELECT `SR_ISSiteOpen`,`SR_ShopName` FROM `tb_system_rec` WHERE `SR_ID` = 1 LIMIT 1   [ RunTime:0.0002s ]

[ 2018-01-28T21:49:25+08:00 ] 192.168.30.109 /
INFO: [ app_init ] --START--
INFO: Run Behavior\BuildLiteBehavior [ RunTime:0.000073s ]
INFO: [ app_init ] --END-- [ RunTime:0.002024s ]
INFO: [ app_begin ] --START--
INFO: Run Behavior\ReadHtmlCacheBehavior [ RunTime:0.002348s ]
INFO: [ app_begin ] --END-- [ RunTime:0.002691s ]
SQL: SHOW COLUMNS FROM `tb_banner_rec` [ RunTime:0.0008s ]
SQL: SELECT BR_IMG as img,BR_Url as url FROM `tb_banner_rec` WHERE `BR_Is_Show` = 1 AND `BR_Type` = 1 ORDER BY BR_Sort desc  [ RunTime:0.0002s ]
SQL: SHOW COLUMNS FROM `tb_navigation_rec` [ RunTime:0.0005s ]
SQL: SELECT NR_Name as name,NR_IMG as img,NR_Url as url FROM `tb_navigation_rec` WHERE `NR_Is_Show` = 1 ORDER BY NR_Sort desc LIMIT 10   [ RunTime:0.0002s ]
SQL: SHOW COLUMNS FROM `tb_goods_rec` [ RunTime:0.0006s ]
SQL: SELECT GR_ID as id,GR_Name as name,GR_IMG as img,GR_Price as price,GR_Old_Price as oldPrice FROM `tb_goods_rec` WHERE `GR_Is_Show` = 1 AND `GR_Is_Recommend` = 1 AND `GR_Is_Delete` = 0 ORDER BY GR_Sort desc LIMIT 4   [ RunTime:0.0003s ]
INFO: [ view_parse ] --START--
INFO: [ template_filter ] --START--
INFO: Run Behavior\ContentReplaceBehavior [ RunTime:0.000043s ]
INFO: [ template_filter ] --END-- [ RunTime:0.000080s ]
INFO: Run Behavior\ParseTemplateBehavior [ RunTime:0.033840s ]
INFO: [ view_parse ] --END-- [ RunTime:0.033869s ]
INFO: [ view_filter ] --START--
INFO: Run Behavior\WriteHtmlCacheBehavior [ RunTime:0.000102s ]
INFO: [ view_filter ] --END-- [ RunTime:0.000122s ]
INFO: [ app_end ] --START--
INFO: Run Behavior\ShowPageTraceBehavior [ RunTime:0.000608s ]
INFO: [ app_end ] --END-- [ RunTime:0.000672s ]

[ 2018-01-28T21:49:25+08:00 ] 192.168.30.109 /index.php/Home/Open/isopen
INFO: [ app_init ] --START--
INFO: Run Behavior\BuildLiteBehavior [ RunTime:0.000048s ]
INFO: [ app_init ] --END-- [ RunTime:0.001996s ]
INFO: [ app_begin ] --START--
INFO: Run Behavior\ReadHtmlCacheBehavior [ RunTime:0.000245s ]
INFO: [ app_begin ] --END-- [ RunTime:0.000277s ]
SQL: SHOW COLUMNS FROM `tb_system_rec` [ RunTime:0.0006s ]
SQL: SELECT `SR_ISSiteOpen`,`SR_ShopName` FROM `tb_system_rec` WHERE `SR_ID` = 1 LIMIT 1   [ RunTime:0.0001s ]

[ 2018-01-28T21:49:27+08:00 ] 192.168.30.109 /
INFO: [ app_init ] --START--
INFO: Run Behavior\BuildLiteBehavior [ RunTime:0.000009s ]
INFO: [ app_init ] --END-- [ RunTime:0.000227s ]
INFO: [ app_begin ] --START--
INFO: Run Behavior\ReadHtmlCacheBehavior [ RunTime:0.000276s ]
INFO: [ app_begin ] --END-- [ RunTime:0.000300s ]
SQL: SHOW COLUMNS FROM `tb_banner_rec` [ RunTime:0.0019s ]
SQL: SELECT BR_IMG as img,BR_Url as url FROM `tb_banner_rec` WHERE `BR_Is_Show` = 1 AND `BR_Type` = 1 ORDER BY BR_Sort desc  [ RunTime:0.0011s ]
SQL: SHOW COLUMNS FROM `tb_navigation_rec` [ RunTime:0.0012s ]
SQL: SELECT NR_Name as name,NR_IMG as img,NR_Url as url FROM `tb_navigation_rec` WHERE `NR_Is_Show` = 1 ORDER BY NR_Sort desc LIMIT 10   [ RunTime:0.0005s ]
SQL: SHOW COLUMNS FROM `tb_goods_rec` [ RunTime:0.0011s ]
SQL: SELECT GR_ID as id,GR_Name as name,GR_IMG as img,GR_Price as price,GR_Old_Price as oldPrice FROM `tb_goods_rec` WHERE `GR_Is_Show` = 1 AND `GR_Is_Recommend` = 1 AND `GR_Is_Delete` = 0 ORDER BY GR_Sort desc LIMIT 4   [ RunTime:0.0003s ]
INFO: [ view_parse ] --START--
INFO: [ template_filter ] --START--
INFO: Run Behavior\ContentReplaceBehavior [ RunTime:0.000083s ]
INFO: [ template_filter ] --END-- [ RunTime:0.000159s ]
INFO: Run Behavior\ParseTemplateBehavior [ RunTime:0.009499s ]
INFO: [ view_parse ] --END-- [ RunTime:0.009534s ]
INFO: [ view_filter ] --START--
INFO: Run Behavior\WriteHtmlCacheBehavior [ RunTime:0.000185s ]
INFO: [ view_filter ] --END-- [ RunTime:0.000202s ]
INFO: [ app_end ] --START--
INFO: Run Behavior\ShowPageTraceBehavior [ RunTime:0.000782s ]
INFO: [ app_end ] --END-- [ RunTime:0.000881s ]

[ 2018-01-28T21:49:28+08:00 ] 192.168.30.109 /index.php/Home/Open/isopen
INFO: [ app_init ] --START--
INFO: Run Behavior\BuildLiteBehavior [ RunTime:0.000067s ]
INFO: [ app_init ] --END-- [ RunTime:0.000696s ]
INFO: [ app_begin ] --START--
INFO: Run Behavior\ReadHtmlCacheBehavior [ RunTime:0.000268s ]
INFO: [ app_begin ] --END-- [ RunTime:0.000327s ]
SQL: SHOW COLUMNS FROM `tb_system_rec` [ RunTime:0.0008s ]
SQL: SELECT `SR_ISSiteOpen`,`SR_ShopName` FROM `tb_system_rec` WHERE `SR_ID` = 1 LIMIT 1   [ RunTime:0.0002s ]

