[ 2018-01-22T18:41:55+08:00 ] 192.168.30.109 /cms/
INFO: [ app_init ] --START--
INFO: Run Behavior\BuildLiteBehavior [ RunTime:0.000023s ]
INFO: [ app_init ] --END-- [ RunTime:0.005296s ]
INFO: [ app_begin ] --START--
INFO: Run Behavior\ReadHtmlCacheBehavior [ RunTime:0.005169s ]
INFO: [ app_begin ] --END-- [ RunTime:0.005376s ]
SQL: SHOW COLUMNS FROM `tb_banner_rec` [ RunTime:0.0274s ]
SQL: SELECT BR_IMG as img,BR_Url as url FROM `tb_banner_rec` WHERE `BR_Is_Show` = 1 AND `BR_Type` = 1 ORDER BY BR_Sort desc  [ RunTime:0.0171s ]
SQL: SHOW COLUMNS FROM `tb_navigation_rec` [ RunTime:0.0008s ]
SQL: SELECT NR_Name as name,NR_IMG as img,NR_Url as url FROM `tb_navigation_rec` WHERE `NR_Is_Show` = 1 ORDER BY NR_Sort desc LIMIT 10   [ RunTime:0.0003s ]
SQL: SHOW COLUMNS FROM `tb_goods_rec` [ RunTime:0.0008s ]
SQL: SELECT GR_ID as id,GR_Name as name,GR_IMG as img,GR_Price as price,GR_Old_Price as oldPrice FROM `tb_goods_rec` WHERE `GR_Is_Show` = 1 AND `GR_Is_Recommend` = 1 AND `GR_Is_Delete` = 0 ORDER BY GR_Sort desc LIMIT 4   [ RunTime:0.0005s ]
INFO: [ view_parse ] --START--
INFO: [ template_filter ] --START--
INFO: Run Behavior\ContentReplaceBehavior [ RunTime:0.000041s ]
INFO: [ template_filter ] --END-- [ RunTime:0.000086s ]
INFO: Run Behavior\ParseTemplateBehavior [ RunTime:0.105290s ]
INFO: [ view_parse ] --END-- [ RunTime:0.105344s ]
INFO: [ view_filter ] --START--
INFO: Run Behavior\WriteHtmlCacheBehavior [ RunTime:0.000116s ]
INFO: [ view_filter ] --END-- [ RunTime:0.000141s ]
INFO: [ app_end ] --START--
INFO: Run Behavior\ShowPageTraceBehavior [ RunTime:0.000478s ]
INFO: [ app_end ] --END-- [ RunTime:0.000535s ]

[ 2018-01-22T18:43:00+08:00 ] 192.168.30.109 /
INFO: [ app_init ] --START--
INFO: Run Behavior\BuildLiteBehavior [ RunTime:0.000014s ]
INFO: [ app_init ] --END-- [ RunTime:0.000357s ]
INFO: [ app_begin ] --START--
INFO: Run Behavior\ReadHtmlCacheBehavior [ RunTime:0.000412s ]
INFO: [ app_begin ] --END-- [ RunTime:0.000455s ]
SQL: SHOW COLUMNS FROM `tb_banner_rec` [ RunTime:0.0105s ]
SQL: SELECT BR_IMG as img,BR_Url as url FROM `tb_banner_rec` WHERE `BR_Is_Show` = 1 AND `BR_Type` = 1 ORDER BY BR_Sort desc  [ RunTime:0.0002s ]
SQL: SHOW COLUMNS FROM `tb_navigation_rec` [ RunTime:0.0004s ]
SQL: SELECT NR_Name as name,NR_IMG as img,NR_Url as url FROM `tb_navigation_rec` WHERE `NR_Is_Show` = 1 ORDER BY NR_Sort desc LIMIT 10   [ RunTime:0.0002s ]
SQL: SHOW COLUMNS FROM `tb_goods_rec` [ RunTime:0.0004s ]
SQL: SELECT GR_ID as id,GR_Name as name,GR_IMG as img,GR_Price as price,GR_Old_Price as oldPrice FROM `tb_goods_rec` WHERE `GR_Is_Show` = 1 AND `GR_Is_Recommend` = 1 AND `GR_Is_Delete` = 0 ORDER BY GR_Sort desc LIMIT 4   [ RunTime:0.0003s ]
INFO: [ view_parse ] --START--
INFO: [ template_filter ] --START--
INFO: Run Behavior\ContentReplaceBehavior [ RunTime:0.000040s ]
INFO: [ template_filter ] --END-- [ RunTime:0.000067s ]
INFO: Run Behavior\ParseTemplateBehavior [ RunTime:0.004366s ]
INFO: [ view_parse ] --END-- [ RunTime:0.004390s ]
INFO: [ view_filter ] --START--
INFO: Run Behavior\WriteHtmlCacheBehavior [ RunTime:0.000089s ]
INFO: [ view_filter ] --END-- [ RunTime:0.000106s ]
INFO: [ app_end ] --START--
INFO: Run Behavior\ShowPageTraceBehavior [ RunTime:0.000316s ]
INFO: [ app_end ] --END-- [ RunTime:0.000335s ]

[ 2018-01-22T18:43:40+08:00 ] 192.168.30.109 /index.php/Home/Open/isopen
INFO: [ app_init ] --START--
INFO: Run Behavior\BuildLiteBehavior [ RunTime:0.000034s ]
INFO: [ app_init ] --END-- [ RunTime:0.306325s ]
INFO: [ app_begin ] --START--
INFO: Run Behavior\ReadHtmlCacheBehavior [ RunTime:0.572534s ]
INFO: [ app_begin ] --END-- [ RunTime:0.655798s ]
SQL: SHOW COLUMNS FROM `tb_system_rec` [ RunTime:0.2247s ]
SQL: SELECT `SR_ISSiteOpen`,`SR_ShopName` FROM `tb_system_rec` WHERE `SR_ID` = 1 LIMIT 1   [ RunTime:0.2062s ]

[ 2018-01-22T18:44:06+08:00 ] 192.168.30.109 /index.php/Home/Index/index?page=1
INFO: [ app_init ] --START--
INFO: Run Behavior\BuildLiteBehavior [ RunTime:0.000012s ]
INFO: [ app_init ] --END-- [ RunTime:0.000338s ]
INFO: [ app_begin ] --START--
INFO: Run Behavior\ReadHtmlCacheBehavior [ RunTime:0.000392s ]
INFO: [ app_begin ] --END-- [ RunTime:0.000426s ]
SQL: SHOW COLUMNS FROM `tb_banner_rec` [ RunTime:0.0006s ]
SQL: SELECT BR_IMG as img,BR_Url as url FROM `tb_banner_rec` WHERE `BR_Is_Show` = 1 AND `BR_Type` = 1 ORDER BY BR_Sort desc  [ RunTime:0.0002s ]
SQL: SHOW COLUMNS FROM `tb_navigation_rec` [ RunTime:0.0011s ]
SQL: SELECT NR_Name as name,NR_IMG as img,NR_Url as url FROM `tb_navigation_rec` WHERE `NR_Is_Show` = 1 ORDER BY NR_Sort desc LIMIT 10   [ RunTime:0.0002s ]
SQL: SHOW COLUMNS FROM `tb_goods_rec` [ RunTime:0.0004s ]
SQL: SELECT GR_ID as id,GR_Name as name,GR_IMG as img,GR_Price as price,GR_Old_Price as oldPrice FROM `tb_goods_rec` WHERE `GR_Is_Show` = 1 AND `GR_Is_Recommend` = 1 AND `GR_Is_Delete` = 0 ORDER BY GR_Sort desc LIMIT 4,4   [ RunTime:0.0119s ]

[ 2018-01-22T18:44:28+08:00 ] 192.168.30.109 /
INFO: [ app_init ] --START--
INFO: Run Behavior\BuildLiteBehavior [ RunTime:0.000019s ]
INFO: [ app_init ] --END-- [ RunTime:0.048299s ]
INFO: [ app_begin ] --START--
INFO: Run Behavior\ReadHtmlCacheBehavior [ RunTime:0.000429s ]
INFO: [ app_begin ] --END-- [ RunTime:0.000470s ]
SQL: SHOW COLUMNS FROM `tb_banner_rec` [ RunTime:0.0710s ]
SQL: SELECT BR_IMG as img,BR_Url as url FROM `tb_banner_rec` WHERE `BR_Is_Show` = 1 AND `BR_Type` = 1 ORDER BY BR_Sort desc  [ RunTime:0.0005s ]
SQL: SHOW COLUMNS FROM `tb_navigation_rec` [ RunTime:0.0018s ]
SQL: SELECT NR_Name as name,NR_IMG as img,NR_Url as url FROM `tb_navigation_rec` WHERE `NR_Is_Show` = 1 ORDER BY NR_Sort desc LIMIT 10   [ RunTime:0.0068s ]
SQL: SHOW COLUMNS FROM `tb_goods_rec` [ RunTime:0.0691s ]
SQL: SELECT GR_ID as id,GR_Name as name,GR_IMG as img,GR_Price as price,GR_Old_Price as oldPrice FROM `tb_goods_rec` WHERE `GR_Is_Show` = 1 AND `GR_Is_Recommend` = 1 AND `GR_Is_Delete` = 0 ORDER BY GR_Sort desc LIMIT 4   [ RunTime:0.0010s ]
INFO: [ view_parse ] --START--
INFO: [ template_filter ] --START--
INFO: Run Behavior\ContentReplaceBehavior [ RunTime:0.027540s ]
INFO: [ template_filter ] --END-- [ RunTime:0.027673s ]
INFO: Run Behavior\ParseTemplateBehavior [ RunTime:1.313774s ]
INFO: [ view_parse ] --END-- [ RunTime:1.313890s ]
INFO: [ view_filter ] --START--
INFO: Run Behavior\WriteHtmlCacheBehavior [ RunTime:0.000929s ]
INFO: [ view_filter ] --END-- [ RunTime:0.000996s ]
INFO: [ app_end ] --START--
INFO: Run Behavior\ShowPageTraceBehavior [ RunTime:0.157275s ]
INFO: [ app_end ] --END-- [ RunTime:0.157384s ]

[ 2018-01-22T18:44:30+08:00 ] 192.168.30.109 /index.php/Home/Goods/classify
INFO: [ app_init ] --START--
INFO: Run Behavior\BuildLiteBehavior [ RunTime:0.000015s ]
INFO: [ app_init ] --END-- [ RunTime:0.065322s ]
INFO: [ app_begin ] --START--
INFO: Run Behavior\ReadHtmlCacheBehavior [ RunTime:0.008583s ]
INFO: [ app_begin ] --END-- [ RunTime:0.008701s ]
SQL: SHOW COLUMNS FROM `tb_category_rec` [ RunTime:0.1142s ]
SQL: SELECT CR_ID as id,CR_Name as text,CR_IMG as img FROM `tb_category_rec` WHERE `CR_PID` = 0 AND `CR_Type` = 1 AND `CR_Is_Show` = 1 ORDER BY CR_Sort desc  [ RunTime:0.0051s ]
SQL: SELECT CR_ID as id,CR_Name as title,CR_IMG as img FROM `tb_category_rec` WHERE `CR_PID` = 1 AND `CR_Type` = 1 AND `CR_Is_Show` = 1  [ RunTime:0.0003s ]
INFO: [ view_parse ] --START--
INFO: [ template_filter ] --START--
INFO: Run Behavior\ContentReplaceBehavior [ RunTime:0.000104s ]
INFO: [ template_filter ] --END-- [ RunTime:0.000191s ]
INFO: Run Behavior\ParseTemplateBehavior [ RunTime:0.463854s ]
INFO: [ view_parse ] --END-- [ RunTime:0.463949s ]
INFO: [ view_filter ] --START--
INFO: Run Behavior\WriteHtmlCacheBehavior [ RunTime:0.000349s ]
INFO: [ view_filter ] --END-- [ RunTime:0.000403s ]
INFO: [ app_end ] --START--
INFO: Run Behavior\ShowPageTraceBehavior [ RunTime:0.032467s ]
INFO: [ app_end ] --END-- [ RunTime:0.032637s ]

[ 2018-01-22T18:44:42+08:00 ] 192.168.30.109 /index.php/Home/Open/isopen
INFO: [ app_init ] --START--
INFO: Run Behavior\BuildLiteBehavior [ RunTime:0.000020s ]
INFO: [ app_init ] --END-- [ RunTime:0.097082s ]
INFO: [ app_begin ] --START--
INFO: Run Behavior\ReadHtmlCacheBehavior [ RunTime:0.112465s ]
INFO: [ app_begin ] --END-- [ RunTime:0.115132s ]
SQL: SHOW COLUMNS FROM `tb_system_rec` [ RunTime:0.0852s ]
SQL: SELECT `SR_ISSiteOpen`,`SR_ShopName` FROM `tb_system_rec` WHERE `SR_ID` = 1 LIMIT 1   [ RunTime:0.0003s ]

[ 2018-01-22T18:44:46+08:00 ] 192.168.30.109 /index.php/Home/Goods/type?id=2
INFO: [ app_init ] --START--
INFO: Run Behavior\BuildLiteBehavior [ RunTime:0.000046s ]
INFO: [ app_init ] --END-- [ RunTime:0.096553s ]
INFO: [ app_begin ] --START--
INFO: Run Behavior\ReadHtmlCacheBehavior [ RunTime:0.088003s ]
INFO: [ app_begin ] --END-- [ RunTime:0.088091s ]
SQL: SHOW COLUMNS FROM `tb_category_rec` [ RunTime:0.0071s ]
SQL: SELECT CR_IMG as photo,CR_Name as name,CR_ID as id FROM `tb_category_rec` WHERE `CR_Type` <> 2 AND `CR_ID` = 2 AND `CR_Is_Show` = 1 LIMIT 1   [ RunTime:0.1711s ]
SQL: SELECT CR_IMG as img,CR_Name as title,CR_ID as id FROM `tb_category_rec` WHERE `CR_Type` <> 2 AND `CR_Is_Show` = 1 AND `CR_PID` = 2  [ RunTime:0.0003s ]

[ 2018-01-22T18:44:47+08:00 ] 192.168.30.109 /index.php/Home/Goods/type?id=3
INFO: [ app_init ] --START--
INFO: Run Behavior\BuildLiteBehavior [ RunTime:0.000018s ]
INFO: [ app_init ] --END-- [ RunTime:0.053544s ]
INFO: [ app_begin ] --START--
INFO: Run Behavior\ReadHtmlCacheBehavior [ RunTime:0.018518s ]
INFO: [ app_begin ] --END-- [ RunTime:0.018587s ]
SQL: SHOW COLUMNS FROM `tb_category_rec` [ RunTime:0.0340s ]
SQL: SELECT CR_IMG as photo,CR_Name as name,CR_ID as id FROM `tb_category_rec` WHERE `CR_Type` <> 2 AND `CR_ID` = 3 AND `CR_Is_Show` = 1 LIMIT 1   [ RunTime:0.0004s ]
SQL: SELECT CR_IMG as img,CR_Name as title,CR_ID as id FROM `tb_category_rec` WHERE `CR_Type` <> 2 AND `CR_Is_Show` = 1 AND `CR_PID` = 3  [ RunTime:0.0003s ]

[ 2018-01-22T18:44:48+08:00 ] 192.168.30.109 /index.php/Home/Person/person
INFO: [ app_init ] --START--
INFO: Run Behavior\BuildLiteBehavior [ RunTime:0.000029s ]
INFO: [ app_init ] --END-- [ RunTime:0.079969s ]
INFO: [ app_begin ] --START--
INFO: Run Behavior\ReadHtmlCacheBehavior [ RunTime:0.070633s ]
INFO: [ app_begin ] --END-- [ RunTime:0.070733s ]
NOTIC: [8] Undefined index: Home /usr/local/apache2/htdocs/cms/Application/Home/Controller/PersonController.class.php 第 19 行.
INFO: [ view_parse ] --START--
INFO: [ template_filter ] --START--
INFO: Run Behavior\ContentReplaceBehavior [ RunTime:0.000135s ]
INFO: [ template_filter ] --END-- [ RunTime:0.000238s ]
INFO: Run Behavior\ParseTemplateBehavior [ RunTime:0.531802s ]
INFO: [ view_parse ] --END-- [ RunTime:0.531935s ]
INFO: [ view_filter ] --START--
INFO: Run Behavior\WriteHtmlCacheBehavior [ RunTime:0.000313s ]
INFO: [ view_filter ] --END-- [ RunTime:0.000549s ]
INFO: [ app_end ] --START--
INFO: Run Behavior\ShowPageTraceBehavior [ RunTime:0.027863s ]
INFO: [ app_end ] --END-- [ RunTime:0.027982s ]

[ 2018-01-22T18:44:53+08:00 ] 192.168.30.109 /index.php/Home/Open/isopen
INFO: [ app_init ] --START--
INFO: Run Behavior\BuildLiteBehavior [ RunTime:0.000037s ]
INFO: [ app_init ] --END-- [ RunTime:0.032709s ]
INFO: [ app_begin ] --START--
INFO: Run Behavior\ReadHtmlCacheBehavior [ RunTime:0.016857s ]
INFO: [ app_begin ] --END-- [ RunTime:0.017084s ]
SQL: SHOW COLUMNS FROM `tb_system_rec` [ RunTime:0.0374s ]
SQL: SELECT `SR_ISSiteOpen`,`SR_ShopName` FROM `tb_system_rec` WHERE `SR_ID` = 1 LIMIT 1   [ RunTime:0.0003s ]

[ 2018-01-22T21:17:53+08:00 ] 192.168.30.109 /
INFO: [ app_init ] --START--
INFO: Run Behavior\BuildLiteBehavior [ RunTime:0.000025s ]
INFO: [ app_init ] --END-- [ RunTime:0.000924s ]
INFO: [ app_begin ] --START--
INFO: Run Behavior\ReadHtmlCacheBehavior [ RunTime:0.000968s ]
INFO: [ app_begin ] --END-- [ RunTime:0.001069s ]
SQL: SHOW COLUMNS FROM `tb_banner_rec` [ RunTime:0.0038s ]
SQL: SELECT BR_IMG as img,BR_Url as url FROM `tb_banner_rec` WHERE `BR_Is_Show` = 1 AND `BR_Type` = 1 ORDER BY BR_Sort desc  [ RunTime:0.0347s ]
SQL: SHOW COLUMNS FROM `tb_navigation_rec` [ RunTime:0.0013s ]
SQL: SELECT NR_Name as name,NR_IMG as img,NR_Url as url FROM `tb_navigation_rec` WHERE `NR_Is_Show` = 1 ORDER BY NR_Sort desc LIMIT 10   [ RunTime:0.0006s ]
SQL: SHOW COLUMNS FROM `tb_goods_rec` [ RunTime:0.0018s ]
SQL: SELECT GR_ID as id,GR_Name as name,GR_IMG as img,GR_Price as price,GR_Old_Price as oldPrice FROM `tb_goods_rec` WHERE `GR_Is_Show` = 1 AND `GR_Is_Recommend` = 1 AND `GR_Is_Delete` = 0 ORDER BY GR_Sort desc LIMIT 4   [ RunTime:0.0209s ]
INFO: [ view_parse ] --START--
INFO: [ template_filter ] --START--
INFO: Run Behavior\ContentReplaceBehavior [ RunTime:0.000087s ]
INFO: [ template_filter ] --END-- [ RunTime:0.000188s ]
INFO: Run Behavior\ParseTemplateBehavior [ RunTime:0.010569s ]
INFO: [ view_parse ] --END-- [ RunTime:0.010626s ]
INFO: [ view_filter ] --START--
INFO: Run Behavior\WriteHtmlCacheBehavior [ RunTime:0.000231s ]
INFO: [ view_filter ] --END-- [ RunTime:0.000255s ]
INFO: [ app_end ] --START--
INFO: Run Behavior\ShowPageTraceBehavior [ RunTime:0.000446s ]
INFO: [ app_end ] --END-- [ RunTime:0.000476s ]

[ 2018-01-22T21:17:56+08:00 ] 192.168.30.109 /index.php/Home/Open/isopen
INFO: [ app_init ] --START--
INFO: Run Behavior\BuildLiteBehavior [ RunTime:0.000018s ]
INFO: [ app_init ] --END-- [ RunTime:0.000902s ]
INFO: [ app_begin ] --START--
INFO: Run Behavior\ReadHtmlCacheBehavior [ RunTime:0.000250s ]
INFO: [ app_begin ] --END-- [ RunTime:0.000286s ]
SQL: SHOW COLUMNS FROM `tb_system_rec` [ RunTime:0.2427s ]
SQL: SELECT `SR_ISSiteOpen`,`SR_ShopName` FROM `tb_system_rec` WHERE `SR_ID` = 1 LIMIT 1   [ RunTime:0.0002s ]

[ 2018-01-22T21:17:58+08:00 ] 192.168.30.109 /index.php/Home/Person/person
INFO: [ app_init ] --START--
INFO: Run Behavior\BuildLiteBehavior [ RunTime:0.000009s ]
INFO: [ app_init ] --END-- [ RunTime:0.000269s ]
INFO: [ app_begin ] --START--
INFO: Run Behavior\ReadHtmlCacheBehavior [ RunTime:0.000379s ]
INFO: [ app_begin ] --END-- [ RunTime:0.000417s ]
NOTIC: [8] Undefined index: Home /usr/local/apache2/htdocs/cms/Application/Home/Controller/PersonController.class.php 第 19 行.
INFO: [ view_parse ] --START--
INFO: [ template_filter ] --START--
INFO: Run Behavior\ContentReplaceBehavior [ RunTime:0.000042s ]
INFO: [ template_filter ] --END-- [ RunTime:0.000074s ]
INFO: Run Behavior\ParseTemplateBehavior [ RunTime:0.102358s ]
INFO: [ view_parse ] --END-- [ RunTime:0.102419s ]
INFO: [ view_filter ] --START--
INFO: Run Behavior\WriteHtmlCacheBehavior [ RunTime:0.000113s ]
INFO: [ view_filter ] --END-- [ RunTime:0.000132s ]
INFO: [ app_end ] --START--
INFO: Run Behavior\ShowPageTraceBehavior [ RunTime:0.000422s ]
INFO: [ app_end ] --END-- [ RunTime:0.000444s ]

[ 2018-01-22T21:18:00+08:00 ] 192.168.30.109 /index.php/Home/Open/isopen
INFO: [ app_init ] --START--
INFO: Run Behavior\BuildLiteBehavior [ RunTime:0.000009s ]
INFO: [ app_init ] --END-- [ RunTime:0.000274s ]
INFO: [ app_begin ] --START--
INFO: Run Behavior\ReadHtmlCacheBehavior [ RunTime:0.000386s ]
INFO: [ app_begin ] --END-- [ RunTime:0.000447s ]
SQL: SHOW COLUMNS FROM `tb_system_rec` [ RunTime:0.0021s ]
SQL: SELECT `SR_ISSiteOpen`,`SR_ShopName` FROM `tb_system_rec` WHERE `SR_ID` = 1 LIMIT 1   [ RunTime:0.0005s ]

[ 2018-01-22T22:02:06+08:00 ] 192.168.30.109 /
INFO: [ app_init ] --START--
INFO: Run Behavior\BuildLiteBehavior [ RunTime:0.000012s ]
INFO: [ app_init ] --END-- [ RunTime:0.000633s ]
INFO: [ app_begin ] --START--
INFO: Run Behavior\ReadHtmlCacheBehavior [ RunTime:0.000262s ]
INFO: [ app_begin ] --END-- [ RunTime:0.000287s ]
SQL: SHOW COLUMNS FROM `tb_banner_rec` [ RunTime:0.0006s ]
SQL: SELECT BR_IMG as img,BR_Url as url FROM `tb_banner_rec` WHERE `BR_Is_Show` = 1 AND `BR_Type` = 1 ORDER BY BR_Sort desc  [ RunTime:0.0002s ]
SQL: SHOW COLUMNS FROM `tb_navigation_rec` [ RunTime:0.0003s ]
SQL: SELECT NR_Name as name,NR_IMG as img,NR_Url as url FROM `tb_navigation_rec` WHERE `NR_Is_Show` = 1 ORDER BY NR_Sort desc LIMIT 10   [ RunTime:0.0001s ]
SQL: SHOW COLUMNS FROM `tb_goods_rec` [ RunTime:0.0005s ]
SQL: SELECT GR_ID as id,GR_Name as name,GR_IMG as img,GR_Price as price,GR_Old_Price as oldPrice FROM `tb_goods_rec` WHERE `GR_Is_Show` = 1 AND `GR_Is_Recommend` = 1 AND `GR_Is_Delete` = 0 ORDER BY GR_Sort desc LIMIT 4   [ RunTime:0.0003s ]
INFO: [ view_parse ] --START--
INFO: [ template_filter ] --START--
INFO: Run Behavior\ContentReplaceBehavior [ RunTime:0.000051s ]
INFO: [ template_filter ] --END-- [ RunTime:0.000094s ]
INFO: Run Behavior\ParseTemplateBehavior [ RunTime:0.023605s ]
INFO: [ view_parse ] --END-- [ RunTime:0.023629s ]
INFO: [ view_filter ] --START--
INFO: Run Behavior\WriteHtmlCacheBehavior [ RunTime:0.000117s ]
INFO: [ view_filter ] --END-- [ RunTime:0.000135s ]
INFO: [ app_end ] --START--
INFO: Run Behavior\ShowPageTraceBehavior [ RunTime:0.000355s ]
INFO: [ app_end ] --END-- [ RunTime:0.000376s ]

[ 2018-01-22T22:02:35+08:00 ] 192.168.30.109 /index.php/Home/Open/isopen
INFO: [ app_init ] --START--
INFO: Run Behavior\BuildLiteBehavior [ RunTime:0.000030s ]
INFO: [ app_init ] --END-- [ RunTime:1.121800s ]
INFO: [ app_begin ] --START--
INFO: Run Behavior\ReadHtmlCacheBehavior [ RunTime:0.000622s ]
INFO: [ app_begin ] --END-- [ RunTime:0.000689s ]
SQL: SHOW COLUMNS FROM `tb_system_rec` [ RunTime:0.1904s ]
SQL: SELECT `SR_ISSiteOpen`,`SR_ShopName` FROM `tb_system_rec` WHERE `SR_ID` = 1 LIMIT 1   [ RunTime:0.0001s ]

