[ 2018-01-24T16:36:18+08:00 ] 192.168.30.109 /
INFO: [ app_init ] --START--
INFO: Run Behavior\BuildLiteBehavior [ RunTime:0.000025s ]
INFO: [ app_init ] --END-- [ RunTime:0.001205s ]
INFO: [ app_begin ] --START--
INFO: Run Behavior\ReadHtmlCacheBehavior [ RunTime:0.000826s ]
INFO: [ app_begin ] --END-- [ RunTime:0.000903s ]
SQL: SHOW COLUMNS FROM `tb_banner_rec` [ RunTime:0.0021s ]
SQL: SELECT BR_IMG as img,BR_Url as url FROM `tb_banner_rec` WHERE `BR_Is_Show` = 1 AND `BR_Type` = 1 ORDER BY BR_Sort desc  [ RunTime:0.0006s ]
SQL: SHOW COLUMNS FROM `tb_navigation_rec` [ RunTime:0.0011s ]
SQL: SELECT NR_Name as name,NR_IMG as img,NR_Url as url FROM `tb_navigation_rec` WHERE `NR_Is_Show` = 1 ORDER BY NR_Sort desc LIMIT 10   [ RunTime:0.0007s ]
SQL: SHOW COLUMNS FROM `tb_goods_rec` [ RunTime:0.0019s ]
SQL: SELECT GR_ID as id,GR_Name as name,GR_IMG as img,GR_Price as price,GR_Old_Price as oldPrice FROM `tb_goods_rec` WHERE `GR_Is_Show` = 1 AND `GR_Is_Recommend` = 1 AND `GR_Is_Delete` = 0 ORDER BY GR_Sort desc LIMIT 4   [ RunTime:0.0251s ]
INFO: [ view_parse ] --START--
INFO: [ template_filter ] --START--
INFO: Run Behavior\ContentReplaceBehavior [ RunTime:0.000222s ]
INFO: [ template_filter ] --END-- [ RunTime:0.000328s ]
INFO: Run Behavior\ParseTemplateBehavior [ RunTime:0.082588s ]
INFO: [ view_parse ] --END-- [ RunTime:0.082749s ]
INFO: [ view_filter ] --START--
INFO: Run Behavior\WriteHtmlCacheBehavior [ RunTime:0.001272s ]
INFO: [ view_filter ] --END-- [ RunTime:0.001435s ]
INFO: [ app_end ] --START--
INFO: Run Behavior\ShowPageTraceBehavior [ RunTime:0.002278s ]
INFO: [ app_end ] --END-- [ RunTime:0.002377s ]

[ 2018-01-24T16:36:20+08:00 ] 192.168.30.109 /index.php/Home/Open/isopen
INFO: [ app_init ] --START--
INFO: Run Behavior\BuildLiteBehavior [ RunTime:0.000011s ]
INFO: [ app_init ] --END-- [ RunTime:0.091645s ]
INFO: [ app_begin ] --START--
INFO: Run Behavior\ReadHtmlCacheBehavior [ RunTime:0.001381s ]
INFO: [ app_begin ] --END-- [ RunTime:0.001463s ]
SQL: SHOW COLUMNS FROM `tb_system_rec` [ RunTime:0.0331s ]
SQL: SELECT `SR_ISSiteOpen`,`SR_ShopName` FROM `tb_system_rec` WHERE `SR_ID` = 1 LIMIT 1   [ RunTime:0.0004s ]

