[ 2018-01-25T00:07:35+08:00 ] 192.168.30.109 /index.php/Admin/Goods/add/gid/9
INFO: [ app_init ] --START--
INFO: Run Behavior\BuildLiteBehavior [ RunTime:0.000011s ]
INFO: [ app_init ] --END-- [ RunTime:0.000248s ]
INFO: [ app_begin ] --START--
INFO: Run Behavior\ReadHtmlCacheBehavior [ RunTime:0.000291s ]
INFO: [ app_begin ] --END-- [ RunTime:0.000316s ]
SQL: SHOW COLUMNS FROM `tb_sys_admin` [ RunTime:0.0012s ]
SQL: SELECT * FROM `tb_sys_admin` WHERE `SA_Name` = 'admin' LIMIT 1   [ RunTime:0.0756s ]
SQL: SHOW COLUMNS FROM `tb_category_rec` [ RunTime:0.0008s ]
SQL: SELECT * FROM `tb_category_rec` WHERE `CR_PID` = 0 AND `CR_Type` = 1  [ RunTime:0.0004s ]
SQL: SHOW COLUMNS FROM `tb_goods_rec` [ RunTime:0.0005s ]
SQL: SELECT * FROM `tb_goods_rec` WHERE `GR_ID` = 9 LIMIT 1   [ RunTime:0.0005s ]
SQL: SELECT `CR_ID`,`CR_PID`,`CR_Name` FROM `tb_category_rec` WHERE `CR_ID` = 7 LIMIT 1   [ RunTime:0.0001s ]
SQL: SELECT `CR_ID`,`CR_PID`,`CR_Name` FROM `tb_category_rec` WHERE `CR_ID` = 2 LIMIT 1   [ RunTime:0.0001s ]
SQL: SELECT * FROM `tb_category_rec` WHERE `CR_PID` = 2 AND `CR_Type` = 1  [ RunTime:0.0001s ]
NOTIC: [8] Undefined variable: br_info /usr/local/apache2/htdocs/cms/Application/Admin/Controller/GoodsController.class.php 第 702 行.
INFO: [ view_parse ] --START--
INFO: [ template_filter ] --START--
INFO: Run Behavior\ContentReplaceBehavior [ RunTime:0.000166s ]
INFO: [ template_filter ] --END-- [ RunTime:0.000221s ]
NOTIC: [8] Undefined index: goods_other_imgs /usr/local/apache2/htdocs/cms/Application/Runtime/Cache/Admin/346dfcdf6ec8d3c93d33b5eb4f636a21.php 第 506 行.
INFO: Run Behavior\ParseTemplateBehavior [ RunTime:0.030613s ]
INFO: [ view_parse ] --END-- [ RunTime:0.030647s ]
INFO: [ view_filter ] --START--
INFO: Run Behavior\WriteHtmlCacheBehavior [ RunTime:0.000156s ]
INFO: [ view_filter ] --END-- [ RunTime:0.000183s ]
INFO: [ app_end ] --START--
INFO: Run Behavior\ShowPageTraceBehavior [ RunTime:0.000419s ]
INFO: [ app_end ] --END-- [ RunTime:0.000475s ]

[ 2018-01-25T00:07:45+08:00 ] 192.168.30.109 /index.php/Admin/Goods/getFormatOption
INFO: [ app_init ] --START--
INFO: Run Behavior\BuildLiteBehavior [ RunTime:0.000019s ]
INFO: [ app_init ] --END-- [ RunTime:0.131698s ]
INFO: [ app_begin ] --START--
INFO: Run Behavior\ReadHtmlCacheBehavior [ RunTime:0.065197s ]
INFO: [ app_begin ] --END-- [ RunTime:0.065268s ]
SQL: SHOW COLUMNS FROM `tb_sys_admin` [ RunTime:0.1331s ]
SQL: SELECT * FROM `tb_sys_admin` WHERE `SA_Name` = 'admin' LIMIT 1   [ RunTime:0.0035s ]
SQL: SHOW COLUMNS FROM `tb_goods_rec` [ RunTime:0.0432s ]
SQL: SELECT `GR_Is_Options` FROM `tb_goods_rec` WHERE `GR_ID` = 9 LIMIT 1   [ RunTime:0.0005s ]
SQL: SHOW COLUMNS FROM `tb_formats_rec` [ RunTime:0.0010s ]
SQL: SHOW COLUMNS FROM `tb_options_rec` [ RunTime:0.0010s ]
SQL: SHOW COLUMNS FROM `tb_format_option` [ RunTime:0.0015s ]
SQL: SELECT `FR_ID`,`FR_Name` FROM `tb_formats_rec` WHERE `FR_GID` = 9 ORDER BY FR_ID ASC  [ RunTime:0.0004s ]
SQL: SELECT `OR_ID`,`OR_Name` FROM `tb_options_rec` WHERE `OR_FID` = 7 ORDER BY OR_ID ASC  [ RunTime:0.0004s ]
SQL: SELECT `OR_ID`,`OR_Name` FROM `tb_options_rec` WHERE `OR_FID` = 8 ORDER BY OR_ID ASC  [ RunTime:0.0004s ]
SQL: SELECT * FROM `tb_format_option` WHERE `FO_GID` = 9 ORDER BY FO_ID ASC  [ RunTime:0.0007s ]

