执行日期：2018-01-29-15：25：50
【接收到的notify通知】:
<xml><appid><![CDATA[wxb85cd7886ea51c08]]></appid>
<bank_type><![CDATA[CFT]]></bank_type>
<cash_fee><![CDATA[1]]></cash_fee>
<fee_type><![CDATA[CNY]]></fee_type>
<is_subscribe><![CDATA[Y]]></is_subscribe>
<mch_id><![CDATA[1337198201]]></mch_id>
<nonce_str><![CDATA[nugoj1mk9juqifj3ls6103tpmlna3pug]]></nonce_str>
<openid><![CDATA[ojI7EvwvXOvdQqSn05eeISfR7Pc0]]></openid>
<out_trade_no><![CDATA[YK999999112]]></out_trade_no>
<result_code><![CDATA[SUCCESS]]></result_code>
<return_code><![CDATA[SUCCESS]]></return_code>
<sign><![CDATA[8313994C5087A1E50314F9031A997C7F]]></sign>
<time_end><![CDATA[20180129152549]]></time_end>
<total_fee>1</total_fee>
<trade_type><![CDATA[JSAPI]]></trade_type>
<transaction_id><![CDATA[4200000072201801292994174824]]></transaction_id>
</xml>


执行日期：2018-02-01-10：54：38
【接收到的notify通知】:
<xml><appid><![CDATA[wxb85cd7886ea51c08]]></appid>
<bank_type><![CDATA[CFT]]></bank_type>
<cash_fee><![CDATA[1]]></cash_fee>
<fee_type><![CDATA[CNY]]></fee_type>
<is_subscribe><![CDATA[Y]]></is_subscribe>
<mch_id><![CDATA[1337198201]]></mch_id>
<nonce_str><![CDATA[egok8luj9qehe1oa6k965cilviqo0wnp]]></nonce_str>
<openid><![CDATA[ojI7EvwvXOvdQqSn05eeISfR7Pc0]]></openid>
<out_trade_no><![CDATA[YK22022]]></out_trade_no>
<result_code><![CDATA[SUCCESS]]></result_code>
<return_code><![CDATA[SUCCESS]]></return_code>
<sign><![CDATA[062B05D299602EECA1C82D711E64731B]]></sign>
<time_end><![CDATA[20180201105438]]></time_end>
<total_fee>1</total_fee>
<trade_type><![CDATA[JSAPI]]></trade_type>
<transaction_id><![CDATA[4200000068201802014643794103]]></transaction_id>
</xml>


执行日期：2018-02-01-10：54：48
【接收到的notify通知】:
<xml><appid><![CDATA[wxb85cd7886ea51c08]]></appid>
<bank_type><![CDATA[CFT]]></bank_type>
<cash_fee><![CDATA[1]]></cash_fee>
<fee_type><![CDATA[CNY]]></fee_type>
<is_subscribe><![CDATA[Y]]></is_subscribe>
<mch_id><![CDATA[1337198201]]></mch_id>
<nonce_str><![CDATA[egok8luj9qehe1oa6k965cilviqo0wnp]]></nonce_str>
<openid><![CDATA[ojI7EvwvXOvdQqSn05eeISfR7Pc0]]></openid>
<out_trade_no><![CDATA[YK22022]]></out_trade_no>
<result_code><![CDATA[SUCCESS]]></result_code>
<return_code><![CDATA[SUCCESS]]></return_code>
<sign><![CDATA[062B05D299602EECA1C82D711E64731B]]></sign>
<time_end><![CDATA[20180201105438]]></time_end>
<total_fee>1</total_fee>
<trade_type><![CDATA[JSAPI]]></trade_type>
<transaction_id><![CDATA[4200000068201802014643794103]]></transaction_id>
</xml>


执行日期：2018-02-01-10：55：05
【接收到的notify通知】:
<xml><appid><![CDATA[wxb85cd7886ea51c08]]></appid>
<bank_type><![CDATA[CFT]]></bank_type>
<cash_fee><![CDATA[1]]></cash_fee>
<fee_type><![CDATA[CNY]]></fee_type>
<is_subscribe><![CDATA[Y]]></is_subscribe>
<mch_id><![CDATA[1337198201]]></mch_id>
<nonce_str><![CDATA[egok8luj9qehe1oa6k965cilviqo0wnp]]></nonce_str>
<openid><![CDATA[ojI7EvwvXOvdQqSn05eeISfR7Pc0]]></openid>
<out_trade_no><![CDATA[YK22022]]></out_trade_no>
<result_code><![CDATA[SUCCESS]]></result_code>
<return_code><![CDATA[SUCCESS]]></return_code>
<sign><![CDATA[062B05D299602EECA1C82D711E64731B]]></sign>
<time_end><![CDATA[20180201105438]]></time_end>
<total_fee>1</total_fee>
<trade_type><![CDATA[JSAPI]]></trade_type>
<transaction_id><![CDATA[4200000068201802014643794103]]></transaction_id>
</xml>


执行日期：2018-02-01-10：55：38
【接收到的notify通知】:
<xml><appid><![CDATA[wxb85cd7886ea51c08]]></appid>
<bank_type><![CDATA[CFT]]></bank_type>
<cash_fee><![CDATA[1]]></cash_fee>
<fee_type><![CDATA[CNY]]></fee_type>
<is_subscribe><![CDATA[Y]]></is_subscribe>
<mch_id><![CDATA[1337198201]]></mch_id>
<nonce_str><![CDATA[egok8luj9qehe1oa6k965cilviqo0wnp]]></nonce_str>
<openid><![CDATA[ojI7EvwvXOvdQqSn05eeISfR7Pc0]]></openid>
<out_trade_no><![CDATA[YK22022]]></out_trade_no>
<result_code><![CDATA[SUCCESS]]></result_code>
<return_code><![CDATA[SUCCESS]]></return_code>
<sign><![CDATA[062B05D299602EECA1C82D711E64731B]]></sign>
<time_end><![CDATA[20180201105438]]></time_end>
<total_fee>1</total_fee>
<trade_type><![CDATA[JSAPI]]></trade_type>
<transaction_id><![CDATA[4200000068201802014643794103]]></transaction_id>
</xml>


执行日期：2018-02-01-10：58：39
【接收到的notify通知】:
<xml><appid><![CDATA[wxb85cd7886ea51c08]]></appid>
<bank_type><![CDATA[CFT]]></bank_type>
<cash_fee><![CDATA[1]]></cash_fee>
<fee_type><![CDATA[CNY]]></fee_type>
<is_subscribe><![CDATA[Y]]></is_subscribe>
<mch_id><![CDATA[1337198201]]></mch_id>
<nonce_str><![CDATA[egok8luj9qehe1oa6k965cilviqo0wnp]]></nonce_str>
<openid><![CDATA[ojI7EvwvXOvdQqSn05eeISfR7Pc0]]></openid>
<out_trade_no><![CDATA[YK22022]]></out_trade_no>
<result_code><![CDATA[SUCCESS]]></result_code>
<return_code><![CDATA[SUCCESS]]></return_code>
<sign><![CDATA[062B05D299602EECA1C82D711E64731B]]></sign>
<time_end><![CDATA[20180201105438]]></time_end>
<total_fee>1</total_fee>
<trade_type><![CDATA[JSAPI]]></trade_type>
<transaction_id><![CDATA[4200000068201802014643794103]]></transaction_id>
</xml>


执行日期：2018-02-01-11：28：41
【接收到的notify通知】:
<xml><appid><![CDATA[wxb85cd7886ea51c08]]></appid>
<bank_type><![CDATA[CFT]]></bank_type>
<cash_fee><![CDATA[1]]></cash_fee>
<fee_type><![CDATA[CNY]]></fee_type>
<is_subscribe><![CDATA[Y]]></is_subscribe>
<mch_id><![CDATA[1337198201]]></mch_id>
<nonce_str><![CDATA[egok8luj9qehe1oa6k965cilviqo0wnp]]></nonce_str>
<openid><![CDATA[ojI7EvwvXOvdQqSn05eeISfR7Pc0]]></openid>
<out_trade_no><![CDATA[YK22022]]></out_trade_no>
<result_code><![CDATA[SUCCESS]]></result_code>
<return_code><![CDATA[SUCCESS]]></return_code>
<sign><![CDATA[062B05D299602EECA1C82D711E64731B]]></sign>
<time_end><![CDATA[20180201105438]]></time_end>
<total_fee>1</total_fee>
<trade_type><![CDATA[JSAPI]]></trade_type>
<transaction_id><![CDATA[4200000068201802014643794103]]></transaction_id>
</xml>


执行日期：2018-02-01-11：58：44
【接收到的notify通知】:
<xml><appid><![CDATA[wxb85cd7886ea51c08]]></appid>
<bank_type><![CDATA[CFT]]></bank_type>
<cash_fee><![CDATA[1]]></cash_fee>
<fee_type><![CDATA[CNY]]></fee_type>
<is_subscribe><![CDATA[Y]]></is_subscribe>
<mch_id><![CDATA[1337198201]]></mch_id>
<nonce_str><![CDATA[egok8luj9qehe1oa6k965cilviqo0wnp]]></nonce_str>
<openid><![CDATA[ojI7EvwvXOvdQqSn05eeISfR7Pc0]]></openid>
<out_trade_no><![CDATA[YK22022]]></out_trade_no>
<result_code><![CDATA[SUCCESS]]></result_code>
<return_code><![CDATA[SUCCESS]]></return_code>
<sign><![CDATA[062B05D299602EECA1C82D711E64731B]]></sign>
<time_end><![CDATA[20180201105438]]></time_end>
<total_fee>1</total_fee>
<trade_type><![CDATA[JSAPI]]></trade_type>
<transaction_id><![CDATA[4200000068201802014643794103]]></transaction_id>
</xml>


执行日期：2018-02-01-12：28：45
【接收到的notify通知】:
<xml><appid><![CDATA[wxb85cd7886ea51c08]]></appid>
<bank_type><![CDATA[CFT]]></bank_type>
<cash_fee><![CDATA[1]]></cash_fee>
<fee_type><![CDATA[CNY]]></fee_type>
<is_subscribe><![CDATA[Y]]></is_subscribe>
<mch_id><![CDATA[1337198201]]></mch_id>
<nonce_str><![CDATA[egok8luj9qehe1oa6k965cilviqo0wnp]]></nonce_str>
<openid><![CDATA[ojI7EvwvXOvdQqSn05eeISfR7Pc0]]></openid>
<out_trade_no><![CDATA[YK22022]]></out_trade_no>
<result_code><![CDATA[SUCCESS]]></result_code>
<return_code><![CDATA[SUCCESS]]></return_code>
<sign><![CDATA[062B05D299602EECA1C82D711E64731B]]></sign>
<time_end><![CDATA[20180201105438]]></time_end>
<total_fee>1</total_fee>
<trade_type><![CDATA[JSAPI]]></trade_type>
<transaction_id><![CDATA[4200000068201802014643794103]]></transaction_id>
</xml>


执行日期：2018-02-01-12：58：47
【接收到的notify通知】:
<xml><appid><![CDATA[wxb85cd7886ea51c08]]></appid>
<bank_type><![CDATA[CFT]]></bank_type>
<cash_fee><![CDATA[1]]></cash_fee>
<fee_type><![CDATA[CNY]]></fee_type>
<is_subscribe><![CDATA[Y]]></is_subscribe>
<mch_id><![CDATA[1337198201]]></mch_id>
<nonce_str><![CDATA[egok8luj9qehe1oa6k965cilviqo0wnp]]></nonce_str>
<openid><![CDATA[ojI7EvwvXOvdQqSn05eeISfR7Pc0]]></openid>
<out_trade_no><![CDATA[YK22022]]></out_trade_no>
<result_code><![CDATA[SUCCESS]]></result_code>
<return_code><![CDATA[SUCCESS]]></return_code>
<sign><![CDATA[062B05D299602EECA1C82D711E64731B]]></sign>
<time_end><![CDATA[20180201105438]]></time_end>
<total_fee>1</total_fee>
<trade_type><![CDATA[JSAPI]]></trade_type>
<transaction_id><![CDATA[4200000068201802014643794103]]></transaction_id>
</xml>


执行日期：2018-02-01-13：58：49
【接收到的notify通知】:
<xml><appid><![CDATA[wxb85cd7886ea51c08]]></appid>
<bank_type><![CDATA[CFT]]></bank_type>
<cash_fee><![CDATA[1]]></cash_fee>
<fee_type><![CDATA[CNY]]></fee_type>
<is_subscribe><![CDATA[Y]]></is_subscribe>
<mch_id><![CDATA[1337198201]]></mch_id>
<nonce_str><![CDATA[egok8luj9qehe1oa6k965cilviqo0wnp]]></nonce_str>
<openid><![CDATA[ojI7EvwvXOvdQqSn05eeISfR7Pc0]]></openid>
<out_trade_no><![CDATA[YK22022]]></out_trade_no>
<result_code><![CDATA[SUCCESS]]></result_code>
<return_code><![CDATA[SUCCESS]]></return_code>
<sign><![CDATA[062B05D299602EECA1C82D711E64731B]]></sign>
<time_end><![CDATA[20180201105438]]></time_end>
<total_fee>1</total_fee>
<trade_type><![CDATA[JSAPI]]></trade_type>
<transaction_id><![CDATA[4200000068201802014643794103]]></transaction_id>
</xml>


执行日期：2018-02-02-15：50：55
【接收到的notify通知】:
<xml><appid><![CDATA[wxb85cd7886ea51c08]]></appid>
<bank_type><![CDATA[CFT]]></bank_type>
<cash_fee><![CDATA[1]]></cash_fee>
<fee_type><![CDATA[CNY]]></fee_type>
<is_subscribe><![CDATA[Y]]></is_subscribe>
<mch_id><![CDATA[1337198201]]></mch_id>
<nonce_str><![CDATA[791l8nwyetnh2dszx0irp14njxuiox7d]]></nonce_str>
<openid><![CDATA[ojI7EvwvXOvdQqSn05eeISfR7Pc0]]></openid>
<out_trade_no><![CDATA[YK00900]]></out_trade_no>
<result_code><![CDATA[SUCCESS]]></result_code>
<return_code><![CDATA[SUCCESS]]></return_code>
<sign><![CDATA[D039300297286CAE15E269BBC7B07CFF]]></sign>
<time_end><![CDATA[20180202155055]]></time_end>
<total_fee>1</total_fee>
<trade_type><![CDATA[MWEB]]></trade_type>
<transaction_id><![CDATA[4200000064201802025573155900]]></transaction_id>
</xml>


执行日期：2018-02-02-15：51：06
【接收到的notify通知】:
<xml><appid><![CDATA[wxb85cd7886ea51c08]]></appid>
<bank_type><![CDATA[CFT]]></bank_type>
<cash_fee><![CDATA[1]]></cash_fee>
<fee_type><![CDATA[CNY]]></fee_type>
<is_subscribe><![CDATA[Y]]></is_subscribe>
<mch_id><![CDATA[1337198201]]></mch_id>
<nonce_str><![CDATA[791l8nwyetnh2dszx0irp14njxuiox7d]]></nonce_str>
<openid><![CDATA[ojI7EvwvXOvdQqSn05eeISfR7Pc0]]></openid>
<out_trade_no><![CDATA[YK00900]]></out_trade_no>
<result_code><![CDATA[SUCCESS]]></result_code>
<return_code><![CDATA[SUCCESS]]></return_code>
<sign><![CDATA[D039300297286CAE15E269BBC7B07CFF]]></sign>
<time_end><![CDATA[20180202155055]]></time_end>
<total_fee>1</total_fee>
<trade_type><![CDATA[MWEB]]></trade_type>
<transaction_id><![CDATA[4200000064201802025573155900]]></transaction_id>
</xml>


执行日期：2018-02-02-15：51：23
【接收到的notify通知】:
<xml><appid><![CDATA[wxb85cd7886ea51c08]]></appid>
<bank_type><![CDATA[CFT]]></bank_type>
<cash_fee><![CDATA[1]]></cash_fee>
<fee_type><![CDATA[CNY]]></fee_type>
<is_subscribe><![CDATA[Y]]></is_subscribe>
<mch_id><![CDATA[1337198201]]></mch_id>
<nonce_str><![CDATA[791l8nwyetnh2dszx0irp14njxuiox7d]]></nonce_str>
<openid><![CDATA[ojI7EvwvXOvdQqSn05eeISfR7Pc0]]></openid>
<out_trade_no><![CDATA[YK00900]]></out_trade_no>
<result_code><![CDATA[SUCCESS]]></result_code>
<return_code><![CDATA[SUCCESS]]></return_code>
<sign><![CDATA[D039300297286CAE15E269BBC7B07CFF]]></sign>
<time_end><![CDATA[20180202155055]]></time_end>
<total_fee>1</total_fee>
<trade_type><![CDATA[MWEB]]></trade_type>
<transaction_id><![CDATA[4200000064201802025573155900]]></transaction_id>
</xml>


执行日期：2018-02-02-15：51：56
【接收到的notify通知】:
<xml><appid><![CDATA[wxb85cd7886ea51c08]]></appid>
<bank_type><![CDATA[CFT]]></bank_type>
<cash_fee><![CDATA[1]]></cash_fee>
<fee_type><![CDATA[CNY]]></fee_type>
<is_subscribe><![CDATA[Y]]></is_subscribe>
<mch_id><![CDATA[1337198201]]></mch_id>
<nonce_str><![CDATA[791l8nwyetnh2dszx0irp14njxuiox7d]]></nonce_str>
<openid><![CDATA[ojI7EvwvXOvdQqSn05eeISfR7Pc0]]></openid>
<out_trade_no><![CDATA[YK00900]]></out_trade_no>
<result_code><![CDATA[SUCCESS]]></result_code>
<return_code><![CDATA[SUCCESS]]></return_code>
<sign><![CDATA[D039300297286CAE15E269BBC7B07CFF]]></sign>
<time_end><![CDATA[20180202155055]]></time_end>
<total_fee>1</total_fee>
<trade_type><![CDATA[MWEB]]></trade_type>
<transaction_id><![CDATA[4200000064201802025573155900]]></transaction_id>
</xml>


执行日期：2018-02-02-15：54：59
【接收到的notify通知】:
<xml><appid><![CDATA[wxb85cd7886ea51c08]]></appid>
<bank_type><![CDATA[CFT]]></bank_type>
<cash_fee><![CDATA[1]]></cash_fee>
<fee_type><![CDATA[CNY]]></fee_type>
<is_subscribe><![CDATA[Y]]></is_subscribe>
<mch_id><![CDATA[1337198201]]></mch_id>
<nonce_str><![CDATA[791l8nwyetnh2dszx0irp14njxuiox7d]]></nonce_str>
<openid><![CDATA[ojI7EvwvXOvdQqSn05eeISfR7Pc0]]></openid>
<out_trade_no><![CDATA[YK00900]]></out_trade_no>
<result_code><![CDATA[SUCCESS]]></result_code>
<return_code><![CDATA[SUCCESS]]></return_code>
<sign><![CDATA[D039300297286CAE15E269BBC7B07CFF]]></sign>
<time_end><![CDATA[20180202155055]]></time_end>
<total_fee>1</total_fee>
<trade_type><![CDATA[MWEB]]></trade_type>
<transaction_id><![CDATA[4200000064201802025573155900]]></transaction_id>
</xml>


执行日期：2018-02-02-16：25：02
【接收到的notify通知】:
<xml><appid><![CDATA[wxb85cd7886ea51c08]]></appid>
<bank_type><![CDATA[CFT]]></bank_type>
<cash_fee><![CDATA[1]]></cash_fee>
<fee_type><![CDATA[CNY]]></fee_type>
<is_subscribe><![CDATA[Y]]></is_subscribe>
<mch_id><![CDATA[1337198201]]></mch_id>
<nonce_str><![CDATA[791l8nwyetnh2dszx0irp14njxuiox7d]]></nonce_str>
<openid><![CDATA[ojI7EvwvXOvdQqSn05eeISfR7Pc0]]></openid>
<out_trade_no><![CDATA[YK00900]]></out_trade_no>
<result_code><![CDATA[SUCCESS]]></result_code>
<return_code><![CDATA[SUCCESS]]></return_code>
<sign><![CDATA[D039300297286CAE15E269BBC7B07CFF]]></sign>
<time_end><![CDATA[20180202155055]]></time_end>
<total_fee>1</total_fee>
<trade_type><![CDATA[MWEB]]></trade_type>
<transaction_id><![CDATA[4200000064201802025573155900]]></transaction_id>
</xml>


执行日期：2018-02-02-16：55：03
【接收到的notify通知】:
<xml><appid><![CDATA[wxb85cd7886ea51c08]]></appid>
<bank_type><![CDATA[CFT]]></bank_type>
<cash_fee><![CDATA[1]]></cash_fee>
<fee_type><![CDATA[CNY]]></fee_type>
<is_subscribe><![CDATA[Y]]></is_subscribe>
<mch_id><![CDATA[1337198201]]></mch_id>
<nonce_str><![CDATA[791l8nwyetnh2dszx0irp14njxuiox7d]]></nonce_str>
<openid><![CDATA[ojI7EvwvXOvdQqSn05eeISfR7Pc0]]></openid>
<out_trade_no><![CDATA[YK00900]]></out_trade_no>
<result_code><![CDATA[SUCCESS]]></result_code>
<return_code><![CDATA[SUCCESS]]></return_code>
<sign><![CDATA[D039300297286CAE15E269BBC7B07CFF]]></sign>
<time_end><![CDATA[20180202155055]]></time_end>
<total_fee>1</total_fee>
<trade_type><![CDATA[MWEB]]></trade_type>
<transaction_id><![CDATA[4200000064201802025573155900]]></transaction_id>
</xml>


执行日期：2018-02-02-17：25：06
【接收到的notify通知】:
<xml><appid><![CDATA[wxb85cd7886ea51c08]]></appid>
<bank_type><![CDATA[CFT]]></bank_type>
<cash_fee><![CDATA[1]]></cash_fee>
<fee_type><![CDATA[CNY]]></fee_type>
<is_subscribe><![CDATA[Y]]></is_subscribe>
<mch_id><![CDATA[1337198201]]></mch_id>
<nonce_str><![CDATA[791l8nwyetnh2dszx0irp14njxuiox7d]]></nonce_str>
<openid><![CDATA[ojI7EvwvXOvdQqSn05eeISfR7Pc0]]></openid>
<out_trade_no><![CDATA[YK00900]]></out_trade_no>
<result_code><![CDATA[SUCCESS]]></result_code>
<return_code><![CDATA[SUCCESS]]></return_code>
<sign><![CDATA[D039300297286CAE15E269BBC7B07CFF]]></sign>
<time_end><![CDATA[20180202155055]]></time_end>
<total_fee>1</total_fee>
<trade_type><![CDATA[MWEB]]></trade_type>
<transaction_id><![CDATA[4200000064201802025573155900]]></transaction_id>
</xml>


执行日期：2018-02-02-17：55：08
【接收到的notify通知】:
<xml><appid><![CDATA[wxb85cd7886ea51c08]]></appid>
<bank_type><![CDATA[CFT]]></bank_type>
<cash_fee><![CDATA[1]]></cash_fee>
<fee_type><![CDATA[CNY]]></fee_type>
<is_subscribe><![CDATA[Y]]></is_subscribe>
<mch_id><![CDATA[1337198201]]></mch_id>
<nonce_str><![CDATA[791l8nwyetnh2dszx0irp14njxuiox7d]]></nonce_str>
<openid><![CDATA[ojI7EvwvXOvdQqSn05eeISfR7Pc0]]></openid>
<out_trade_no><![CDATA[YK00900]]></out_trade_no>
<result_code><![CDATA[SUCCESS]]></result_code>
<return_code><![CDATA[SUCCESS]]></return_code>
<sign><![CDATA[D039300297286CAE15E269BBC7B07CFF]]></sign>
<time_end><![CDATA[20180202155055]]></time_end>
<total_fee>1</total_fee>
<trade_type><![CDATA[MWEB]]></trade_type>
<transaction_id><![CDATA[4200000064201802025573155900]]></transaction_id>
</xml>


执行日期：2018-02-02-18：55：12
【接收到的notify通知】:
<xml><appid><![CDATA[wxb85cd7886ea51c08]]></appid>
<bank_type><![CDATA[CFT]]></bank_type>
<cash_fee><![CDATA[1]]></cash_fee>
<fee_type><![CDATA[CNY]]></fee_type>
<is_subscribe><![CDATA[Y]]></is_subscribe>
<mch_id><![CDATA[1337198201]]></mch_id>
<nonce_str><![CDATA[791l8nwyetnh2dszx0irp14njxuiox7d]]></nonce_str>
<openid><![CDATA[ojI7EvwvXOvdQqSn05eeISfR7Pc0]]></openid>
<out_trade_no><![CDATA[YK00900]]></out_trade_no>
<result_code><![CDATA[SUCCESS]]></result_code>
<return_code><![CDATA[SUCCESS]]></return_code>
<sign><![CDATA[D039300297286CAE15E269BBC7B07CFF]]></sign>
<time_end><![CDATA[20180202155055]]></time_end>
<total_fee>1</total_fee>
<trade_type><![CDATA[MWEB]]></trade_type>
<transaction_id><![CDATA[4200000064201802025573155900]]></transaction_id>
</xml>


