[ 2017-10-09T09:00:57+08:00 ] 192.168.32.109 /ceshitpzhuanyong_xuniji/
INFO: [ app_init ] --START--
INFO: Run Behavior\BuildLiteBehavior [ RunTime:0.000060s ]
INFO: [ app_init ] --END-- [ RunTime:0.000708s ]
INFO: [ app_begin ] --START--
INFO: Run Behavior\ReadHtmlCacheBehavior [ RunTime:0.011393s ]
INFO: [ app_begin ] --END-- [ RunTime:0.011467s ]
INFO: [ view_parse ] --START--
INFO: [ template_filter ] --START--
INFO: Run Behavior\ContentReplaceBehavior [ RunTime:0.000048s ]
INFO: [ template_filter ] --END-- [ RunTime:0.000123s ]
INFO: Run Behavior\ParseTemplateBehavior [ RunTime:0.033343s ]
INFO: [ view_parse ] --END-- [ RunTime:0.033457s ]
INFO: [ view_filter ] --START--
INFO: Run Behavior\WriteHtmlCacheBehavior [ RunTime:0.000213s ]
INFO: [ view_filter ] --END-- [ RunTime:0.000251s ]
INFO: [ app_end ] --START--
INFO: Run Behavior\ShowPageTraceBehavior [ RunTime:0.008196s ]
INFO: [ app_end ] --END-- [ RunTime:0.008266s ]

[ 2017-10-09T09:01:41+08:00 ] 192.168.32.109 /ceshitpzhuanyong_xuniji/
INFO: [ app_init ] --START--
INFO: Run Behavior\BuildLiteBehavior [ RunTime:0.000020s ]
INFO: [ app_init ] --END-- [ RunTime:0.016040s ]
INFO: [ app_begin ] --START--
INFO: Run Behavior\ReadHtmlCacheBehavior [ RunTime:0.001035s ]
INFO: [ app_begin ] --END-- [ RunTime:0.001085s ]
INFO: [ view_parse ] --START--
INFO: [ template_filter ] --START--
INFO: Run Behavior\ContentReplaceBehavior [ RunTime:0.000027s ]
INFO: [ template_filter ] --END-- [ RunTime:0.000078s ]
INFO: Run Behavior\ParseTemplateBehavior [ RunTime:0.008569s ]
INFO: [ view_parse ] --END-- [ RunTime:0.008643s ]
INFO: [ view_filter ] --START--
INFO: Run Behavior\WriteHtmlCacheBehavior [ RunTime:0.000176s ]
INFO: [ view_filter ] --END-- [ RunTime:0.000206s ]
INFO: [ app_end ] --START--
INFO: Run Behavior\ShowPageTraceBehavior [ RunTime:0.000472s ]
INFO: [ app_end ] --END-- [ RunTime:0.000506s ]

[ 2017-10-09T09:02:03+08:00 ] 192.168.32.109 /ceshitpzhuanyong_xuniji/index.php?c=Ceshi&a=redis
INFO: [ app_init ] --START--
INFO: Run Behavior\BuildLiteBehavior [ RunTime:0.000016s ]
INFO: [ app_init ] --END-- [ RunTime:0.000920s ]
INFO: [ app_begin ] --START--
INFO: Run Behavior\ReadHtmlCacheBehavior [ RunTime:0.000867s ]
INFO: [ app_begin ] --END-- [ RunTime:0.000918s ]
INFO: [ view_parse ] --START--
INFO: [ template_filter ] --START--
INFO: Run Behavior\ContentReplaceBehavior [ RunTime:0.000034s ]
INFO: [ template_filter ] --END-- [ RunTime:0.000096s ]
INFO: Run Behavior\ParseTemplateBehavior [ RunTime:0.011847s ]
INFO: [ view_parse ] --END-- [ RunTime:0.011934s ]
INFO: [ view_filter ] --START--
INFO: Run Behavior\WriteHtmlCacheBehavior [ RunTime:0.000161s ]
INFO: [ view_filter ] --END-- [ RunTime:0.000192s ]
INFO: [ app_end ] --START--
INFO: Run Behavior\ShowPageTraceBehavior [ RunTime:0.000762s ]
INFO: [ app_end ] --END-- [ RunTime:0.000805s ]

[ 2017-10-09T09:02:06+08:00 ] 192.168.32.109 /ceshitpzhuanyong_xuniji/index.php?c=Ceshi&a=redis
INFO: [ app_init ] --START--
INFO: Run Behavior\BuildLiteBehavior [ RunTime:0.000017s ]
INFO: [ app_init ] --END-- [ RunTime:0.000509s ]
INFO: [ app_begin ] --START--
INFO: Run Behavior\ReadHtmlCacheBehavior [ RunTime:0.000639s ]
INFO: [ app_begin ] --END-- [ RunTime:0.000704s ]
INFO: [ view_parse ] --START--
INFO: [ template_filter ] --START--
INFO: Run Behavior\ContentReplaceBehavior [ RunTime:0.000035s ]
INFO: [ template_filter ] --END-- [ RunTime:0.000101s ]
INFO: Run Behavior\ParseTemplateBehavior [ RunTime:0.007541s ]
INFO: [ view_parse ] --END-- [ RunTime:0.007596s ]
INFO: [ view_filter ] --START--
INFO: Run Behavior\WriteHtmlCacheBehavior [ RunTime:0.000178s ]
INFO: [ view_filter ] --END-- [ RunTime:0.000214s ]
INFO: [ app_end ] --START--
INFO: Run Behavior\ShowPageTraceBehavior [ RunTime:0.000694s ]
INFO: [ app_end ] --END-- [ RunTime:0.000722s ]

[ 2017-10-09T09:05:05+08:00 ] 192.168.32.109 /ceshitpzhuanyong_xuniji/index.php?c=Ceshi&a=redis
INFO: [ app_init ] --START--
INFO: Run Behavior\BuildLiteBehavior [ RunTime:0.000010s ]
INFO: [ app_init ] --END-- [ RunTime:0.000523s ]
INFO: [ app_begin ] --START--
INFO: Run Behavior\ReadHtmlCacheBehavior [ RunTime:0.000337s ]
INFO: [ app_begin ] --END-- [ RunTime:0.000362s ]
ERR: Class 'Think\Redis' not found

[ 2017-10-09T09:05:10+08:00 ] 192.168.32.109 /ceshitpzhuanyong_xuniji/index.php?c=Ceshi&a=redis
INFO: [ app_init ] --START--
INFO: Run Behavior\BuildLiteBehavior [ RunTime:0.000012s ]
INFO: [ app_init ] --END-- [ RunTime:0.000310s ]
INFO: [ app_begin ] --START--
INFO: Run Behavior\ReadHtmlCacheBehavior [ RunTime:0.000429s ]
INFO: [ app_begin ] --END-- [ RunTime:0.000465s ]
ERR: Class 'Home\Controller\Think\Redis' not found

[ 2017-10-09T09:05:10+08:00 ] 192.168.32.109 /ceshitpzhuanyong_xuniji/index.php?c=Ceshi&a=redis
INFO: [ app_init ] --START--
INFO: Run Behavior\BuildLiteBehavior [ RunTime:0.000008s ]
INFO: [ app_init ] --END-- [ RunTime:0.000376s ]
INFO: [ app_begin ] --START--
INFO: Run Behavior\ReadHtmlCacheBehavior [ RunTime:0.000240s ]
INFO: [ app_begin ] --END-- [ RunTime:0.000263s ]
ERR: Class 'Home\Controller\Think\Redis' not found

[ 2017-10-09T09:06:09+08:00 ] 192.168.32.109 /ceshitpzhuanyong_xuniji/index.php?c=Ceshi&a=redis
INFO: [ app_init ] --START--
INFO: Run Behavior\BuildLiteBehavior [ RunTime:0.000010s ]
INFO: [ app_init ] --END-- [ RunTime:0.000270s ]
INFO: [ app_begin ] --START--
INFO: Run Behavior\ReadHtmlCacheBehavior [ RunTime:0.000349s ]
INFO: [ app_begin ] --END-- [ RunTime:0.000373s ]
ERR: syntax error, unexpected '=>' (T_DOUBLE_ARROW), expecting ',' or ')'

[ 2017-10-09T09:06:26+08:00 ] 192.168.32.109 /ceshitpzhuanyong_xuniji/index.php?c=Ceshi&a=redis
INFO: [ app_init ] --START--
INFO: Run Behavior\BuildLiteBehavior [ RunTime:0.000010s ]
INFO: [ app_init ] --END-- [ RunTime:0.000364s ]
INFO: [ app_begin ] --START--
INFO: Run Behavior\ReadHtmlCacheBehavior [ RunTime:0.000498s ]
INFO: [ app_begin ] --END-- [ RunTime:0.000523s ]
INFO: [ view_parse ] --START--
INFO: [ template_filter ] --START--
INFO: Run Behavior\ContentReplaceBehavior [ RunTime:0.000031s ]
INFO: [ template_filter ] --END-- [ RunTime:0.000088s ]
INFO: Run Behavior\ParseTemplateBehavior [ RunTime:0.013802s ]
INFO: [ view_parse ] --END-- [ RunTime:0.013919s ]
INFO: [ view_filter ] --START--
INFO: Run Behavior\WriteHtmlCacheBehavior [ RunTime:0.000171s ]
INFO: [ view_filter ] --END-- [ RunTime:0.000196s ]
INFO: [ app_end ] --START--
INFO: Run Behavior\ShowPageTraceBehavior [ RunTime:0.000506s ]
INFO: [ app_end ] --END-- [ RunTime:0.000537s ]

[ 2017-10-09T09:13:41+08:00 ] 192.168.32.109 /ceshitpzhuanyong_xuniji/index.php?c=Ceshi&a=redis
INFO: [ app_init ] --START--
INFO: Run Behavior\BuildLiteBehavior [ RunTime:0.000015s ]
INFO: [ app_init ] --END-- [ RunTime:0.000680s ]
INFO: [ app_begin ] --START--
INFO: Run Behavior\ReadHtmlCacheBehavior [ RunTime:0.000606s ]
INFO: [ app_begin ] --END-- [ RunTime:0.000698s ]
INFO: [ view_parse ] --START--
INFO: [ template_filter ] --START--
INFO: Run Behavior\ContentReplaceBehavior [ RunTime:0.000031s ]
INFO: [ template_filter ] --END-- [ RunTime:0.000082s ]
INFO: Run Behavior\ParseTemplateBehavior [ RunTime:0.008994s ]
INFO: [ view_parse ] --END-- [ RunTime:0.009068s ]
INFO: [ view_filter ] --START--
INFO: Run Behavior\WriteHtmlCacheBehavior [ RunTime:0.000169s ]
INFO: [ view_filter ] --END-- [ RunTime:0.000193s ]
INFO: [ app_end ] --START--
INFO: Run Behavior\ShowPageTraceBehavior [ RunTime:0.000422s ]
INFO: [ app_end ] --END-- [ RunTime:0.000454s ]

[ 2017-10-09T09:14:00+08:00 ] 192.168.32.109 /ceshitpzhuanyong_xuniji/index.php?c=Ceshi&a=redis
INFO: [ app_init ] --START--
INFO: Run Behavior\BuildLiteBehavior [ RunTime:0.000011s ]
INFO: [ app_init ] --END-- [ RunTime:0.000448s ]
INFO: [ app_begin ] --START--
INFO: Run Behavior\ReadHtmlCacheBehavior [ RunTime:0.000547s ]
INFO: [ app_begin ] --END-- [ RunTime:0.000580s ]
INFO: [ view_parse ] --START--
INFO: [ template_filter ] --START--
INFO: Run Behavior\ContentReplaceBehavior [ RunTime:0.000021s ]
INFO: [ template_filter ] --END-- [ RunTime:0.000057s ]
INFO: Run Behavior\ParseTemplateBehavior [ RunTime:0.004318s ]
INFO: [ view_parse ] --END-- [ RunTime:0.004359s ]
INFO: [ view_filter ] --START--
INFO: Run Behavior\WriteHtmlCacheBehavior [ RunTime:0.000088s ]
INFO: [ view_filter ] --END-- [ RunTime:0.000105s ]
INFO: [ app_end ] --START--
INFO: Run Behavior\ShowPageTraceBehavior [ RunTime:0.000373s ]
INFO: [ app_end ] --END-- [ RunTime:0.000396s ]

[ 2017-10-09T09:14:07+08:00 ] 192.168.32.109 /ceshitpzhuanyong_xuniji/index.php?c=Ceshi&a=redis
INFO: [ app_init ] --START--
INFO: Run Behavior\BuildLiteBehavior [ RunTime:0.000028s ]
INFO: [ app_init ] --END-- [ RunTime:0.001802s ]
INFO: [ app_begin ] --START--
INFO: Run Behavior\ReadHtmlCacheBehavior [ RunTime:0.001705s ]
INFO: [ app_begin ] --END-- [ RunTime:0.001800s ]
INFO: [ view_parse ] --START--
INFO: [ template_filter ] --START--
INFO: Run Behavior\ContentReplaceBehavior [ RunTime:0.000026s ]
INFO: [ template_filter ] --END-- [ RunTime:0.000079s ]
INFO: Run Behavior\ParseTemplateBehavior [ RunTime:0.012244s ]
INFO: [ view_parse ] --END-- [ RunTime:0.012377s ]
INFO: [ view_filter ] --START--
INFO: Run Behavior\WriteHtmlCacheBehavior [ RunTime:0.000125s ]
INFO: [ view_filter ] --END-- [ RunTime:0.000150s ]
INFO: [ app_end ] --START--
INFO: Run Behavior\ShowPageTraceBehavior [ RunTime:0.000486s ]
INFO: [ app_end ] --END-- [ RunTime:0.000514s ]

[ 2017-10-09T09:21:16+08:00 ] 192.168.32.109 /ceshitpzhuanyong_xuniji/index.php?c=Ceshi&a=redis
INFO: [ app_init ] --START--
INFO: Run Behavior\BuildLiteBehavior [ RunTime:0.000009s ]
INFO: [ app_init ] --END-- [ RunTime:0.000271s ]
INFO: [ app_begin ] --START--
INFO: Run Behavior\ReadHtmlCacheBehavior [ RunTime:0.000338s ]
INFO: [ app_begin ] --END-- [ RunTime:0.000361s ]
NOTIC: [2] Redis::brpoplpush() expects exactly 3 parameters, 1 given /usr/local/apache2/htdocs/ceshitpzhuanyong_xuniji/ThinkPHP/Library/Think/Cache.class.php 第 121 行.
INFO: [ view_parse ] --START--
INFO: [ template_filter ] --START--
INFO: Run Behavior\ContentReplaceBehavior [ RunTime:0.000024s ]
INFO: [ template_filter ] --END-- [ RunTime:0.000061s ]
INFO: Run Behavior\ParseTemplateBehavior [ RunTime:0.005799s ]
INFO: [ view_parse ] --END-- [ RunTime:0.006050s ]
INFO: [ view_filter ] --START--
INFO: Run Behavior\WriteHtmlCacheBehavior [ RunTime:0.000087s ]
INFO: [ view_filter ] --END-- [ RunTime:0.000103s ]
INFO: [ app_end ] --START--
INFO: Run Behavior\ShowPageTraceBehavior [ RunTime:0.000317s ]
INFO: [ app_end ] --END-- [ RunTime:0.000336s ]

[ 2017-10-09T09:21:17+08:00 ] 192.168.32.109 /ceshitpzhuanyong_xuniji/index.php?c=Ceshi&a=redis
INFO: [ app_init ] --START--
INFO: Run Behavior\BuildLiteBehavior [ RunTime:0.000012s ]
INFO: [ app_init ] --END-- [ RunTime:0.000459s ]
INFO: [ app_begin ] --START--
INFO: Run Behavior\ReadHtmlCacheBehavior [ RunTime:0.000690s ]
INFO: [ app_begin ] --END-- [ RunTime:0.000732s ]
NOTIC: [2] Redis::brpoplpush() expects exactly 3 parameters, 1 given /usr/local/apache2/htdocs/ceshitpzhuanyong_xuniji/ThinkPHP/Library/Think/Cache.class.php 第 121 行.
INFO: [ view_parse ] --START--
INFO: [ template_filter ] --START--
INFO: Run Behavior\ContentReplaceBehavior [ RunTime:0.000019s ]
INFO: [ template_filter ] --END-- [ RunTime:0.000052s ]
INFO: Run Behavior\ParseTemplateBehavior [ RunTime:0.004296s ]
INFO: [ view_parse ] --END-- [ RunTime:0.004323s ]
INFO: [ view_filter ] --START--
INFO: Run Behavior\WriteHtmlCacheBehavior [ RunTime:0.000080s ]
INFO: [ view_filter ] --END-- [ RunTime:0.000095s ]
INFO: [ app_end ] --START--
INFO: Run Behavior\ShowPageTraceBehavior [ RunTime:0.000395s ]
INFO: [ app_end ] --END-- [ RunTime:0.000417s ]

[ 2017-10-09T09:21:49+08:00 ] 192.168.32.109 /ceshitpzhuanyong_xuniji/index.php?c=Ceshi&a=redis
INFO: [ app_init ] --START--
INFO: Run Behavior\BuildLiteBehavior [ RunTime:0.000009s ]
INFO: [ app_init ] --END-- [ RunTime:0.000248s ]
INFO: [ app_begin ] --START--
INFO: Run Behavior\ReadHtmlCacheBehavior [ RunTime:0.000302s ]
INFO: [ app_begin ] --END-- [ RunTime:0.000325s ]
NOTIC: [2] Redis::lrange() expects exactly 3 parameters, 1 given /usr/local/apache2/htdocs/ceshitpzhuanyong_xuniji/ThinkPHP/Library/Think/Cache.class.php 第 121 行.
INFO: [ view_parse ] --START--
INFO: [ template_filter ] --START--
INFO: Run Behavior\ContentReplaceBehavior [ RunTime:0.000020s ]
INFO: [ template_filter ] --END-- [ RunTime:0.000069s ]
INFO: Run Behavior\ParseTemplateBehavior [ RunTime:0.004687s ]
INFO: [ view_parse ] --END-- [ RunTime:0.004711s ]
INFO: [ view_filter ] --START--
INFO: Run Behavior\WriteHtmlCacheBehavior [ RunTime:0.000136s ]
INFO: [ view_filter ] --END-- [ RunTime:0.000311s ]
INFO: [ app_end ] --START--
INFO: Run Behavior\ShowPageTraceBehavior [ RunTime:0.000282s ]
INFO: [ app_end ] --END-- [ RunTime:0.000301s ]

[ 2017-10-09T09:22:03+08:00 ] 192.168.32.109 /ceshitpzhuanyong_xuniji/index.php?c=Ceshi&a=redis
INFO: [ app_init ] --START--
INFO: Run Behavior\BuildLiteBehavior [ RunTime:0.000013s ]
INFO: [ app_init ] --END-- [ RunTime:0.000485s ]
INFO: [ app_begin ] --START--
INFO: Run Behavior\ReadHtmlCacheBehavior [ RunTime:0.000824s ]
INFO: [ app_begin ] --END-- [ RunTime:0.000867s ]
NOTIC: [2] Redis::lrem() expects at least 2 parameters, 1 given /usr/local/apache2/htdocs/ceshitpzhuanyong_xuniji/ThinkPHP/Library/Think/Cache.class.php 第 121 行.
INFO: [ view_parse ] --START--
INFO: [ template_filter ] --START--
INFO: Run Behavior\ContentReplaceBehavior [ RunTime:0.000020s ]
INFO: [ template_filter ] --END-- [ RunTime:0.000054s ]
INFO: Run Behavior\ParseTemplateBehavior [ RunTime:0.004181s ]
INFO: [ view_parse ] --END-- [ RunTime:0.004214s ]
INFO: [ view_filter ] --START--
INFO: Run Behavior\WriteHtmlCacheBehavior [ RunTime:0.000086s ]
INFO: [ view_filter ] --END-- [ RunTime:0.000104s ]
INFO: [ app_end ] --START--
INFO: Run Behavior\ShowPageTraceBehavior [ RunTime:0.000327s ]
INFO: [ app_end ] --END-- [ RunTime:0.000348s ]

[ 2017-10-09T09:25:14+08:00 ] 192.168.32.109 /ceshitpzhuanyong_xuniji/index.php?c=Ceshi&a=redis
INFO: [ app_init ] --START--
INFO: Run Behavior\BuildLiteBehavior [ RunTime:0.000024s ]
INFO: [ app_init ] --END-- [ RunTime:0.001488s ]
INFO: [ app_begin ] --START--
INFO: Run Behavior\ReadHtmlCacheBehavior [ RunTime:0.015090s ]
INFO: [ app_begin ] --END-- [ RunTime:0.015187s ]
ERR: Call to a member function set() on integer

[ 2017-10-09T09:25:22+08:00 ] 192.168.32.109 /ceshitpzhuanyong_xuniji/index.php?c=Ceshi&a=redis
INFO: [ app_init ] --START--
INFO: Run Behavior\BuildLiteBehavior [ RunTime:0.000014s ]
INFO: [ app_init ] --END-- [ RunTime:0.000361s ]
INFO: [ app_begin ] --START--
INFO: Run Behavior\ReadHtmlCacheBehavior [ RunTime:0.000493s ]
INFO: [ app_begin ] --END-- [ RunTime:0.000538s ]
ERR: Call to a member function set() on integer

[ 2017-10-09T09:25:34+08:00 ] 192.168.32.109 /ceshitpzhuanyong_xuniji/index.php?c=Ceshi&a=redis
INFO: [ app_init ] --START--
INFO: Run Behavior\BuildLiteBehavior [ RunTime:0.000013s ]
INFO: [ app_init ] --END-- [ RunTime:0.000414s ]
INFO: [ app_begin ] --START--
INFO: Run Behavior\ReadHtmlCacheBehavior [ RunTime:0.000794s ]
INFO: [ app_begin ] --END-- [ RunTime:0.000833s ]
INFO: [ view_parse ] --START--
INFO: [ template_filter ] --START--
INFO: Run Behavior\ContentReplaceBehavior [ RunTime:0.000033s ]
INFO: [ template_filter ] --END-- [ RunTime:0.000087s ]
INFO: Run Behavior\ParseTemplateBehavior [ RunTime:0.016322s ]
INFO: [ view_parse ] --END-- [ RunTime:0.016395s ]
INFO: [ view_filter ] --START--
INFO: Run Behavior\WriteHtmlCacheBehavior [ RunTime:0.000187s ]
INFO: [ view_filter ] --END-- [ RunTime:0.000216s ]
INFO: [ app_end ] --START--
INFO: Run Behavior\ShowPageTraceBehavior [ RunTime:0.000869s ]
INFO: [ app_end ] --END-- [ RunTime:0.000900s ]

[ 2017-10-09T10:00:52+08:00 ] 192.168.32.109 /ceshitpzhuanyong_xuniji/index.php?c=Ceshi&a=redis
INFO: [ app_init ] --START--
INFO: Run Behavior\BuildLiteBehavior [ RunTime:0.000073s ]
INFO: [ app_init ] --END-- [ RunTime:0.000542s ]
INFO: [ app_begin ] --START--
INFO: Run Behavior\ReadHtmlCacheBehavior [ RunTime:0.000643s ]
INFO: [ app_begin ] --END-- [ RunTime:0.000697s ]
INFO: [ view_parse ] --START--
INFO: [ template_filter ] --START--
INFO: Run Behavior\ContentReplaceBehavior [ RunTime:0.000050s ]
INFO: [ template_filter ] --END-- [ RunTime:0.000117s ]
INFO: Run Behavior\ParseTemplateBehavior [ RunTime:0.008914s ]
INFO: [ view_parse ] --END-- [ RunTime:0.008968s ]
INFO: [ view_filter ] --START--
INFO: Run Behavior\WriteHtmlCacheBehavior [ RunTime:0.000118s ]
INFO: [ view_filter ] --END-- [ RunTime:0.000135s ]
INFO: [ app_end ] --START--
INFO: Run Behavior\ShowPageTraceBehavior [ RunTime:0.000338s ]
INFO: [ app_end ] --END-- [ RunTime:0.000358s ]

[ 2017-10-09T10:00:53+08:00 ] 192.168.32.109 /ceshitpzhuanyong_xuniji/index.php?c=Ceshi&a=redis
INFO: [ app_init ] --START--
INFO: Run Behavior\BuildLiteBehavior [ RunTime:0.000020s ]
INFO: [ app_init ] --END-- [ RunTime:0.000612s ]
INFO: [ app_begin ] --START--
INFO: Run Behavior\ReadHtmlCacheBehavior [ RunTime:0.001660s ]
INFO: [ app_begin ] --END-- [ RunTime:0.002163s ]
INFO: [ view_parse ] --START--
INFO: [ template_filter ] --START--
INFO: Run Behavior\ContentReplaceBehavior [ RunTime:0.000020s ]
INFO: [ template_filter ] --END-- [ RunTime:0.000055s ]
INFO: Run Behavior\ParseTemplateBehavior [ RunTime:0.002948s ]
INFO: [ view_parse ] --END-- [ RunTime:0.002978s ]
INFO: [ view_filter ] --START--
INFO: Run Behavior\WriteHtmlCacheBehavior [ RunTime:0.000087s ]
INFO: [ view_filter ] --END-- [ RunTime:0.000104s ]
INFO: [ app_end ] --START--
INFO: Run Behavior\ShowPageTraceBehavior [ RunTime:0.000293s ]
INFO: [ app_end ] --END-- [ RunTime:0.000313s ]

[ 2017-10-09T20:07:34+08:00 ] 192.168.32.109 /ceshitpzhuanyong_xuniji/
INFO: [ app_init ] --START--
INFO: Run Behavior\BuildLiteBehavior [ RunTime:0.000026s ]
INFO: [ app_init ] --END-- [ RunTime:0.007112s ]
INFO: [ app_begin ] --START--
INFO: Run Behavior\ReadHtmlCacheBehavior [ RunTime:0.029505s ]
INFO: [ app_begin ] --END-- [ RunTime:0.029593s ]
INFO: [ view_parse ] --START--
INFO: [ template_filter ] --START--
INFO: Run Behavior\ContentReplaceBehavior [ RunTime:0.000096s ]
INFO: [ template_filter ] --END-- [ RunTime:0.000177s ]
INFO: Run Behavior\ParseTemplateBehavior [ RunTime:0.074019s ]
INFO: [ view_parse ] --END-- [ RunTime:0.081527s ]
INFO: [ view_filter ] --START--
INFO: Run Behavior\WriteHtmlCacheBehavior [ RunTime:0.000328s ]
INFO: [ view_filter ] --END-- [ RunTime:0.000373s ]
INFO: [ app_end ] --START--
INFO: Run Behavior\ShowPageTraceBehavior [ RunTime:0.005516s ]
INFO: [ app_end ] --END-- [ RunTime:0.005578s ]

[ 2017-10-09T20:07:34+08:00 ] 192.168.32.109 /ceshitpzhuanyong_xuniji/index.php/Home/Index/yzm.html
INFO: [ app_init ] --START--
INFO: Run Behavior\BuildLiteBehavior [ RunTime:0.000009s ]
INFO: [ app_init ] --END-- [ RunTime:0.000203s ]
INFO: [ app_begin ] --START--
INFO: Run Behavior\ReadHtmlCacheBehavior [ RunTime:0.001139s ]
INFO: [ app_begin ] --END-- [ RunTime:0.001230s ]
INFO: [ app_end ] --START--
INFO: Run Behavior\ShowPageTraceBehavior [ RunTime:0.002029s ]
INFO: [ app_end ] --END-- [ RunTime:0.002113s ]

[ 2017-10-09T20:07:49+08:00 ] 192.168.32.109 /ceshitpzhuanyong_xuniji/Home/Ceshi/xunsearch
INFO: [ app_init ] --START--
INFO: Run Behavior\BuildLiteBehavior [ RunTime:0.000015s ]
INFO: [ app_init ] --END-- [ RunTime:0.000280s ]
INFO: [ app_begin ] --START--
INFO: Run Behavior\ReadHtmlCacheBehavior [ RunTime:0.000787s ]
INFO: [ app_begin ] --END-- [ RunTime:0.000877s ]
INFO: [ view_parse ] --START--
INFO: [ template_filter ] --START--
INFO: Run Behavior\ContentReplaceBehavior [ RunTime:0.000023s ]
INFO: [ template_filter ] --END-- [ RunTime:0.000065s ]
INFO: Run Behavior\ParseTemplateBehavior [ RunTime:0.004111s ]
INFO: [ view_parse ] --END-- [ RunTime:0.004147s ]
INFO: [ view_filter ] --START--
INFO: Run Behavior\WriteHtmlCacheBehavior [ RunTime:0.000103s ]
INFO: [ view_filter ] --END-- [ RunTime:0.000124s ]
INFO: [ app_end ] --START--
INFO: Run Behavior\ShowPageTraceBehavior [ RunTime:0.000391s ]
INFO: [ app_end ] --END-- [ RunTime:0.000416s ]

[ 2017-10-09T20:13:12+08:00 ] 192.168.32.109 /ceshitpzhuanyong_xuniji/Home/Ceshi/xunsearch
INFO: [ app_init ] --START--
INFO: Run Behavior\BuildLiteBehavior [ RunTime:0.000012s ]
INFO: [ app_init ] --END-- [ RunTime:0.000329s ]
INFO: [ app_begin ] --START--
INFO: Run Behavior\ReadHtmlCacheBehavior [ RunTime:0.000436s ]
INFO: [ app_begin ] --END-- [ RunTime:0.000479s ]
INFO: [ view_parse ] --START--
INFO: [ template_filter ] --START--
INFO: Run Behavior\ContentReplaceBehavior [ RunTime:0.000078s ]
INFO: [ template_filter ] --END-- [ RunTime:0.000248s ]
INFO: Run Behavior\ParseTemplateBehavior [ RunTime:0.004792s ]
INFO: [ view_parse ] --END-- [ RunTime:0.004841s ]
INFO: [ view_filter ] --START--
INFO: Run Behavior\WriteHtmlCacheBehavior [ RunTime:0.000138s ]
INFO: [ view_filter ] --END-- [ RunTime:0.000164s ]
INFO: [ app_end ] --START--
INFO: Run Behavior\ShowPageTraceBehavior [ RunTime:0.000847s ]
INFO: [ app_end ] --END-- [ RunTime:0.000883s ]

[ 2017-10-09T20:13:13+08:00 ] 192.168.32.109 /ceshitpzhuanyong_xuniji/Home/Ceshi/xunsearch
INFO: [ app_init ] --START--
INFO: Run Behavior\BuildLiteBehavior [ RunTime:0.000011s ]
INFO: [ app_init ] --END-- [ RunTime:0.000264s ]
INFO: [ app_begin ] --START--
INFO: Run Behavior\ReadHtmlCacheBehavior [ RunTime:0.000372s ]
INFO: [ app_begin ] --END-- [ RunTime:0.000404s ]
INFO: [ view_parse ] --START--
INFO: [ template_filter ] --START--
INFO: Run Behavior\ContentReplaceBehavior [ RunTime:0.000019s ]
INFO: [ template_filter ] --END-- [ RunTime:0.000050s ]
INFO: Run Behavior\ParseTemplateBehavior [ RunTime:0.003203s ]
INFO: [ view_parse ] --END-- [ RunTime:0.003231s ]
INFO: [ view_filter ] --START--
INFO: Run Behavior\WriteHtmlCacheBehavior [ RunTime:0.000099s ]
INFO: [ view_filter ] --END-- [ RunTime:0.000119s ]
INFO: [ app_end ] --START--
INFO: Run Behavior\ShowPageTraceBehavior [ RunTime:0.000670s ]
INFO: [ app_end ] --END-- [ RunTime:0.000697s ]

[ 2017-10-09T20:15:30+08:00 ] 192.168.32.109 /ceshitpzhuanyong_xuniji/Home/Ceshi/xunsearch
INFO: [ app_init ] --START--
INFO: Run Behavior\BuildLiteBehavior [ RunTime:0.000008s ]
INFO: [ app_init ] --END-- [ RunTime:0.000217s ]
INFO: [ app_begin ] --START--
INFO: Run Behavior\ReadHtmlCacheBehavior [ RunTime:0.000253s ]
INFO: [ app_begin ] --END-- [ RunTime:0.000277s ]
INFO: [ view_parse ] --START--
INFO: [ template_filter ] --START--
INFO: Run Behavior\ContentReplaceBehavior [ RunTime:0.000020s ]
INFO: [ template_filter ] --END-- [ RunTime:0.000058s ]
INFO: Run Behavior\ParseTemplateBehavior [ RunTime:0.025952s ]
INFO: [ view_parse ] --END-- [ RunTime:0.026001s ]
INFO: [ view_filter ] --START--
INFO: Run Behavior\WriteHtmlCacheBehavior [ RunTime:0.000104s ]
INFO: [ view_filter ] --END-- [ RunTime:0.000121s ]
INFO: [ app_end ] --START--
INFO: Run Behavior\ShowPageTraceBehavior [ RunTime:0.000290s ]
INFO: [ app_end ] --END-- [ RunTime:0.000309s ]

[ 2017-10-09T20:15:33+08:00 ] 192.168.32.109 /ceshitpzhuanyong_xuniji/Home/Ceshi/xunsearch
INFO: [ app_init ] --START--
INFO: Run Behavior\BuildLiteBehavior [ RunTime:0.000009s ]
INFO: [ app_init ] --END-- [ RunTime:0.000204s ]
INFO: [ app_begin ] --START--
INFO: Run Behavior\ReadHtmlCacheBehavior [ RunTime:0.000289s ]
INFO: [ app_begin ] --END-- [ RunTime:0.000316s ]
INFO: [ view_parse ] --START--
INFO: [ template_filter ] --START--
INFO: Run Behavior\ContentReplaceBehavior [ RunTime:0.000017s ]
INFO: [ template_filter ] --END-- [ RunTime:0.000050s ]
INFO: Run Behavior\ParseTemplateBehavior [ RunTime:0.002593s ]
INFO: [ view_parse ] --END-- [ RunTime:0.002626s ]
INFO: [ view_filter ] --START--
INFO: Run Behavior\WriteHtmlCacheBehavior [ RunTime:0.000081s ]
INFO: [ view_filter ] --END-- [ RunTime:0.000097s ]
INFO: [ app_end ] --START--
INFO: Run Behavior\ShowPageTraceBehavior [ RunTime:0.000298s ]
INFO: [ app_end ] --END-- [ RunTime:0.000318s ]

[ 2017-10-09T21:30:42+08:00 ] 192.168.32.109 /ceshitpzhuanyong_xuniji/
INFO: [ app_init ] --START--
INFO: Run Behavior\BuildLiteBehavior [ RunTime:0.000028s ]
INFO: [ app_init ] --END-- [ RunTime:0.015377s ]
INFO: [ app_begin ] --START--
INFO: Run Behavior\ReadHtmlCacheBehavior [ RunTime:0.000579s ]
INFO: [ app_begin ] --END-- [ RunTime:0.000642s ]
INFO: [ view_parse ] --START--
INFO: [ template_filter ] --START--
INFO: Run Behavior\ContentReplaceBehavior [ RunTime:0.000089s ]
INFO: [ template_filter ] --END-- [ RunTime:0.000160s ]
INFO: Run Behavior\ParseTemplateBehavior [ RunTime:0.283721s ]
INFO: [ view_parse ] --END-- [ RunTime:0.283829s ]
INFO: [ view_filter ] --START--
INFO: Run Behavior\WriteHtmlCacheBehavior [ RunTime:0.000258s ]
INFO: [ view_filter ] --END-- [ RunTime:0.000292s ]
INFO: [ app_end ] --START--
INFO: Run Behavior\ShowPageTraceBehavior [ RunTime:0.017555s ]
INFO: [ app_end ] --END-- [ RunTime:0.017610s ]

[ 2017-10-09T21:30:42+08:00 ] 192.168.32.109 /ceshitpzhuanyong_xuniji/index.php/Home/Index/yzm.html
INFO: [ app_init ] --START--
INFO: Run Behavior\BuildLiteBehavior [ RunTime:0.000014s ]
INFO: [ app_init ] --END-- [ RunTime:0.000359s ]
INFO: [ app_begin ] --START--
INFO: Run Behavior\ReadHtmlCacheBehavior [ RunTime:0.000453s ]
INFO: [ app_begin ] --END-- [ RunTime:0.000498s ]
INFO: [ app_end ] --START--
INFO: Run Behavior\ShowPageTraceBehavior [ RunTime:0.000484s ]
INFO: [ app_end ] --END-- [ RunTime:0.000530s ]

[ 2017-10-09T21:30:46+08:00 ] 192.168.32.109 /ceshitpzhuanyong_xuniji/Home/Ceshi/xunsearch
INFO: [ app_init ] --START--
INFO: Run Behavior\BuildLiteBehavior [ RunTime:0.000012s ]
INFO: [ app_init ] --END-- [ RunTime:0.000266s ]
INFO: [ app_begin ] --START--
INFO: Run Behavior\ReadHtmlCacheBehavior [ RunTime:0.000316s ]
INFO: [ app_begin ] --END-- [ RunTime:0.000348s ]
ERR: Class 'Home\Controller\XS' not found

[ 2017-10-09T21:32:47+08:00 ] 192.168.32.109 /ceshitpzhuanyong_xuniji/Home/Ceshi/xunsearch
INFO: [ app_init ] --START--
INFO: Run Behavior\BuildLiteBehavior [ RunTime:0.000014s ]
INFO: [ app_init ] --END-- [ RunTime:0.028398s ]
INFO: [ app_begin ] --START--
INFO: Run Behavior\ReadHtmlCacheBehavior [ RunTime:0.000335s ]
INFO: [ app_begin ] --END-- [ RunTime:0.000401s ]
ERR: Class 'Home\Controller\XS' not found

[ 2017-10-09T21:32:48+08:00 ] 192.168.32.109 /ceshitpzhuanyong_xuniji/Home/Ceshi/xunsearch
INFO: [ app_init ] --START--
INFO: Run Behavior\BuildLiteBehavior [ RunTime:0.000011s ]
INFO: [ app_init ] --END-- [ RunTime:0.000290s ]
INFO: [ app_begin ] --START--
INFO: Run Behavior\ReadHtmlCacheBehavior [ RunTime:0.000419s ]
INFO: [ app_begin ] --END-- [ RunTime:0.000453s ]
ERR: Class 'Home\Controller\XS' not found

[ 2017-10-09T21:32:48+08:00 ] 192.168.32.109 /ceshitpzhuanyong_xuniji/Home/Ceshi/xunsearch
INFO: [ app_init ] --START--
INFO: Run Behavior\BuildLiteBehavior [ RunTime:0.000011s ]
INFO: [ app_init ] --END-- [ RunTime:0.000288s ]
INFO: [ app_begin ] --START--
INFO: Run Behavior\ReadHtmlCacheBehavior [ RunTime:0.000366s ]
INFO: [ app_begin ] --END-- [ RunTime:0.000401s ]
ERR: Class 'Home\Controller\XS' not found

[ 2017-10-09T21:32:48+08:00 ] 192.168.32.109 /ceshitpzhuanyong_xuniji/Home/Ceshi/xunsearch
INFO: [ app_init ] --START--
INFO: Run Behavior\BuildLiteBehavior [ RunTime:0.000013s ]
INFO: [ app_init ] --END-- [ RunTime:0.000348s ]
INFO: [ app_begin ] --START--
INFO: Run Behavior\ReadHtmlCacheBehavior [ RunTime:0.000387s ]
INFO: [ app_begin ] --END-- [ RunTime:0.000424s ]
ERR: Class 'Home\Controller\XS' not found

[ 2017-10-09T21:34:52+08:00 ] 192.168.32.109 /ceshitpzhuanyong_xuniji/Home/Ceshi/xunsearch
INFO: [ app_init ] --START--
INFO: Run Behavior\BuildLiteBehavior [ RunTime:0.000019s ]
INFO: [ app_init ] --END-- [ RunTime:0.013906s ]
INFO: [ app_begin ] --START--
INFO: Run Behavior\ReadHtmlCacheBehavior [ RunTime:0.000511s ]
INFO: [ app_begin ] --END-- [ RunTime:0.000569s ]
ERR: Class 'Home\Controller\XS' not found

[ 2017-10-09T21:34:53+08:00 ] 192.168.32.109 /ceshitpzhuanyong_xuniji/Home/Ceshi/xunsearch
INFO: [ app_init ] --START--
INFO: Run Behavior\BuildLiteBehavior [ RunTime:0.000011s ]
INFO: [ app_init ] --END-- [ RunTime:0.000252s ]
INFO: [ app_begin ] --START--
INFO: Run Behavior\ReadHtmlCacheBehavior [ RunTime:0.000319s ]
INFO: [ app_begin ] --END-- [ RunTime:0.000352s ]
ERR: Class 'Home\Controller\XS' not found

[ 2017-10-09T21:36:16+08:00 ] 192.168.32.109 /ceshitpzhuanyong_xuniji/Home/Ceshi/xunsearch
INFO: [ app_init ] --START--
INFO: Run Behavior\BuildLiteBehavior [ RunTime:0.000012s ]
INFO: [ app_init ] --END-- [ RunTime:0.000262s ]
INFO: [ app_begin ] --START--
INFO: Run Behavior\ReadHtmlCacheBehavior [ RunTime:0.000295s ]
INFO: [ app_begin ] --END-- [ RunTime:0.000333s ]
ERR: Class 'Home\Controller\XS' not found

[ 2017-10-09T21:36:27+08:00 ] 192.168.32.109 /ceshitpzhuanyong_xuniji/Home/Ceshi/xunsearch
INFO: [ app_init ] --START--
INFO: Run Behavior\BuildLiteBehavior [ RunTime:0.000009s ]
INFO: [ app_init ] --END-- [ RunTime:0.000211s ]
INFO: [ app_begin ] --START--
INFO: Run Behavior\ReadHtmlCacheBehavior [ RunTime:0.000340s ]
INFO: [ app_begin ] --END-- [ RunTime:0.000386s ]
INFO: [ view_parse ] --START--
INFO: [ template_filter ] --START--
INFO: Run Behavior\ContentReplaceBehavior [ RunTime:0.000021s ]
INFO: [ template_filter ] --END-- [ RunTime:0.000056s ]
INFO: Run Behavior\ParseTemplateBehavior [ RunTime:0.003787s ]
INFO: [ view_parse ] --END-- [ RunTime:0.003817s ]
INFO: [ view_filter ] --START--
INFO: Run Behavior\WriteHtmlCacheBehavior [ RunTime:0.000085s ]
INFO: [ view_filter ] --END-- [ RunTime:0.000103s ]
INFO: [ app_end ] --START--
INFO: Run Behavior\ShowPageTraceBehavior [ RunTime:0.000279s ]
INFO: [ app_end ] --END-- [ RunTime:0.000297s ]

[ 2017-10-09T21:36:30+08:00 ] 192.168.32.109 /ceshitpzhuanyong_xuniji/Home/Ceshi/xunsearch
INFO: [ app_init ] --START--
INFO: Run Behavior\BuildLiteBehavior [ RunTime:0.000014s ]
INFO: [ app_init ] --END-- [ RunTime:0.000357s ]
INFO: [ app_begin ] --START--
INFO: Run Behavior\ReadHtmlCacheBehavior [ RunTime:0.000466s ]
INFO: [ app_begin ] --END-- [ RunTime:0.000513s ]
ERR: Class 'Home\Controller\XS' not found

[ 2017-10-09T21:36:35+08:00 ] 192.168.32.109 /ceshitpzhuanyong_xuniji/Home/Ceshi/xunsearch
INFO: [ app_init ] --START--
INFO: Run Behavior\BuildLiteBehavior [ RunTime:0.000135s ]
INFO: [ app_init ] --END-- [ RunTime:0.000715s ]
INFO: [ app_begin ] --START--
INFO: Run Behavior\ReadHtmlCacheBehavior [ RunTime:0.000597s ]
INFO: [ app_begin ] --END-- [ RunTime:0.000656s ]
ERR: Class 'Home\Controller\XS' not found

[ 2017-10-09T21:37:03+08:00 ] 192.168.32.109 /ceshitpzhuanyong_xuniji/Home/Ceshi/xunsearch
INFO: [ app_init ] --START--
INFO: Run Behavior\BuildLiteBehavior [ RunTime:0.000008s ]
INFO: [ app_init ] --END-- [ RunTime:0.000201s ]
INFO: [ app_begin ] --START--
INFO: Run Behavior\ReadHtmlCacheBehavior [ RunTime:0.000252s ]
INFO: [ app_begin ] --END-- [ RunTime:0.000276s ]
ERR: Class 'XS' not found

[ 2017-10-09T21:39:13+08:00 ] 192.168.32.109 /ceshitpzhuanyong_xuniji/Home/Ceshi/xunsearch
INFO: [ app_init ] --START--
INFO: Run Behavior\BuildLiteBehavior [ RunTime:0.000010s ]
INFO: [ app_init ] --END-- [ RunTime:0.000270s ]
INFO: [ app_begin ] --START--
INFO: Run Behavior\ReadHtmlCacheBehavior [ RunTime:0.000262s ]
INFO: [ app_begin ] --END-- [ RunTime:0.000287s ]
ERR: Class 'Home\Controller\XS' not found

[ 2017-10-09T21:44:30+08:00 ] 192.168.32.109 /ceshitpzhuanyong_xuniji/Home/Ceshi/xunsearch
INFO: [ app_init ] --START--
INFO: Run Behavior\BuildLiteBehavior [ RunTime:0.000008s ]
INFO: [ app_init ] --END-- [ RunTime:0.000250s ]
INFO: [ app_begin ] --START--
INFO: Run Behavior\ReadHtmlCacheBehavior [ RunTime:0.000407s ]
INFO: [ app_begin ] --END-- [ RunTime:0.000460s ]
INFO: [ view_parse ] --START--
INFO: [ template_filter ] --START--
INFO: Run Behavior\ContentReplaceBehavior [ RunTime:0.000027s ]
INFO: [ template_filter ] --END-- [ RunTime:0.000074s ]
INFO: Run Behavior\ParseTemplateBehavior [ RunTime:0.126058s ]
INFO: [ view_parse ] --END-- [ RunTime:0.126094s ]
INFO: [ view_filter ] --START--
INFO: Run Behavior\WriteHtmlCacheBehavior [ RunTime:0.000118s ]
INFO: [ view_filter ] --END-- [ RunTime:0.000140s ]
INFO: [ app_end ] --START--
INFO: Run Behavior\ShowPageTraceBehavior [ RunTime:0.000322s ]
INFO: [ app_end ] --END-- [ RunTime:0.000344s ]

[ 2017-10-09T21:44:31+08:00 ] 192.168.32.109 /ceshitpzhuanyong_xuniji/Home/Ceshi/xunsearch
INFO: [ app_init ] --START--
INFO: Run Behavior\BuildLiteBehavior [ RunTime:0.000020s ]
INFO: [ app_init ] --END-- [ RunTime:0.000315s ]
INFO: [ app_begin ] --START--
INFO: Run Behavior\ReadHtmlCacheBehavior [ RunTime:0.000661s ]
INFO: [ app_begin ] --END-- [ RunTime:0.000749s ]
INFO: [ view_parse ] --START--
INFO: [ template_filter ] --START--
INFO: Run Behavior\ContentReplaceBehavior [ RunTime:0.000023s ]
INFO: [ template_filter ] --END-- [ RunTime:0.000099s ]
INFO: Run Behavior\ParseTemplateBehavior [ RunTime:0.003981s ]
INFO: [ view_parse ] --END-- [ RunTime:0.004035s ]
INFO: [ view_filter ] --START--
INFO: Run Behavior\WriteHtmlCacheBehavior [ RunTime:0.000131s ]
INFO: [ view_filter ] --END-- [ RunTime:0.000155s ]
INFO: [ app_end ] --START--
INFO: Run Behavior\ShowPageTraceBehavior [ RunTime:0.000459s ]
INFO: [ app_end ] --END-- [ RunTime:0.000491s ]

[ 2017-10-09T21:44:32+08:00 ] 192.168.32.109 /ceshitpzhuanyong_xuniji/Home/Ceshi/xunsearch
INFO: [ app_init ] --START--
INFO: Run Behavior\BuildLiteBehavior [ RunTime:0.000011s ]
INFO: [ app_init ] --END-- [ RunTime:0.000302s ]
INFO: [ app_begin ] --START--
INFO: Run Behavior\ReadHtmlCacheBehavior [ RunTime:0.000328s ]
INFO: [ app_begin ] --END-- [ RunTime:0.000359s ]
INFO: [ view_parse ] --START--
INFO: [ template_filter ] --START--
INFO: Run Behavior\ContentReplaceBehavior [ RunTime:0.000044s ]
INFO: [ template_filter ] --END-- [ RunTime:0.000129s ]
INFO: Run Behavior\ParseTemplateBehavior [ RunTime:0.288562s ]
INFO: [ view_parse ] --END-- [ RunTime:0.288649s ]
INFO: [ view_filter ] --START--
INFO: Run Behavior\WriteHtmlCacheBehavior [ RunTime:0.000650s ]
INFO: [ view_filter ] --END-- [ RunTime:0.000715s ]
INFO: [ app_end ] --START--
INFO: Run Behavior\ShowPageTraceBehavior [ RunTime:0.001155s ]
INFO: [ app_end ] --END-- [ RunTime:0.001225s ]

[ 2017-10-09T21:44:33+08:00 ] 192.168.32.109 /ceshitpzhuanyong_xuniji/Home/Ceshi/xunsearch
INFO: [ app_init ] --START--
INFO: Run Behavior\BuildLiteBehavior [ RunTime:0.000031s ]
INFO: [ app_init ] --END-- [ RunTime:0.082972s ]
INFO: [ app_begin ] --START--
INFO: Run Behavior\ReadHtmlCacheBehavior [ RunTime:0.000739s ]
INFO: [ app_begin ] --END-- [ RunTime:0.000819s ]
INFO: [ view_parse ] --START--
INFO: [ template_filter ] --START--
INFO: Run Behavior\ContentReplaceBehavior [ RunTime:0.000038s ]
INFO: [ template_filter ] --END-- [ RunTime:0.000107s ]
INFO: Run Behavior\ParseTemplateBehavior [ RunTime:0.240736s ]
INFO: [ view_parse ] --END-- [ RunTime:0.240804s ]
INFO: [ view_filter ] --START--
INFO: Run Behavior\WriteHtmlCacheBehavior [ RunTime:0.002152s ]
INFO: [ view_filter ] --END-- [ RunTime:0.002195s ]
INFO: [ app_end ] --START--
INFO: Run Behavior\ShowPageTraceBehavior [ RunTime:0.000427s ]
INFO: [ app_end ] --END-- [ RunTime:0.000470s ]

[ 2017-10-09T21:44:39+08:00 ] 192.168.32.109 /ceshitpzhuanyong_xuniji/Home/Ceshi/xunsearch
INFO: [ app_init ] --START--
INFO: Run Behavior\BuildLiteBehavior [ RunTime:0.000009s ]
INFO: [ app_init ] --END-- [ RunTime:0.000255s ]
INFO: [ app_begin ] --START--
INFO: Run Behavior\ReadHtmlCacheBehavior [ RunTime:0.001657s ]
INFO: [ app_begin ] --END-- [ RunTime:0.001781s ]
INFO: [ view_parse ] --START--
INFO: [ template_filter ] --START--
INFO: Run Behavior\ContentReplaceBehavior [ RunTime:0.000038s ]
INFO: [ template_filter ] --END-- [ RunTime:0.000110s ]
INFO: Run Behavior\ParseTemplateBehavior [ RunTime:0.054221s ]
INFO: [ view_parse ] --END-- [ RunTime:0.054272s ]
INFO: [ view_filter ] --START--
INFO: Run Behavior\WriteHtmlCacheBehavior [ RunTime:0.000182s ]
INFO: [ view_filter ] --END-- [ RunTime:0.000214s ]
INFO: [ app_end ] --START--
INFO: Run Behavior\ShowPageTraceBehavior [ RunTime:0.000576s ]
INFO: [ app_end ] --END-- [ RunTime:0.000612s ]

[ 2017-10-09T21:44:56+08:00 ] 192.168.32.109 /ceshitpzhuanyong_xuniji/Home/Ceshi/xunsearch
INFO: [ app_init ] --START--
INFO: Run Behavior\BuildLiteBehavior [ RunTime:0.000012s ]
INFO: [ app_init ] --END-- [ RunTime:0.000266s ]
INFO: [ app_begin ] --START--
INFO: Run Behavior\ReadHtmlCacheBehavior [ RunTime:0.000382s ]
INFO: [ app_begin ] --END-- [ RunTime:0.000431s ]
INFO: [ view_parse ] --START--
INFO: [ template_filter ] --START--
INFO: Run Behavior\ContentReplaceBehavior [ RunTime:0.000039s ]
INFO: [ template_filter ] --END-- [ RunTime:0.000249s ]
INFO: Run Behavior\ParseTemplateBehavior [ RunTime:0.091232s ]
INFO: [ view_parse ] --END-- [ RunTime:0.091326s ]
INFO: [ view_filter ] --START--
INFO: Run Behavior\WriteHtmlCacheBehavior [ RunTime:0.000355s ]
INFO: [ view_filter ] --END-- [ RunTime:0.000397s ]
INFO: [ app_end ] --START--
INFO: Run Behavior\ShowPageTraceBehavior [ RunTime:0.000727s ]
INFO: [ app_end ] --END-- [ RunTime:0.000772s ]

[ 2017-10-09T21:55:44+08:00 ] 192.168.32.109 /ceshitpzhuanyong_xuniji/Home/Ceshi/xunsearch
INFO: [ app_init ] --START--
INFO: Run Behavior\BuildLiteBehavior [ RunTime:0.000022s ]
INFO: [ app_init ] --END-- [ RunTime:0.001184s ]
INFO: [ app_begin ] --START--
INFO: Run Behavior\ReadHtmlCacheBehavior [ RunTime:0.038991s ]
INFO: [ app_begin ] --END-- [ RunTime:0.039079s ]
ERR: Missing field of type ID

[ 2017-10-09T21:55:49+08:00 ] 192.168.32.109 /ceshitpzhuanyong_xuniji/Home/Ceshi/xunsearch
INFO: [ app_init ] --START--
INFO: Run Behavior\BuildLiteBehavior [ RunTime:0.000014s ]
INFO: [ app_init ] --END-- [ RunTime:0.001403s ]
INFO: [ app_begin ] --START--
INFO: Run Behavior\ReadHtmlCacheBehavior [ RunTime:0.000395s ]
INFO: [ app_begin ] --END-- [ RunTime:0.000443s ]
ERR: Missing field of type ID

[ 2017-10-09T21:56:01+08:00 ] 192.168.32.109 /ceshitpzhuanyong_xuniji/Home/Ceshi/xunsearch
INFO: [ app_init ] --START--
INFO: Run Behavior\BuildLiteBehavior [ RunTime:0.000019s ]
INFO: [ app_init ] --END-- [ RunTime:0.051231s ]
INFO: [ app_begin ] --START--
INFO: Run Behavior\ReadHtmlCacheBehavior [ RunTime:0.000518s ]
INFO: [ app_begin ] --END-- [ RunTime:0.000581s ]
ERR: SQLSTATE[HY000] [1049] Unknown database 'xueshengguanli'

[ 2017-10-09T22:03:15+08:00 ] 192.168.32.109 /ceshitpzhuanyong_xuniji/Home/Ceshi/xunsearch
INFO: [ app_init ] --START--
INFO: Run Behavior\BuildLiteBehavior [ RunTime:0.000018s ]
INFO: [ app_init ] --END-- [ RunTime:0.019298s ]
INFO: [ app_begin ] --START--
INFO: Run Behavior\ReadHtmlCacheBehavior [ RunTime:0.040286s ]
INFO: [ app_begin ] --END-- [ RunTime:0.040435s ]
SQL: SHOW COLUMNS FROM `shop_xdll` [ RunTime:0.0758s ]
SQL: SELECT * FROM `shop_xdll`  [ RunTime:0.0151s ]
INFO: [ view_parse ] --START--
INFO: [ template_filter ] --START--
INFO: Run Behavior\ContentReplaceBehavior [ RunTime:0.000027s ]
INFO: [ template_filter ] --END-- [ RunTime:0.000069s ]
NOTIC: [8] Use of undefined constant arr - assumed 'arr' /usr/local/apache2/htdocs/ceshitpzhuanyong_xuniji/Application/Runtime/Cache/Home/dab5f01accaa1d8877085b320953809a.php 第 10 行.
NOTIC: [8] Use of undefined constant arr - assumed 'arr' /usr/local/apache2/htdocs/ceshitpzhuanyong_xuniji/Application/Runtime/Cache/Home/dab5f01accaa1d8877085b320953809a.php 第 10 行.
NOTIC: [8] Use of undefined constant arr - assumed 'arr' /usr/local/apache2/htdocs/ceshitpzhuanyong_xuniji/Application/Runtime/Cache/Home/dab5f01accaa1d8877085b320953809a.php 第 10 行.
NOTIC: [8] Use of undefined constant arr - assumed 'arr' /usr/local/apache2/htdocs/ceshitpzhuanyong_xuniji/Application/Runtime/Cache/Home/dab5f01accaa1d8877085b320953809a.php 第 10 行.
NOTIC: [8] Use of undefined constant arr - assumed 'arr' /usr/local/apache2/htdocs/ceshitpzhuanyong_xuniji/Application/Runtime/Cache/Home/dab5f01accaa1d8877085b320953809a.php 第 10 行.
NOTIC: [8] Use of undefined constant arr - assumed 'arr' /usr/local/apache2/htdocs/ceshitpzhuanyong_xuniji/Application/Runtime/Cache/Home/dab5f01accaa1d8877085b320953809a.php 第 10 行.
NOTIC: [8] Use of undefined constant arr - assumed 'arr' /usr/local/apache2/htdocs/ceshitpzhuanyong_xuniji/Application/Runtime/Cache/Home/dab5f01accaa1d8877085b320953809a.php 第 10 行.
NOTIC: [8] Use of undefined constant arr - assumed 'arr' /usr/local/apache2/htdocs/ceshitpzhuanyong_xuniji/Application/Runtime/Cache/Home/dab5f01accaa1d8877085b320953809a.php 第 10 行.
NOTIC: [8] Use of undefined constant arr - assumed 'arr' /usr/local/apache2/htdocs/ceshitpzhuanyong_xuniji/Application/Runtime/Cache/Home/dab5f01accaa1d8877085b320953809a.php 第 10 行.
NOTIC: [8] Use of undefined constant arr - assumed 'arr' /usr/local/apache2/htdocs/ceshitpzhuanyong_xuniji/Application/Runtime/Cache/Home/dab5f01accaa1d8877085b320953809a.php 第 10 行.
NOTIC: [8] Use of undefined constant arr - assumed 'arr' /usr/local/apache2/htdocs/ceshitpzhuanyong_xuniji/Application/Runtime/Cache/Home/dab5f01accaa1d8877085b320953809a.php 第 10 行.
NOTIC: [8] Use of undefined constant arr - assumed 'arr' /usr/local/apache2/htdocs/ceshitpzhuanyong_xuniji/Application/Runtime/Cache/Home/dab5f01accaa1d8877085b320953809a.php 第 10 行.
NOTIC: [8] Use of undefined constant arr - assumed 'arr' /usr/local/apache2/htdocs/ceshitpzhuanyong_xuniji/Application/Runtime/Cache/Home/dab5f01accaa1d8877085b320953809a.php 第 10 行.
NOTIC: [8] Use of undefined constant arr - assumed 'arr' /usr/local/apache2/htdocs/ceshitpzhuanyong_xuniji/Application/Runtime/Cache/Home/dab5f01accaa1d8877085b320953809a.php 第 10 行.
NOTIC: [8] Use of undefined constant arr - assumed 'arr' /usr/local/apache2/htdocs/ceshitpzhuanyong_xuniji/Application/Runtime/Cache/Home/dab5f01accaa1d8877085b320953809a.php 第 10 行.
NOTIC: [8] Use of undefined constant arr - assumed 'arr' /usr/local/apache2/htdocs/ceshitpzhuanyong_xuniji/Application/Runtime/Cache/Home/dab5f01accaa1d8877085b320953809a.php 第 10 行.
NOTIC: [8] Use of undefined constant arr - assumed 'arr' /usr/local/apache2/htdocs/ceshitpzhuanyong_xuniji/Application/Runtime/Cache/Home/dab5f01accaa1d8877085b320953809a.php 第 10 行.
NOTIC: [8] Use of undefined constant arr - assumed 'arr' /usr/local/apache2/htdocs/ceshitpzhuanyong_xuniji/Application/Runtime/Cache/Home/dab5f01accaa1d8877085b320953809a.php 第 10 行.
NOTIC: [8] Use of undefined constant arr - assumed 'arr' /usr/local/apache2/htdocs/ceshitpzhuanyong_xuniji/Application/Runtime/Cache/Home/dab5f01accaa1d8877085b320953809a.php 第 10 行.
NOTIC: [8] Use of undefined constant arr - assumed 'arr' /usr/local/apache2/htdocs/ceshitpzhuanyong_xuniji/Application/Runtime/Cache/Home/dab5f01accaa1d8877085b320953809a.php 第 10 行.
NOTIC: [8] Use of undefined constant arr - assumed 'arr' /usr/local/apache2/htdocs/ceshitpzhuanyong_xuniji/Application/Runtime/Cache/Home/dab5f01accaa1d8877085b320953809a.php 第 10 行.
NOTIC: [8] Use of undefined constant arr - assumed 'arr' /usr/local/apache2/htdocs/ceshitpzhuanyong_xuniji/Application/Runtime/Cache/Home/dab5f01accaa1d8877085b320953809a.php 第 10 行.
NOTIC: [8] Use of undefined constant arr - assumed 'arr' /usr/local/apache2/htdocs/ceshitpzhuanyong_xuniji/Application/Runtime/Cache/Home/dab5f01accaa1d8877085b320953809a.php 第 10 行.
NOTIC: [8] Use of undefined constant arr - assumed 'arr' /usr/local/apache2/htdocs/ceshitpzhuanyong_xuniji/Application/Runtime/Cache/Home/dab5f01accaa1d8877085b320953809a.php 第 10 行.
NOTIC: [8] Use of undefined constant arr - assumed 'arr' /usr/local/apache2/htdocs/ceshitpzhuanyong_xuniji/Application/Runtime/Cache/Home/dab5f01accaa1d8877085b320953809a.php 第 10 行.
NOTIC: [8] Use of undefined constant arr - assumed 'arr' /usr/local/apache2/htdocs/ceshitpzhuanyong_xuniji/Application/Runtime/Cache/Home/dab5f01accaa1d8877085b320953809a.php 第 10 行.
NOTIC: [8] Use of undefined constant arr - assumed 'arr' /usr/local/apache2/htdocs/ceshitpzhuanyong_xuniji/Application/Runtime/Cache/Home/dab5f01accaa1d8877085b320953809a.php 第 10 行.
NOTIC: [8] Use of undefined constant arr - assumed 'arr' /usr/local/apache2/htdocs/ceshitpzhuanyong_xuniji/Application/Runtime/Cache/Home/dab5f01accaa1d8877085b320953809a.php 第 10 行.
NOTIC: [8] Use of undefined constant arr - assumed 'arr' /usr/local/apache2/htdocs/ceshitpzhuanyong_xuniji/Application/Runtime/Cache/Home/dab5f01accaa1d8877085b320953809a.php 第 10 行.
NOTIC: [8] Use of undefined constant arr - assumed 'arr' /usr/local/apache2/htdocs/ceshitpzhuanyong_xuniji/Application/Runtime/Cache/Home/dab5f01accaa1d8877085b320953809a.php 第 10 行.
NOTIC: [8] Use of undefined constant arr - assumed 'arr' /usr/local/apache2/htdocs/ceshitpzhuanyong_xuniji/Application/Runtime/Cache/Home/dab5f01accaa1d8877085b320953809a.php 第 10 行.
NOTIC: [8] Use of undefined constant arr - assumed 'arr' /usr/local/apache2/htdocs/ceshitpzhuanyong_xuniji/Application/Runtime/Cache/Home/dab5f01accaa1d8877085b320953809a.php 第 10 行.
NOTIC: [8] Use of undefined constant arr - assumed 'arr' /usr/local/apache2/htdocs/ceshitpzhuanyong_xuniji/Application/Runtime/Cache/Home/dab5f01accaa1d8877085b320953809a.php 第 10 行.
NOTIC: [8] Use of undefined constant arr - assumed 'arr' /usr/local/apache2/htdocs/ceshitpzhuanyong_xuniji/Application/Runtime/Cache/Home/dab5f01accaa1d8877085b320953809a.php 第 10 行.
NOTIC: [8] Use of undefined constant arr - assumed 'arr' /usr/local/apache2/htdocs/ceshitpzhuanyong_xuniji/Application/Runtime/Cache/Home/dab5f01accaa1d8877085b320953809a.php 第 10 行.
NOTIC: [8] Use of undefined constant arr - assumed 'arr' /usr/local/apache2/htdocs/ceshitpzhuanyong_xuniji/Application/Runtime/Cache/Home/dab5f01accaa1d8877085b320953809a.php 第 10 行.
NOTIC: [8] Use of undefined constant arr - assumed 'arr' /usr/local/apache2/htdocs/ceshitpzhuanyong_xuniji/Application/Runtime/Cache/Home/dab5f01accaa1d8877085b320953809a.php 第 10 行.
NOTIC: [8] Use of undefined constant arr - assumed 'arr' /usr/local/apache2/htdocs/ceshitpzhuanyong_xuniji/Application/Runtime/Cache/Home/dab5f01accaa1d8877085b320953809a.php 第 10 行.
NOTIC: [8] Use of undefined constant arr - assumed 'arr' /usr/local/apache2/htdocs/ceshitpzhuanyong_xuniji/Application/Runtime/Cache/Home/dab5f01accaa1d8877085b320953809a.php 第 10 行.
NOTIC: [8] Use of undefined constant arr - assumed 'arr' /usr/local/apache2/htdocs/ceshitpzhuanyong_xuniji/Application/Runtime/Cache/Home/dab5f01accaa1d8877085b320953809a.php 第 10 行.
NOTIC: [8] Use of undefined constant arr - assumed 'arr' /usr/local/apache2/htdocs/ceshitpzhuanyong_xuniji/Application/Runtime/Cache/Home/dab5f01accaa1d8877085b320953809a.php 第 10 行.
NOTIC: [8] Use of undefined constant arr - assumed 'arr' /usr/local/apache2/htdocs/ceshitpzhuanyong_xuniji/Application/Runtime/Cache/Home/dab5f01accaa1d8877085b320953809a.php 第 10 行.
NOTIC: [8] Use of undefined constant arr - assumed 'arr' /usr/local/apache2/htdocs/ceshitpzhuanyong_xuniji/Application/Runtime/Cache/Home/dab5f01accaa1d8877085b320953809a.php 第 10 行.
NOTIC: [8] Use of undefined constant arr - assumed 'arr' /usr/local/apache2/htdocs/ceshitpzhuanyong_xuniji/Application/Runtime/Cache/Home/dab5f01accaa1d8877085b320953809a.php 第 10 行.
NOTIC: [8] Use of undefined constant arr - assumed 'arr' /usr/local/apache2/htdocs/ceshitpzhuanyong_xuniji/Application/Runtime/Cache/Home/dab5f01accaa1d8877085b320953809a.php 第 10 行.
NOTIC: [8] Use of undefined constant arr - assumed 'arr' /usr/local/apache2/htdocs/ceshitpzhuanyong_xuniji/Application/Runtime/Cache/Home/dab5f01accaa1d8877085b320953809a.php 第 10 行.
NOTIC: [8] Use of undefined constant arr - assumed 'arr' /usr/local/apache2/htdocs/ceshitpzhuanyong_xuniji/Application/Runtime/Cache/Home/dab5f01accaa1d8877085b320953809a.php 第 10 行.
NOTIC: [8] Use of undefined constant arr - assumed 'arr' /usr/local/apache2/htdocs/ceshitpzhuanyong_xuniji/Application/Runtime/Cache/Home/dab5f01accaa1d8877085b320953809a.php 第 10 行.
NOTIC: [8] Use of undefined constant arr - assumed 'arr' /usr/local/apache2/htdocs/ceshitpzhuanyong_xuniji/Application/Runtime/Cache/Home/dab5f01accaa1d8877085b320953809a.php 第 10 行.
NOTIC: [8] Use of undefined constant arr - assumed 'arr' /usr/local/apache2/htdocs/ceshitpzhuanyong_xuniji/Application/Runtime/Cache/Home/dab5f01accaa1d8877085b320953809a.php 第 10 行.
NOTIC: [8] Use of undefined constant arr - assumed 'arr' /usr/local/apache2/htdocs/ceshitpzhuanyong_xuniji/Application/Runtime/Cache/Home/dab5f01accaa1d8877085b320953809a.php 第 10 行.
NOTIC: [8] Use of undefined constant arr - assumed 'arr' /usr/local/apache2/htdocs/ceshitpzhuanyong_xuniji/Application/Runtime/Cache/Home/dab5f01accaa1d8877085b320953809a.php 第 10 行.
NOTIC: [8] Use of undefined constant arr - assumed 'arr' /usr/local/apache2/htdocs/ceshitpzhuanyong_xuniji/Application/Runtime/Cache/Home/dab5f01accaa1d8877085b320953809a.php 第 10 行.
NOTIC: [8] Use of undefined constant arr - assumed 'arr' /usr/local/apache2/htdocs/ceshitpzhuanyong_xuniji/Application/Runtime/Cache/Home/dab5f01accaa1d8877085b320953809a.php 第 10 行.
NOTIC: [8] Use of undefined constant arr - assumed 'arr' /usr/local/apache2/htdocs/ceshitpzhuanyong_xuniji/Application/Runtime/Cache/Home/dab5f01accaa1d8877085b320953809a.php 第 10 行.
NOTIC: [8] Use of undefined constant arr - assumed 'arr' /usr/local/apache2/htdocs/ceshitpzhuanyong_xuniji/Application/Runtime/Cache/Home/dab5f01accaa1d8877085b320953809a.php 第 10 行.
NOTIC: [8] Use of undefined constant arr - assumed 'arr' /usr/local/apache2/htdocs/ceshitpzhuanyong_xuniji/Application/Runtime/Cache/Home/dab5f01accaa1d8877085b320953809a.php 第 10 行.
INFO: Run Behavior\ParseTemplateBehavior [ RunTime:0.349387s ]
INFO: [ view_parse ] --END-- [ RunTime:0.349437s ]
INFO: [ view_filter ] --START--
INFO: Run Behavior\WriteHtmlCacheBehavior [ RunTime:0.000295s ]
INFO: [ view_filter ] --END-- [ RunTime:0.000321s ]
INFO: [ app_end ] --START--
INFO: Run Behavior\ShowPageTraceBehavior [ RunTime:0.000437s ]
INFO: [ app_end ] --END-- [ RunTime:0.000497s ]

[ 2017-10-09T22:03:24+08:00 ] 192.168.32.109 /ceshitpzhuanyong_xuniji/Home/Ceshi/xunsearch
INFO: [ app_init ] --START--
INFO: Run Behavior\BuildLiteBehavior [ RunTime:0.000013s ]
INFO: [ app_init ] --END-- [ RunTime:0.000803s ]
INFO: [ app_begin ] --START--
INFO: Run Behavior\ReadHtmlCacheBehavior [ RunTime:0.019132s ]
INFO: [ app_begin ] --END-- [ RunTime:0.019197s ]
SQL: SHOW COLUMNS FROM `shop_xdll` [ RunTime:0.0005s ]
SQL: SELECT * FROM `shop_xdll`  [ RunTime:0.0005s ]
INFO: [ view_parse ] --START--
INFO: [ template_filter ] --START--
INFO: Run Behavior\ContentReplaceBehavior [ RunTime:0.000024s ]
INFO: [ template_filter ] --END-- [ RunTime:0.000069s ]
INFO: Run Behavior\ParseTemplateBehavior [ RunTime:0.012727s ]
INFO: [ view_parse ] --END-- [ RunTime:0.012760s ]
INFO: [ view_filter ] --START--
INFO: Run Behavior\WriteHtmlCacheBehavior [ RunTime:0.000110s ]
INFO: [ view_filter ] --END-- [ RunTime:0.000130s ]
INFO: [ app_end ] --START--
INFO: Run Behavior\ShowPageTraceBehavior [ RunTime:0.000436s ]
INFO: [ app_end ] --END-- [ RunTime:0.000484s ]

[ 2017-10-09T22:07:51+08:00 ] 192.168.32.109 /ceshitpzhuanyong_xuniji/Home/Ceshi/xunsearch
INFO: [ app_init ] --START--
INFO: Run Behavior\BuildLiteBehavior [ RunTime:0.000024s ]
INFO: [ app_init ] --END-- [ RunTime:0.015802s ]
INFO: [ app_begin ] --START--
INFO: Run Behavior\ReadHtmlCacheBehavior [ RunTime:0.000791s ]
INFO: [ app_begin ] --END-- [ RunTime:0.000882s ]
SQL: SHOW COLUMNS FROM `shop_xdll` [ RunTime:0.0039s ]
SQL: SELECT * FROM `shop_xdll`  [ RunTime:0.0122s ]
INFO: [ view_parse ] --START--
INFO: [ template_filter ] --START--
INFO: Run Behavior\ContentReplaceBehavior [ RunTime:0.000029s ]
INFO: [ template_filter ] --END-- [ RunTime:0.000084s ]
NOTIC: [8] Array to string conversion /usr/local/apache2/htdocs/ceshitpzhuanyong_xuniji/Application/Runtime/Cache/Home/dab5f01accaa1d8877085b320953809a.php 第 10 行.
NOTIC: [8] Array to string conversion /usr/local/apache2/htdocs/ceshitpzhuanyong_xuniji/Application/Runtime/Cache/Home/dab5f01accaa1d8877085b320953809a.php 第 10 行.
NOTIC: [8] Array to string conversion /usr/local/apache2/htdocs/ceshitpzhuanyong_xuniji/Application/Runtime/Cache/Home/dab5f01accaa1d8877085b320953809a.php 第 10 行.
NOTIC: [8] Array to string conversion /usr/local/apache2/htdocs/ceshitpzhuanyong_xuniji/Application/Runtime/Cache/Home/dab5f01accaa1d8877085b320953809a.php 第 10 行.
NOTIC: [8] Array to string conversion /usr/local/apache2/htdocs/ceshitpzhuanyong_xuniji/Application/Runtime/Cache/Home/dab5f01accaa1d8877085b320953809a.php 第 10 行.
NOTIC: [8] Array to string conversion /usr/local/apache2/htdocs/ceshitpzhuanyong_xuniji/Application/Runtime/Cache/Home/dab5f01accaa1d8877085b320953809a.php 第 10 行.
NOTIC: [8] Array to string conversion /usr/local/apache2/htdocs/ceshitpzhuanyong_xuniji/Application/Runtime/Cache/Home/dab5f01accaa1d8877085b320953809a.php 第 10 行.
NOTIC: [8] Array to string conversion /usr/local/apache2/htdocs/ceshitpzhuanyong_xuniji/Application/Runtime/Cache/Home/dab5f01accaa1d8877085b320953809a.php 第 10 行.
NOTIC: [8] Array to string conversion /usr/local/apache2/htdocs/ceshitpzhuanyong_xuniji/Application/Runtime/Cache/Home/dab5f01accaa1d8877085b320953809a.php 第 10 行.
NOTIC: [8] Array to string conversion /usr/local/apache2/htdocs/ceshitpzhuanyong_xuniji/Application/Runtime/Cache/Home/dab5f01accaa1d8877085b320953809a.php 第 10 行.
NOTIC: [8] Array to string conversion /usr/local/apache2/htdocs/ceshitpzhuanyong_xuniji/Application/Runtime/Cache/Home/dab5f01accaa1d8877085b320953809a.php 第 10 行.
NOTIC: [8] Array to string conversion /usr/local/apache2/htdocs/ceshitpzhuanyong_xuniji/Application/Runtime/Cache/Home/dab5f01accaa1d8877085b320953809a.php 第 10 行.
NOTIC: [8] Array to string conversion /usr/local/apache2/htdocs/ceshitpzhuanyong_xuniji/Application/Runtime/Cache/Home/dab5f01accaa1d8877085b320953809a.php 第 10 行.
NOTIC: [8] Array to string conversion /usr/local/apache2/htdocs/ceshitpzhuanyong_xuniji/Application/Runtime/Cache/Home/dab5f01accaa1d8877085b320953809a.php 第 10 行.
NOTIC: [8] Array to string conversion /usr/local/apache2/htdocs/ceshitpzhuanyong_xuniji/Application/Runtime/Cache/Home/dab5f01accaa1d8877085b320953809a.php 第 10 行.
NOTIC: [8] Array to string conversion /usr/local/apache2/htdocs/ceshitpzhuanyong_xuniji/Application/Runtime/Cache/Home/dab5f01accaa1d8877085b320953809a.php 第 10 行.
NOTIC: [8] Array to string conversion /usr/local/apache2/htdocs/ceshitpzhuanyong_xuniji/Application/Runtime/Cache/Home/dab5f01accaa1d8877085b320953809a.php 第 10 行.
NOTIC: [8] Array to string conversion /usr/local/apache2/htdocs/ceshitpzhuanyong_xuniji/Application/Runtime/Cache/Home/dab5f01accaa1d8877085b320953809a.php 第 10 行.
NOTIC: [8] Array to string conversion /usr/local/apache2/htdocs/ceshitpzhuanyong_xuniji/Application/Runtime/Cache/Home/dab5f01accaa1d8877085b320953809a.php 第 10 行.
NOTIC: [8] Array to string conversion /usr/local/apache2/htdocs/ceshitpzhuanyong_xuniji/Application/Runtime/Cache/Home/dab5f01accaa1d8877085b320953809a.php 第 10 行.
NOTIC: [8] Array to string conversion /usr/local/apache2/htdocs/ceshitpzhuanyong_xuniji/Application/Runtime/Cache/Home/dab5f01accaa1d8877085b320953809a.php 第 10 行.
NOTIC: [8] Array to string conversion /usr/local/apache2/htdocs/ceshitpzhuanyong_xuniji/Application/Runtime/Cache/Home/dab5f01accaa1d8877085b320953809a.php 第 10 行.
NOTIC: [8] Array to string conversion /usr/local/apache2/htdocs/ceshitpzhuanyong_xuniji/Application/Runtime/Cache/Home/dab5f01accaa1d8877085b320953809a.php 第 10 行.
NOTIC: [8] Array to string conversion /usr/local/apache2/htdocs/ceshitpzhuanyong_xuniji/Application/Runtime/Cache/Home/dab5f01accaa1d8877085b320953809a.php 第 10 行.
NOTIC: [8] Array to string conversion /usr/local/apache2/htdocs/ceshitpzhuanyong_xuniji/Application/Runtime/Cache/Home/dab5f01accaa1d8877085b320953809a.php 第 10 行.
NOTIC: [8] Array to string conversion /usr/local/apache2/htdocs/ceshitpzhuanyong_xuniji/Application/Runtime/Cache/Home/dab5f01accaa1d8877085b320953809a.php 第 10 行.
NOTIC: [8] Array to string conversion /usr/local/apache2/htdocs/ceshitpzhuanyong_xuniji/Application/Runtime/Cache/Home/dab5f01accaa1d8877085b320953809a.php 第 10 行.
NOTIC: [8] Array to string conversion /usr/local/apache2/htdocs/ceshitpzhuanyong_xuniji/Application/Runtime/Cache/Home/dab5f01accaa1d8877085b320953809a.php 第 10 行.
NOTIC: [8] Array to string conversion /usr/local/apache2/htdocs/ceshitpzhuanyong_xuniji/Application/Runtime/Cache/Home/dab5f01accaa1d8877085b320953809a.php 第 10 行.
NOTIC: [8] Array to string conversion /usr/local/apache2/htdocs/ceshitpzhuanyong_xuniji/Application/Runtime/Cache/Home/dab5f01accaa1d8877085b320953809a.php 第 10 行.
NOTIC: [8] Array to string conversion /usr/local/apache2/htdocs/ceshitpzhuanyong_xuniji/Application/Runtime/Cache/Home/dab5f01accaa1d8877085b320953809a.php 第 10 行.
NOTIC: [8] Array to string conversion /usr/local/apache2/htdocs/ceshitpzhuanyong_xuniji/Application/Runtime/Cache/Home/dab5f01accaa1d8877085b320953809a.php 第 10 行.
NOTIC: [8] Array to string conversion /usr/local/apache2/htdocs/ceshitpzhuanyong_xuniji/Application/Runtime/Cache/Home/dab5f01accaa1d8877085b320953809a.php 第 10 行.
NOTIC: [8] Array to string conversion /usr/local/apache2/htdocs/ceshitpzhuanyong_xuniji/Application/Runtime/Cache/Home/dab5f01accaa1d8877085b320953809a.php 第 10 行.
NOTIC: [8] Array to string conversion /usr/local/apache2/htdocs/ceshitpzhuanyong_xuniji/Application/Runtime/Cache/Home/dab5f01accaa1d8877085b320953809a.php 第 10 行.
NOTIC: [8] Array to string conversion /usr/local/apache2/htdocs/ceshitpzhuanyong_xuniji/Application/Runtime/Cache/Home/dab5f01accaa1d8877085b320953809a.php 第 10 行.
NOTIC: [8] Array to string conversion /usr/local/apache2/htdocs/ceshitpzhuanyong_xuniji/Application/Runtime/Cache/Home/dab5f01accaa1d8877085b320953809a.php 第 10 行.
NOTIC: [8] Array to string conversion /usr/local/apache2/htdocs/ceshitpzhuanyong_xuniji/Application/Runtime/Cache/Home/dab5f01accaa1d8877085b320953809a.php 第 10 行.
NOTIC: [8] Array to string conversion /usr/local/apache2/htdocs/ceshitpzhuanyong_xuniji/Application/Runtime/Cache/Home/dab5f01accaa1d8877085b320953809a.php 第 10 行.
NOTIC: [8] Array to string conversion /usr/local/apache2/htdocs/ceshitpzhuanyong_xuniji/Application/Runtime/Cache/Home/dab5f01accaa1d8877085b320953809a.php 第 10 行.
NOTIC: [8] Array to string conversion /usr/local/apache2/htdocs/ceshitpzhuanyong_xuniji/Application/Runtime/Cache/Home/dab5f01accaa1d8877085b320953809a.php 第 10 行.
NOTIC: [8] Array to string conversion /usr/local/apache2/htdocs/ceshitpzhuanyong_xuniji/Application/Runtime/Cache/Home/dab5f01accaa1d8877085b320953809a.php 第 10 行.
NOTIC: [8] Array to string conversion /usr/local/apache2/htdocs/ceshitpzhuanyong_xuniji/Application/Runtime/Cache/Home/dab5f01accaa1d8877085b320953809a.php 第 10 行.
NOTIC: [8] Array to string conversion /usr/local/apache2/htdocs/ceshitpzhuanyong_xuniji/Application/Runtime/Cache/Home/dab5f01accaa1d8877085b320953809a.php 第 10 行.
NOTIC: [8] Array to string conversion /usr/local/apache2/htdocs/ceshitpzhuanyong_xuniji/Application/Runtime/Cache/Home/dab5f01accaa1d8877085b320953809a.php 第 10 行.
NOTIC: [8] Array to string conversion /usr/local/apache2/htdocs/ceshitpzhuanyong_xuniji/Application/Runtime/Cache/Home/dab5f01accaa1d8877085b320953809a.php 第 10 行.
NOTIC: [8] Array to string conversion /usr/local/apache2/htdocs/ceshitpzhuanyong_xuniji/Application/Runtime/Cache/Home/dab5f01accaa1d8877085b320953809a.php 第 10 行.
NOTIC: [8] Array to string conversion /usr/local/apache2/htdocs/ceshitpzhuanyong_xuniji/Application/Runtime/Cache/Home/dab5f01accaa1d8877085b320953809a.php 第 10 行.
NOTIC: [8] Array to string conversion /usr/local/apache2/htdocs/ceshitpzhuanyong_xuniji/Application/Runtime/Cache/Home/dab5f01accaa1d8877085b320953809a.php 第 10 行.
NOTIC: [8] Array to string conversion /usr/local/apache2/htdocs/ceshitpzhuanyong_xuniji/Application/Runtime/Cache/Home/dab5f01accaa1d8877085b320953809a.php 第 10 行.
NOTIC: [8] Array to string conversion /usr/local/apache2/htdocs/ceshitpzhuanyong_xuniji/Application/Runtime/Cache/Home/dab5f01accaa1d8877085b320953809a.php 第 10 行.
NOTIC: [8] Array to string conversion /usr/local/apache2/htdocs/ceshitpzhuanyong_xuniji/Application/Runtime/Cache/Home/dab5f01accaa1d8877085b320953809a.php 第 10 行.
NOTIC: [8] Array to string conversion /usr/local/apache2/htdocs/ceshitpzhuanyong_xuniji/Application/Runtime/Cache/Home/dab5f01accaa1d8877085b320953809a.php 第 10 行.
NOTIC: [8] Array to string conversion /usr/local/apache2/htdocs/ceshitpzhuanyong_xuniji/Application/Runtime/Cache/Home/dab5f01accaa1d8877085b320953809a.php 第 10 行.
NOTIC: [8] Array to string conversion /usr/local/apache2/htdocs/ceshitpzhuanyong_xuniji/Application/Runtime/Cache/Home/dab5f01accaa1d8877085b320953809a.php 第 10 行.
NOTIC: [8] Array to string conversion /usr/local/apache2/htdocs/ceshitpzhuanyong_xuniji/Application/Runtime/Cache/Home/dab5f01accaa1d8877085b320953809a.php 第 10 行.
NOTIC: [8] Array to string conversion /usr/local/apache2/htdocs/ceshitpzhuanyong_xuniji/Application/Runtime/Cache/Home/dab5f01accaa1d8877085b320953809a.php 第 10 行.
INFO: Run Behavior\ParseTemplateBehavior [ RunTime:0.074574s ]
INFO: [ view_parse ] --END-- [ RunTime:0.074644s ]
INFO: [ view_filter ] --START--
INFO: Run Behavior\WriteHtmlCacheBehavior [ RunTime:0.000878s ]
INFO: [ view_filter ] --END-- [ RunTime:0.000950s ]
INFO: [ app_end ] --START--
INFO: Run Behavior\ShowPageTraceBehavior [ RunTime:0.002049s ]
INFO: [ app_end ] --END-- [ RunTime:0.002169s ]

[ 2017-10-09T22:08:08+08:00 ] 192.168.32.109 /ceshitpzhuanyong_xuniji/Home/Ceshi/xunsearch
INFO: [ app_init ] --START--
INFO: Run Behavior\BuildLiteBehavior [ RunTime:0.000011s ]
INFO: [ app_init ] --END-- [ RunTime:0.000250s ]
INFO: [ app_begin ] --START--
INFO: Run Behavior\ReadHtmlCacheBehavior [ RunTime:0.000261s ]
INFO: [ app_begin ] --END-- [ RunTime:0.000287s ]
SQL: SHOW COLUMNS FROM `shop_xdll` [ RunTime:0.0004s ]
SQL: SELECT * FROM `shop_xdll`  [ RunTime:0.0003s ]
INFO: [ view_parse ] --START--
INFO: [ template_filter ] --START--
INFO: Run Behavior\ContentReplaceBehavior [ RunTime:0.000095s ]
INFO: [ template_filter ] --END-- [ RunTime:0.000278s ]
NOTIC: [8] Array to string conversion /usr/local/apache2/htdocs/ceshitpzhuanyong_xuniji/Application/Runtime/Cache/Home/dab5f01accaa1d8877085b320953809a.php 第 10 行.
NOTIC: [8] Array to string conversion /usr/local/apache2/htdocs/ceshitpzhuanyong_xuniji/Application/Runtime/Cache/Home/dab5f01accaa1d8877085b320953809a.php 第 10 行.
NOTIC: [8] Array to string conversion /usr/local/apache2/htdocs/ceshitpzhuanyong_xuniji/Application/Runtime/Cache/Home/dab5f01accaa1d8877085b320953809a.php 第 10 行.
NOTIC: [8] Array to string conversion /usr/local/apache2/htdocs/ceshitpzhuanyong_xuniji/Application/Runtime/Cache/Home/dab5f01accaa1d8877085b320953809a.php 第 10 行.
NOTIC: [8] Array to string conversion /usr/local/apache2/htdocs/ceshitpzhuanyong_xuniji/Application/Runtime/Cache/Home/dab5f01accaa1d8877085b320953809a.php 第 10 行.
NOTIC: [8] Array to string conversion /usr/local/apache2/htdocs/ceshitpzhuanyong_xuniji/Application/Runtime/Cache/Home/dab5f01accaa1d8877085b320953809a.php 第 10 行.
NOTIC: [8] Array to string conversion /usr/local/apache2/htdocs/ceshitpzhuanyong_xuniji/Application/Runtime/Cache/Home/dab5f01accaa1d8877085b320953809a.php 第 10 行.
NOTIC: [8] Array to string conversion /usr/local/apache2/htdocs/ceshitpzhuanyong_xuniji/Application/Runtime/Cache/Home/dab5f01accaa1d8877085b320953809a.php 第 10 行.
NOTIC: [8] Array to string conversion /usr/local/apache2/htdocs/ceshitpzhuanyong_xuniji/Application/Runtime/Cache/Home/dab5f01accaa1d8877085b320953809a.php 第 10 行.
NOTIC: [8] Array to string conversion /usr/local/apache2/htdocs/ceshitpzhuanyong_xuniji/Application/Runtime/Cache/Home/dab5f01accaa1d8877085b320953809a.php 第 10 行.
NOTIC: [8] Array to string conversion /usr/local/apache2/htdocs/ceshitpzhuanyong_xuniji/Application/Runtime/Cache/Home/dab5f01accaa1d8877085b320953809a.php 第 10 行.
NOTIC: [8] Array to string conversion /usr/local/apache2/htdocs/ceshitpzhuanyong_xuniji/Application/Runtime/Cache/Home/dab5f01accaa1d8877085b320953809a.php 第 10 行.
NOTIC: [8] Array to string conversion /usr/local/apache2/htdocs/ceshitpzhuanyong_xuniji/Application/Runtime/Cache/Home/dab5f01accaa1d8877085b320953809a.php 第 10 行.
NOTIC: [8] Array to string conversion /usr/local/apache2/htdocs/ceshitpzhuanyong_xuniji/Application/Runtime/Cache/Home/dab5f01accaa1d8877085b320953809a.php 第 10 行.
NOTIC: [8] Array to string conversion /usr/local/apache2/htdocs/ceshitpzhuanyong_xuniji/Application/Runtime/Cache/Home/dab5f01accaa1d8877085b320953809a.php 第 10 行.
NOTIC: [8] Array to string conversion /usr/local/apache2/htdocs/ceshitpzhuanyong_xuniji/Application/Runtime/Cache/Home/dab5f01accaa1d8877085b320953809a.php 第 10 行.
NOTIC: [8] Array to string conversion /usr/local/apache2/htdocs/ceshitpzhuanyong_xuniji/Application/Runtime/Cache/Home/dab5f01accaa1d8877085b320953809a.php 第 10 行.
NOTIC: [8] Array to string conversion /usr/local/apache2/htdocs/ceshitpzhuanyong_xuniji/Application/Runtime/Cache/Home/dab5f01accaa1d8877085b320953809a.php 第 10 行.
NOTIC: [8] Array to string conversion /usr/local/apache2/htdocs/ceshitpzhuanyong_xuniji/Application/Runtime/Cache/Home/dab5f01accaa1d8877085b320953809a.php 第 10 行.
NOTIC: [8] Array to string conversion /usr/local/apache2/htdocs/ceshitpzhuanyong_xuniji/Application/Runtime/Cache/Home/dab5f01accaa1d8877085b320953809a.php 第 10 行.
NOTIC: [8] Array to string conversion /usr/local/apache2/htdocs/ceshitpzhuanyong_xuniji/Application/Runtime/Cache/Home/dab5f01accaa1d8877085b320953809a.php 第 10 行.
NOTIC: [8] Array to string conversion /usr/local/apache2/htdocs/ceshitpzhuanyong_xuniji/Application/Runtime/Cache/Home/dab5f01accaa1d8877085b320953809a.php 第 10 行.
NOTIC: [8] Array to string conversion /usr/local/apache2/htdocs/ceshitpzhuanyong_xuniji/Application/Runtime/Cache/Home/dab5f01accaa1d8877085b320953809a.php 第 10 行.
NOTIC: [8] Array to string conversion /usr/local/apache2/htdocs/ceshitpzhuanyong_xuniji/Application/Runtime/Cache/Home/dab5f01accaa1d8877085b320953809a.php 第 10 行.
NOTIC: [8] Array to string conversion /usr/local/apache2/htdocs/ceshitpzhuanyong_xuniji/Application/Runtime/Cache/Home/dab5f01accaa1d8877085b320953809a.php 第 10 行.
NOTIC: [8] Array to string conversion /usr/local/apache2/htdocs/ceshitpzhuanyong_xuniji/Application/Runtime/Cache/Home/dab5f01accaa1d8877085b320953809a.php 第 10 行.
NOTIC: [8] Array to string conversion /usr/local/apache2/htdocs/ceshitpzhuanyong_xuniji/Application/Runtime/Cache/Home/dab5f01accaa1d8877085b320953809a.php 第 10 行.
NOTIC: [8] Array to string conversion /usr/local/apache2/htdocs/ceshitpzhuanyong_xuniji/Application/Runtime/Cache/Home/dab5f01accaa1d8877085b320953809a.php 第 10 行.
NOTIC: [8] Array to string conversion /usr/local/apache2/htdocs/ceshitpzhuanyong_xuniji/Application/Runtime/Cache/Home/dab5f01accaa1d8877085b320953809a.php 第 10 行.
NOTIC: [8] Array to string conversion /usr/local/apache2/htdocs/ceshitpzhuanyong_xuniji/Application/Runtime/Cache/Home/dab5f01accaa1d8877085b320953809a.php 第 10 行.
NOTIC: [8] Array to string conversion /usr/local/apache2/htdocs/ceshitpzhuanyong_xuniji/Application/Runtime/Cache/Home/dab5f01accaa1d8877085b320953809a.php 第 10 行.
NOTIC: [8] Array to string conversion /usr/local/apache2/htdocs/ceshitpzhuanyong_xuniji/Application/Runtime/Cache/Home/dab5f01accaa1d8877085b320953809a.php 第 10 行.
NOTIC: [8] Array to string conversion /usr/local/apache2/htdocs/ceshitpzhuanyong_xuniji/Application/Runtime/Cache/Home/dab5f01accaa1d8877085b320953809a.php 第 10 行.
NOTIC: [8] Array to string conversion /usr/local/apache2/htdocs/ceshitpzhuanyong_xuniji/Application/Runtime/Cache/Home/dab5f01accaa1d8877085b320953809a.php 第 10 行.
NOTIC: [8] Array to string conversion /usr/local/apache2/htdocs/ceshitpzhuanyong_xuniji/Application/Runtime/Cache/Home/dab5f01accaa1d8877085b320953809a.php 第 10 行.
NOTIC: [8] Array to string conversion /usr/local/apache2/htdocs/ceshitpzhuanyong_xuniji/Application/Runtime/Cache/Home/dab5f01accaa1d8877085b320953809a.php 第 10 行.
NOTIC: [8] Array to string conversion /usr/local/apache2/htdocs/ceshitpzhuanyong_xuniji/Application/Runtime/Cache/Home/dab5f01accaa1d8877085b320953809a.php 第 10 行.
NOTIC: [8] Array to string conversion /usr/local/apache2/htdocs/ceshitpzhuanyong_xuniji/Application/Runtime/Cache/Home/dab5f01accaa1d8877085b320953809a.php 第 10 行.
NOTIC: [8] Array to string conversion /usr/local/apache2/htdocs/ceshitpzhuanyong_xuniji/Application/Runtime/Cache/Home/dab5f01accaa1d8877085b320953809a.php 第 10 行.
NOTIC: [8] Array to string conversion /usr/local/apache2/htdocs/ceshitpzhuanyong_xuniji/Application/Runtime/Cache/Home/dab5f01accaa1d8877085b320953809a.php 第 10 行.
NOTIC: [8] Array to string conversion /usr/local/apache2/htdocs/ceshitpzhuanyong_xuniji/Application/Runtime/Cache/Home/dab5f01accaa1d8877085b320953809a.php 第 10 行.
NOTIC: [8] Array to string conversion /usr/local/apache2/htdocs/ceshitpzhuanyong_xuniji/Application/Runtime/Cache/Home/dab5f01accaa1d8877085b320953809a.php 第 10 行.
NOTIC: [8] Array to string conversion /usr/local/apache2/htdocs/ceshitpzhuanyong_xuniji/Application/Runtime/Cache/Home/dab5f01accaa1d8877085b320953809a.php 第 10 行.
NOTIC: [8] Array to string conversion /usr/local/apache2/htdocs/ceshitpzhuanyong_xuniji/Application/Runtime/Cache/Home/dab5f01accaa1d8877085b320953809a.php 第 10 行.
NOTIC: [8] Array to string conversion /usr/local/apache2/htdocs/ceshitpzhuanyong_xuniji/Application/Runtime/Cache/Home/dab5f01accaa1d8877085b320953809a.php 第 10 行.
NOTIC: [8] Array to string conversion /usr/local/apache2/htdocs/ceshitpzhuanyong_xuniji/Application/Runtime/Cache/Home/dab5f01accaa1d8877085b320953809a.php 第 10 行.
NOTIC: [8] Array to string conversion /usr/local/apache2/htdocs/ceshitpzhuanyong_xuniji/Application/Runtime/Cache/Home/dab5f01accaa1d8877085b320953809a.php 第 10 行.
NOTIC: [8] Array to string conversion /usr/local/apache2/htdocs/ceshitpzhuanyong_xuniji/Application/Runtime/Cache/Home/dab5f01accaa1d8877085b320953809a.php 第 10 行.
NOTIC: [8] Array to string conversion /usr/local/apache2/htdocs/ceshitpzhuanyong_xuniji/Application/Runtime/Cache/Home/dab5f01accaa1d8877085b320953809a.php 第 10 行.
NOTIC: [8] Array to string conversion /usr/local/apache2/htdocs/ceshitpzhuanyong_xuniji/Application/Runtime/Cache/Home/dab5f01accaa1d8877085b320953809a.php 第 10 行.
NOTIC: [8] Array to string conversion /usr/local/apache2/htdocs/ceshitpzhuanyong_xuniji/Application/Runtime/Cache/Home/dab5f01accaa1d8877085b320953809a.php 第 10 行.
NOTIC: [8] Array to string conversion /usr/local/apache2/htdocs/ceshitpzhuanyong_xuniji/Application/Runtime/Cache/Home/dab5f01accaa1d8877085b320953809a.php 第 10 行.
NOTIC: [8] Array to string conversion /usr/local/apache2/htdocs/ceshitpzhuanyong_xuniji/Application/Runtime/Cache/Home/dab5f01accaa1d8877085b320953809a.php 第 10 行.
NOTIC: [8] Array to string conversion /usr/local/apache2/htdocs/ceshitpzhuanyong_xuniji/Application/Runtime/Cache/Home/dab5f01accaa1d8877085b320953809a.php 第 10 行.
NOTIC: [8] Array to string conversion /usr/local/apache2/htdocs/ceshitpzhuanyong_xuniji/Application/Runtime/Cache/Home/dab5f01accaa1d8877085b320953809a.php 第 10 行.
NOTIC: [8] Array to string conversion /usr/local/apache2/htdocs/ceshitpzhuanyong_xuniji/Application/Runtime/Cache/Home/dab5f01accaa1d8877085b320953809a.php 第 10 行.
NOTIC: [8] Array to string conversion /usr/local/apache2/htdocs/ceshitpzhuanyong_xuniji/Application/Runtime/Cache/Home/dab5f01accaa1d8877085b320953809a.php 第 10 行.
INFO: Run Behavior\ParseTemplateBehavior [ RunTime:0.126112s ]
INFO: [ view_parse ] --END-- [ RunTime:0.126163s ]
INFO: [ view_filter ] --START--
INFO: Run Behavior\WriteHtmlCacheBehavior [ RunTime:0.000407s ]
INFO: [ view_filter ] --END-- [ RunTime:0.000620s ]
NOTIC: [2] Cannot modify header information - headers already sent by (output started at /usr/local/apache2/htdocs/ceshitpzhuanyong_xuniji/Application/Home/Controller/CeshiController.class.php:127) /usr/local/apache2/htdocs/ceshitpzhuanyong_xuniji/ThinkPHP/Library/Think/View.class.php 第 91 行.
NOTIC: [2] Cannot modify header information - headers already sent by (output started at /usr/local/apache2/htdocs/ceshitpzhuanyong_xuniji/Application/Home/Controller/CeshiController.class.php:127) /usr/local/apache2/htdocs/ceshitpzhuanyong_xuniji/ThinkPHP/Library/Think/View.class.php 第 92 行.
NOTIC: [2] Cannot modify header information - headers already sent by (output started at /usr/local/apache2/htdocs/ceshitpzhuanyong_xuniji/Application/Home/Controller/CeshiController.class.php:127) /usr/local/apache2/htdocs/ceshitpzhuanyong_xuniji/ThinkPHP/Library/Think/View.class.php 第 93 行.
INFO: [ app_end ] --START--
INFO: Run Behavior\ShowPageTraceBehavior [ RunTime:0.002238s ]
INFO: [ app_end ] --END-- [ RunTime:0.002362s ]

[ 2017-10-09T22:08:34+08:00 ] 192.168.32.109 /ceshitpzhuanyong_xuniji/Home/Ceshi/xunsearch
INFO: [ app_init ] --START--
INFO: Run Behavior\BuildLiteBehavior [ RunTime:0.000023s ]
INFO: [ app_init ] --END-- [ RunTime:0.048236s ]
INFO: [ app_begin ] --START--
INFO: Run Behavior\ReadHtmlCacheBehavior [ RunTime:0.035698s ]
INFO: [ app_begin ] --END-- [ RunTime:0.035790s ]
SQL: SHOW COLUMNS FROM `shop_xdll` [ RunTime:0.0010s ]
SQL: SELECT * FROM `shop_xdll`  [ RunTime:0.0010s ]
INFO: [ view_parse ] --START--
INFO: [ template_filter ] --START--
INFO: Run Behavior\ContentReplaceBehavior [ RunTime:0.000057s ]
INFO: [ template_filter ] --END-- [ RunTime:0.000135s ]
INFO: Run Behavior\ParseTemplateBehavior [ RunTime:0.014461s ]
INFO: [ view_parse ] --END-- [ RunTime:0.014912s ]
INFO: [ view_filter ] --START--
INFO: Run Behavior\WriteHtmlCacheBehavior [ RunTime:0.000129s ]
INFO: [ view_filter ] --END-- [ RunTime:0.000153s ]
NOTIC: [2] Cannot modify header information - headers already sent by (output started at /usr/local/apache2/htdocs/ceshitpzhuanyong_xuniji/Application/Home/Controller/CeshiController.class.php:127) /usr/local/apache2/htdocs/ceshitpzhuanyong_xuniji/ThinkPHP/Library/Think/View.class.php 第 91 行.
NOTIC: [2] Cannot modify header information - headers already sent by (output started at /usr/local/apache2/htdocs/ceshitpzhuanyong_xuniji/Application/Home/Controller/CeshiController.class.php:127) /usr/local/apache2/htdocs/ceshitpzhuanyong_xuniji/ThinkPHP/Library/Think/View.class.php 第 92 行.
NOTIC: [2] Cannot modify header information - headers already sent by (output started at /usr/local/apache2/htdocs/ceshitpzhuanyong_xuniji/Application/Home/Controller/CeshiController.class.php:127) /usr/local/apache2/htdocs/ceshitpzhuanyong_xuniji/ThinkPHP/Library/Think/View.class.php 第 93 行.
INFO: [ app_end ] --START--
INFO: Run Behavior\ShowPageTraceBehavior [ RunTime:0.001775s ]
INFO: [ app_end ] --END-- [ RunTime:0.001817s ]

[ 2017-10-09T22:09:02+08:00 ] 192.168.32.109 /ceshitpzhuanyong_xuniji/Home/Ceshi/xunsearch
INFO: [ app_init ] --START--
INFO: Run Behavior\BuildLiteBehavior [ RunTime:0.000010s ]
INFO: [ app_init ] --END-- [ RunTime:0.000272s ]
INFO: [ app_begin ] --START--
INFO: Run Behavior\ReadHtmlCacheBehavior [ RunTime:0.000295s ]
INFO: [ app_begin ] --END-- [ RunTime:0.000346s ]
SQL: SHOW COLUMNS FROM `shop_xdll` [ RunTime:0.0005s ]
SQL: SELECT * FROM `shop_xdll`  [ RunTime:0.0003s ]
INFO: [ view_parse ] --START--
INFO: [ template_filter ] --START--
INFO: Run Behavior\ContentReplaceBehavior [ RunTime:0.000020s ]
INFO: [ template_filter ] --END-- [ RunTime:0.000055s ]
INFO: Run Behavior\ParseTemplateBehavior [ RunTime:0.005168s ]
INFO: [ view_parse ] --END-- [ RunTime:0.005230s ]
INFO: [ view_filter ] --START--
INFO: Run Behavior\WriteHtmlCacheBehavior [ RunTime:0.000092s ]
INFO: [ view_filter ] --END-- [ RunTime:0.000110s ]
INFO: [ app_end ] --START--
INFO: Run Behavior\ShowPageTraceBehavior [ RunTime:0.000286s ]
INFO: [ app_end ] --END-- [ RunTime:0.000307s ]

[ 2017-10-09T22:09:18+08:00 ] 192.168.32.109 /ceshitpzhuanyong_xuniji/Home/Ceshi/xunsearch
INFO: [ app_init ] --START--
INFO: Run Behavior\BuildLiteBehavior [ RunTime:0.000010s ]
INFO: [ app_init ] --END-- [ RunTime:0.000210s ]
INFO: [ app_begin ] --START--
INFO: Run Behavior\ReadHtmlCacheBehavior [ RunTime:0.000255s ]
INFO: [ app_begin ] --END-- [ RunTime:0.000279s ]
SQL: SHOW COLUMNS FROM `shop_xdll` [ RunTime:0.0017s ]
SQL: SELECT * FROM `shop_xdll` LIMIT 5   [ RunTime:0.0002s ]
INFO: [ view_parse ] --START--
INFO: [ template_filter ] --START--
INFO: Run Behavior\ContentReplaceBehavior [ RunTime:0.000025s ]
INFO: [ template_filter ] --END-- [ RunTime:0.000071s ]
INFO: Run Behavior\ParseTemplateBehavior [ RunTime:0.006594s ]
INFO: [ view_parse ] --END-- [ RunTime:0.006625s ]
INFO: [ view_filter ] --START--
INFO: Run Behavior\WriteHtmlCacheBehavior [ RunTime:0.000115s ]
INFO: [ view_filter ] --END-- [ RunTime:0.000136s ]
INFO: [ app_end ] --START--
INFO: Run Behavior\ShowPageTraceBehavior [ RunTime:0.000315s ]
INFO: [ app_end ] --END-- [ RunTime:0.000478s ]

[ 2017-10-09T22:09:27+08:00 ] 192.168.32.109 /ceshitpzhuanyong_xuniji/Home/Ceshi/xunsearch
INFO: [ app_init ] --START--
INFO: Run Behavior\BuildLiteBehavior [ RunTime:0.000058s ]
INFO: [ app_init ] --END-- [ RunTime:0.001999s ]
INFO: [ app_begin ] --START--
INFO: Run Behavior\ReadHtmlCacheBehavior [ RunTime:0.000432s ]
INFO: [ app_begin ] --END-- [ RunTime:0.000488s ]
SQL: SHOW COLUMNS FROM `shop_xdll` [ RunTime:0.0007s ]
SQL: SELECT * FROM `shop_xdll` LIMIT 5   [ RunTime:0.0004s ]
INFO: [ view_parse ] --START--
INFO: [ template_filter ] --START--
INFO: Run Behavior\ContentReplaceBehavior [ RunTime:0.000034s ]
INFO: [ template_filter ] --END-- [ RunTime:0.000096s ]
INFO: Run Behavior\ParseTemplateBehavior [ RunTime:0.048784s ]
INFO: [ view_parse ] --END-- [ RunTime:0.048852s ]
INFO: [ view_filter ] --START--
INFO: Run Behavior\WriteHtmlCacheBehavior [ RunTime:0.000186s ]
INFO: [ view_filter ] --END-- [ RunTime:0.000218s ]
INFO: [ app_end ] --START--
INFO: Run Behavior\ShowPageTraceBehavior [ RunTime:0.000655s ]
INFO: [ app_end ] --END-- [ RunTime:0.000713s ]

[ 2017-10-09T22:09:34+08:00 ] 192.168.32.109 /ceshitpzhuanyong_xuniji/Home/Ceshi/xunsearch
INFO: [ app_init ] --START--
INFO: Run Behavior\BuildLiteBehavior [ RunTime:0.000017s ]
INFO: [ app_init ] --END-- [ RunTime:0.016866s ]
INFO: [ app_begin ] --START--
INFO: Run Behavior\ReadHtmlCacheBehavior [ RunTime:0.000399s ]
INFO: [ app_begin ] --END-- [ RunTime:0.000439s ]
SQL: SHOW COLUMNS FROM `shop_xdll` [ RunTime:0.0008s ]
SQL: SELECT * FROM `shop_xdll` LIMIT 5   [ RunTime:0.0111s ]
INFO: [ view_parse ] --START--
INFO: [ template_filter ] --START--
INFO: Run Behavior\ContentReplaceBehavior [ RunTime:0.000039s ]
INFO: [ template_filter ] --END-- [ RunTime:0.000157s ]
INFO: Run Behavior\ParseTemplateBehavior [ RunTime:0.062293s ]
INFO: [ view_parse ] --END-- [ RunTime:0.062355s ]
INFO: [ view_filter ] --START--
INFO: Run Behavior\WriteHtmlCacheBehavior [ RunTime:0.000178s ]
INFO: [ view_filter ] --END-- [ RunTime:0.000213s ]
INFO: [ app_end ] --START--
INFO: Run Behavior\ShowPageTraceBehavior [ RunTime:0.000902s ]
INFO: [ app_end ] --END-- [ RunTime:0.000992s ]

[ 2017-10-09T22:09:34+08:00 ] 192.168.32.109 /ceshitpzhuanyong_xuniji/Home/Ceshi/xunsearch
INFO: [ app_init ] --START--
INFO: Run Behavior\BuildLiteBehavior [ RunTime:0.000015s ]
INFO: [ app_init ] --END-- [ RunTime:0.000401s ]
INFO: [ app_begin ] --START--
INFO: Run Behavior\ReadHtmlCacheBehavior [ RunTime:0.000553s ]
INFO: [ app_begin ] --END-- [ RunTime:0.000604s ]
SQL: SHOW COLUMNS FROM `shop_xdll` [ RunTime:0.0004s ]
SQL: SELECT * FROM `shop_xdll` LIMIT 5   [ RunTime:0.0002s ]
INFO: [ view_parse ] --START--
INFO: [ template_filter ] --START--
INFO: Run Behavior\ContentReplaceBehavior [ RunTime:0.000021s ]
INFO: [ template_filter ] --END-- [ RunTime:0.000051s ]
INFO: Run Behavior\ParseTemplateBehavior [ RunTime:0.003878s ]
INFO: [ view_parse ] --END-- [ RunTime:0.003909s ]
INFO: [ view_filter ] --START--
INFO: Run Behavior\WriteHtmlCacheBehavior [ RunTime:0.000117s ]
INFO: [ view_filter ] --END-- [ RunTime:0.000143s ]
INFO: [ app_end ] --START--
INFO: Run Behavior\ShowPageTraceBehavior [ RunTime:0.001126s ]
INFO: [ app_end ] --END-- [ RunTime:0.001162s ]

[ 2017-10-09T22:09:40+08:00 ] 192.168.32.109 /ceshitpzhuanyong_xuniji/Home/Ceshi/xunsearch
INFO: [ app_init ] --START--
INFO: Run Behavior\BuildLiteBehavior [ RunTime:0.000013s ]
INFO: [ app_init ] --END-- [ RunTime:0.015399s ]
INFO: [ app_begin ] --START--
INFO: Run Behavior\ReadHtmlCacheBehavior [ RunTime:0.000287s ]
INFO: [ app_begin ] --END-- [ RunTime:0.000316s ]
SQL: SHOW COLUMNS FROM `shop_xdll` [ RunTime:0.0008s ]
SQL: SELECT * FROM `shop_xdll` LIMIT 5   [ RunTime:0.0003s ]
INFO: [ view_parse ] --START--
INFO: [ template_filter ] --START--
INFO: Run Behavior\ContentReplaceBehavior [ RunTime:0.000028s ]
INFO: [ template_filter ] --END-- [ RunTime:0.000074s ]
INFO: Run Behavior\ParseTemplateBehavior [ RunTime:0.006858s ]
INFO: [ view_parse ] --END-- [ RunTime:0.006900s ]
INFO: [ view_filter ] --START--
INFO: Run Behavior\WriteHtmlCacheBehavior [ RunTime:0.000136s ]
INFO: [ view_filter ] --END-- [ RunTime:0.000163s ]
INFO: [ app_end ] --START--
INFO: Run Behavior\ShowPageTraceBehavior [ RunTime:0.000435s ]
INFO: [ app_end ] --END-- [ RunTime:0.000464s ]

[ 2017-10-09T22:09:53+08:00 ] 192.168.32.109 /ceshitpzhuanyong_xuniji/Home/Ceshi/xunsearch
INFO: [ app_init ] --START--
INFO: Run Behavior\BuildLiteBehavior [ RunTime:0.000011s ]
INFO: [ app_init ] --END-- [ RunTime:0.000379s ]
INFO: [ app_begin ] --START--
INFO: Run Behavior\ReadHtmlCacheBehavior [ RunTime:0.000329s ]
INFO: [ app_begin ] --END-- [ RunTime:0.000362s ]
SQL: SHOW COLUMNS FROM `shop_xdll` [ RunTime:0.0005s ]
SQL: SELECT * FROM `shop_xdll` LIMIT 5   [ RunTime:0.0003s ]
INFO: [ view_parse ] --START--
INFO: [ template_filter ] --START--
INFO: Run Behavior\ContentReplaceBehavior [ RunTime:0.000023s ]
INFO: [ template_filter ] --END-- [ RunTime:0.000062s ]
INFO: Run Behavior\ParseTemplateBehavior [ RunTime:0.005393s ]
INFO: [ view_parse ] --END-- [ RunTime:0.005423s ]
INFO: [ view_filter ] --START--
INFO: Run Behavior\WriteHtmlCacheBehavior [ RunTime:0.000111s ]
INFO: [ view_filter ] --END-- [ RunTime:0.000134s ]
INFO: [ app_end ] --START--
INFO: Run Behavior\ShowPageTraceBehavior [ RunTime:0.000454s ]
INFO: [ app_end ] --END-- [ RunTime:0.000481s ]

[ 2017-10-09T22:11:31+08:00 ] 192.168.32.109 /ceshitpzhuanyong_xuniji/Home/Ceshi/xunsearch
INFO: [ app_init ] --START--
INFO: Run Behavior\BuildLiteBehavior [ RunTime:0.000015s ]
INFO: [ app_init ] --END-- [ RunTime:0.000659s ]
INFO: [ app_begin ] --START--
INFO: Run Behavior\ReadHtmlCacheBehavior [ RunTime:0.000449s ]
INFO: [ app_begin ] --END-- [ RunTime:0.000490s ]
SQL: SHOW COLUMNS FROM `shop_xdll` [ RunTime:0.0006s ]
SQL: SELECT * FROM `shop_xdll` LIMIT 5   [ RunTime:0.0002s ]
INFO: [ view_parse ] --START--
INFO: [ template_filter ] --START--
INFO: Run Behavior\ContentReplaceBehavior [ RunTime:0.000025s ]
INFO: [ template_filter ] --END-- [ RunTime:0.000067s ]
INFO: Run Behavior\ParseTemplateBehavior [ RunTime:0.013787s ]
INFO: [ view_parse ] --END-- [ RunTime:0.013817s ]
INFO: [ view_filter ] --START--
INFO: Run Behavior\WriteHtmlCacheBehavior [ RunTime:0.000111s ]
INFO: [ view_filter ] --END-- [ RunTime:0.000131s ]
INFO: [ app_end ] --START--
INFO: Run Behavior\ShowPageTraceBehavior [ RunTime:0.000321s ]
INFO: [ app_end ] --END-- [ RunTime:0.000342s ]

[ 2017-10-09T22:27:37+08:00 ] 192.168.32.109 /ceshitpzhuanyong_xuniji/Home/Ceshi/xunsearch
INFO: [ app_init ] --START--
INFO: Run Behavior\BuildLiteBehavior [ RunTime:0.000012s ]
INFO: [ app_init ] --END-- [ RunTime:0.010220s ]
INFO: [ app_begin ] --START--
INFO: Run Behavior\ReadHtmlCacheBehavior [ RunTime:0.000263s ]
INFO: [ app_begin ] --END-- [ RunTime:0.000287s ]
ERR: Missing field of type ID

[ 2017-10-09T22:27:43+08:00 ] 192.168.32.109 /ceshitpzhuanyong_xuniji/Home/Ceshi/xunsearch
INFO: [ app_init ] --START--
INFO: Run Behavior\BuildLiteBehavior [ RunTime:0.000022s ]
INFO: [ app_init ] --END-- [ RunTime:0.016094s ]
INFO: [ app_begin ] --START--
INFO: Run Behavior\ReadHtmlCacheBehavior [ RunTime:0.000370s ]
INFO: [ app_begin ] --END-- [ RunTime:0.000417s ]
ERR: Missing field of type ID

[ 2017-10-09T22:27:43+08:00 ] 192.168.32.109 /ceshitpzhuanyong_xuniji/Home/Ceshi/xunsearch
INFO: [ app_init ] --START--
INFO: Run Behavior\BuildLiteBehavior [ RunTime:0.000011s ]
INFO: [ app_init ] --END-- [ RunTime:0.000260s ]
INFO: [ app_begin ] --START--
INFO: Run Behavior\ReadHtmlCacheBehavior [ RunTime:0.000417s ]
INFO: [ app_begin ] --END-- [ RunTime:0.000456s ]
ERR: Missing field of type ID

[ 2017-10-09T22:27:43+08:00 ] 192.168.32.109 /ceshitpzhuanyong_xuniji/Home/Ceshi/xunsearch
INFO: [ app_init ] --START--
INFO: Run Behavior\BuildLiteBehavior [ RunTime:0.000009s ]
INFO: [ app_init ] --END-- [ RunTime:0.000224s ]
INFO: [ app_begin ] --START--
INFO: Run Behavior\ReadHtmlCacheBehavior [ RunTime:0.000238s ]
INFO: [ app_begin ] --END-- [ RunTime:0.000260s ]
ERR: Missing field of type ID

[ 2017-10-09T22:27:46+08:00 ] 192.168.32.109 /ceshitpzhuanyong_xuniji/Home/Ceshi/xunsearch
INFO: [ app_init ] --START--
INFO: Run Behavior\BuildLiteBehavior [ RunTime:0.000013s ]
INFO: [ app_init ] --END-- [ RunTime:0.000353s ]
INFO: [ app_begin ] --START--
INFO: Run Behavior\ReadHtmlCacheBehavior [ RunTime:0.000392s ]
INFO: [ app_begin ] --END-- [ RunTime:0.000431s ]
ERR: Missing field of type ID

[ 2017-10-09T22:27:49+08:00 ] 192.168.32.109 /ceshitpzhuanyong_xuniji/Home/Ceshi/xunsearch
INFO: [ app_init ] --START--
INFO: Run Behavior\BuildLiteBehavior [ RunTime:0.000012s ]
INFO: [ app_init ] --END-- [ RunTime:0.000341s ]
INFO: [ app_begin ] --START--
INFO: Run Behavior\ReadHtmlCacheBehavior [ RunTime:0.000411s ]
INFO: [ app_begin ] --END-- [ RunTime:0.000452s ]
ERR: Missing field of type ID

[ 2017-10-09T22:27:51+08:00 ] 192.168.32.109 /ceshitpzhuanyong_xuniji/Home/Ceshi/xunsearch
INFO: [ app_init ] --START--
INFO: Run Behavior\BuildLiteBehavior [ RunTime:0.000029s ]
INFO: [ app_init ] --END-- [ RunTime:0.000707s ]
INFO: [ app_begin ] --START--
INFO: Run Behavior\ReadHtmlCacheBehavior [ RunTime:0.000908s ]
INFO: [ app_begin ] --END-- [ RunTime:0.000974s ]
ERR: Missing field of type ID

[ 2017-10-09T22:27:55+08:00 ] 192.168.32.109 /ceshitpzhuanyong_xuniji/Home/Ceshi/xunsearch
INFO: [ app_init ] --START--
INFO: Run Behavior\BuildLiteBehavior [ RunTime:0.000011s ]
INFO: [ app_init ] --END-- [ RunTime:0.000271s ]
INFO: [ app_begin ] --START--
INFO: Run Behavior\ReadHtmlCacheBehavior [ RunTime:0.000390s ]
INFO: [ app_begin ] --END-- [ RunTime:0.000422s ]
ERR: Missing field of type ID

[ 2017-10-09T22:27:57+08:00 ] 192.168.32.109 /ceshitpzhuanyong_xuniji/Home/Ceshi/xunsearch
INFO: [ app_init ] --START--
INFO: Run Behavior\BuildLiteBehavior [ RunTime:0.000015s ]
INFO: [ app_init ] --END-- [ RunTime:0.000470s ]
INFO: [ app_begin ] --START--
INFO: Run Behavior\ReadHtmlCacheBehavior [ RunTime:0.000547s ]
INFO: [ app_begin ] --END-- [ RunTime:0.000613s ]
INFO: [ view_parse ] --START--
INFO: [ template_filter ] --START--
INFO: Run Behavior\ContentReplaceBehavior [ RunTime:0.000050s ]
INFO: [ template_filter ] --END-- [ RunTime:0.000120s ]
INFO: Run Behavior\ParseTemplateBehavior [ RunTime:0.022592s ]
INFO: [ view_parse ] --END-- [ RunTime:0.022664s ]
INFO: [ view_filter ] --START--
INFO: Run Behavior\WriteHtmlCacheBehavior [ RunTime:0.000334s ]
INFO: [ view_filter ] --END-- [ RunTime:0.000389s ]
INFO: [ app_end ] --START--
INFO: Run Behavior\ShowPageTraceBehavior [ RunTime:0.000989s ]
INFO: [ app_end ] --END-- [ RunTime:0.001047s ]

[ 2017-10-09T22:28:06+08:00 ] 192.168.32.109 /ceshitpzhuanyong_xuniji/Home/Ceshi/xunsearch
INFO: [ app_init ] --START--
INFO: Run Behavior\BuildLiteBehavior [ RunTime:0.000019s ]
INFO: [ app_init ] --END-- [ RunTime:0.016397s ]
INFO: [ app_begin ] --START--
INFO: Run Behavior\ReadHtmlCacheBehavior [ RunTime:0.001012s ]
INFO: [ app_begin ] --END-- [ RunTime:0.001119s ]
INFO: [ view_parse ] --START--
INFO: [ template_filter ] --START--
INFO: Run Behavior\ContentReplaceBehavior [ RunTime:0.000035s ]
INFO: [ template_filter ] --END-- [ RunTime:0.000081s ]
INFO: Run Behavior\ParseTemplateBehavior [ RunTime:0.040662s ]
INFO: [ view_parse ] --END-- [ RunTime:0.040713s ]
INFO: [ view_filter ] --START--
INFO: Run Behavior\WriteHtmlCacheBehavior [ RunTime:0.000124s ]
INFO: [ view_filter ] --END-- [ RunTime:0.000147s ]
INFO: [ app_end ] --START--
INFO: Run Behavior\ShowPageTraceBehavior [ RunTime:0.000410s ]
INFO: [ app_end ] --END-- [ RunTime:0.000434s ]

[ 2017-10-09T22:28:10+08:00 ] 192.168.32.109 /ceshitpzhuanyong_xuniji/Home/Ceshi/xunsearch
INFO: [ app_init ] --START--
INFO: Run Behavior\BuildLiteBehavior [ RunTime:0.000016s ]
INFO: [ app_init ] --END-- [ RunTime:0.019014s ]
INFO: [ app_begin ] --START--
INFO: Run Behavior\ReadHtmlCacheBehavior [ RunTime:0.006517s ]
INFO: [ app_begin ] --END-- [ RunTime:0.006568s ]
ERR: Missing field of type ID

[ 2017-10-09T22:28:25+08:00 ] 192.168.32.109 /ceshitpzhuanyong_xuniji/Home/Ceshi/xunsearch
INFO: [ app_init ] --START--
INFO: Run Behavior\BuildLiteBehavior [ RunTime:0.000029s ]
INFO: [ app_init ] --END-- [ RunTime:0.017024s ]
INFO: [ app_begin ] --START--
INFO: Run Behavior\ReadHtmlCacheBehavior [ RunTime:0.021893s ]
INFO: [ app_begin ] --END-- [ RunTime:0.022177s ]
ERR: Missing argument 1 for XS::__construct(), called in /usr/local/apache2/htdocs/ceshitpzhuanyong_xuniji/Application/Home/Controller/CeshiController.class.php on line 109 and defined

[ 2017-10-09T22:28:27+08:00 ] 192.168.32.109 /ceshitpzhuanyong_xuniji/Home/Ceshi/xunsearch
INFO: [ app_init ] --START--
INFO: Run Behavior\BuildLiteBehavior [ RunTime:0.000015s ]
INFO: [ app_init ] --END-- [ RunTime:0.004565s ]
INFO: [ app_begin ] --START--
INFO: Run Behavior\ReadHtmlCacheBehavior [ RunTime:0.000417s ]
INFO: [ app_begin ] --END-- [ RunTime:0.000459s ]
ERR: Missing field of type ID

[ 2017-10-09T22:29:41+08:00 ] 192.168.32.109 /ceshitpzhuanyong_xuniji/Home/Ceshi/xunsearch
INFO: [ app_init ] --START--
INFO: Run Behavior\BuildLiteBehavior [ RunTime:0.000029s ]
INFO: [ app_init ] --END-- [ RunTime:0.008076s ]
INFO: [ app_begin ] --START--
INFO: Run Behavior\ReadHtmlCacheBehavior [ RunTime:0.000343s ]
INFO: [ app_begin ] --END-- [ RunTime:0.000423s ]
ERR: Class 'Home\Controller\XSDocument' not found

[ 2017-10-09T22:29:48+08:00 ] 192.168.32.109 /ceshitpzhuanyong_xuniji/Home/Ceshi/xunsearch
INFO: [ app_init ] --START--
INFO: Run Behavior\BuildLiteBehavior [ RunTime:0.000020s ]
INFO: [ app_init ] --END-- [ RunTime:0.017330s ]
INFO: [ app_begin ] --START--
INFO: Run Behavior\ReadHtmlCacheBehavior [ RunTime:0.000457s ]
INFO: [ app_begin ] --END-- [ RunTime:0.000514s ]
INFO: [ view_parse ] --START--
INFO: [ template_filter ] --START--
INFO: Run Behavior\ContentReplaceBehavior [ RunTime:0.000027s ]
INFO: [ template_filter ] --END-- [ RunTime:0.000074s ]
INFO: Run Behavior\ParseTemplateBehavior [ RunTime:0.011329s ]
INFO: [ view_parse ] --END-- [ RunTime:0.011374s ]
INFO: [ view_filter ] --START--
INFO: Run Behavior\WriteHtmlCacheBehavior [ RunTime:0.000147s ]
INFO: [ view_filter ] --END-- [ RunTime:0.000173s ]
INFO: [ app_end ] --START--
INFO: Run Behavior\ShowPageTraceBehavior [ RunTime:0.000433s ]
INFO: [ app_end ] --END-- [ RunTime:0.000460s ]

[ 2017-10-09T22:30:03+08:00 ] 192.168.32.109 /ceshitpzhuanyong_xuniji/Home/Ceshi/xunsearch
INFO: [ app_init ] --START--
INFO: Run Behavior\BuildLiteBehavior [ RunTime:0.000027s ]
INFO: [ app_init ] --END-- [ RunTime:0.028024s ]
INFO: [ app_begin ] --START--
INFO: Run Behavior\ReadHtmlCacheBehavior [ RunTime:0.008730s ]
INFO: [ app_begin ] --END-- [ RunTime:0.008837s ]
ERR: Class 'Home\Controller\XSDocument' not found

[ 2017-10-09T22:30:08+08:00 ] 192.168.32.109 /ceshitpzhuanyong_xuniji/Home/Ceshi/xunsearch
INFO: [ app_init ] --START--
INFO: Run Behavior\BuildLiteBehavior [ RunTime:0.000027s ]
INFO: [ app_init ] --END-- [ RunTime:0.047217s ]
INFO: [ app_begin ] --START--
INFO: Run Behavior\ReadHtmlCacheBehavior [ RunTime:0.000511s ]
INFO: [ app_begin ] --END-- [ RunTime:0.000568s ]
INFO: [ view_parse ] --START--
INFO: [ template_filter ] --START--
INFO: Run Behavior\ContentReplaceBehavior [ RunTime:0.000035s ]
INFO: [ template_filter ] --END-- [ RunTime:0.000094s ]
INFO: Run Behavior\ParseTemplateBehavior [ RunTime:0.038749s ]
INFO: [ view_parse ] --END-- [ RunTime:0.038845s ]
INFO: [ view_filter ] --START--
INFO: Run Behavior\WriteHtmlCacheBehavior [ RunTime:0.000235s ]
INFO: [ view_filter ] --END-- [ RunTime:0.000270s ]
INFO: [ app_end ] --START--
INFO: Run Behavior\ShowPageTraceBehavior [ RunTime:0.000541s ]
INFO: [ app_end ] --END-- [ RunTime:0.000579s ]

[ 2017-10-09T22:30:16+08:00 ] 192.168.32.109 /ceshitpzhuanyong_xuniji/Home/Ceshi/xunsearch
INFO: [ app_init ] --START--
INFO: Run Behavior\BuildLiteBehavior [ RunTime:0.000009s ]
INFO: [ app_init ] --END-- [ RunTime:0.000219s ]
INFO: [ app_begin ] --START--
INFO: Run Behavior\ReadHtmlCacheBehavior [ RunTime:0.000262s ]
INFO: [ app_begin ] --END-- [ RunTime:0.000286s ]
INFO: [ view_parse ] --START--
INFO: [ template_filter ] --START--
INFO: Run Behavior\ContentReplaceBehavior [ RunTime:0.000020s ]
INFO: [ template_filter ] --END-- [ RunTime:0.000048s ]
INFO: Run Behavior\ParseTemplateBehavior [ RunTime:0.004051s ]
INFO: [ view_parse ] --END-- [ RunTime:0.004080s ]
INFO: [ view_filter ] --START--
INFO: Run Behavior\WriteHtmlCacheBehavior [ RunTime:0.000088s ]
INFO: [ view_filter ] --END-- [ RunTime:0.000105s ]
INFO: [ app_end ] --START--
INFO: Run Behavior\ShowPageTraceBehavior [ RunTime:0.000276s ]
INFO: [ app_end ] --END-- [ RunTime:0.000294s ]

[ 2017-10-09T22:30:55+08:00 ] 192.168.32.109 /ceshitpzhuanyong_xuniji/Home/Ceshi/xunsearch
INFO: [ app_init ] --START--
INFO: Run Behavior\BuildLiteBehavior [ RunTime:0.000009s ]
INFO: [ app_init ] --END-- [ RunTime:0.000246s ]
INFO: [ app_begin ] --START--
INFO: Run Behavior\ReadHtmlCacheBehavior [ RunTime:0.000263s ]
INFO: [ app_begin ] --END-- [ RunTime:0.000288s ]
ERR: Call to undefined method XSSearch::add()

[ 2017-10-09T22:31:17+08:00 ] 192.168.32.109 /ceshitpzhuanyong_xuniji/Home/Ceshi/xunsearch
INFO: [ app_init ] --START--
INFO: Run Behavior\BuildLiteBehavior [ RunTime:0.000011s ]
INFO: [ app_init ] --END-- [ RunTime:0.000284s ]
INFO: [ app_begin ] --START--
INFO: Run Behavior\ReadHtmlCacheBehavior [ RunTime:0.000347s ]
INFO: [ app_begin ] --END-- [ RunTime:0.000381s ]
INFO: [ view_parse ] --START--
INFO: [ template_filter ] --START--
INFO: Run Behavior\ContentReplaceBehavior [ RunTime:0.000039s ]
INFO: [ template_filter ] --END-- [ RunTime:0.000093s ]
INFO: Run Behavior\ParseTemplateBehavior [ RunTime:0.005879s ]
INFO: [ view_parse ] --END-- [ RunTime:0.005914s ]
INFO: [ view_filter ] --START--
INFO: Run Behavior\WriteHtmlCacheBehavior [ RunTime:0.000121s ]
INFO: [ view_filter ] --END-- [ RunTime:0.000142s ]
INFO: [ app_end ] --START--
INFO: Run Behavior\ShowPageTraceBehavior [ RunTime:0.000364s ]
INFO: [ app_end ] --END-- [ RunTime:0.000388s ]

[ 2017-10-09T22:31:25+08:00 ] 192.168.32.109 /ceshitpzhuanyong_xuniji/Home/Ceshi/xunsearch
INFO: [ app_init ] --START--
INFO: Run Behavior\BuildLiteBehavior [ RunTime:0.000010s ]
INFO: [ app_init ] --END-- [ RunTime:0.000350s ]
INFO: [ app_begin ] --START--
INFO: Run Behavior\ReadHtmlCacheBehavior [ RunTime:0.000645s ]
INFO: [ app_begin ] --END-- [ RunTime:0.000693s ]
ERR: Call to undefined method XSSearch::add()

[ 2017-10-09T22:32:45+08:00 ] 192.168.32.109 /ceshitpzhuanyong_xuniji/Home/Ceshi/xunsearch
INFO: [ app_init ] --START--
INFO: Run Behavior\BuildLiteBehavior [ RunTime:0.000012s ]
INFO: [ app_init ] --END-- [ RunTime:0.002503s ]
INFO: [ app_begin ] --START--
INFO: Run Behavior\ReadHtmlCacheBehavior [ RunTime:0.000351s ]
INFO: [ app_begin ] --END-- [ RunTime:0.000390s ]
ERR: Call to undefined method XSSearch::add()

[ 2017-10-09T22:32:48+08:00 ] 192.168.32.109 /ceshitpzhuanyong_xuniji/Home/Ceshi/xunsearch
INFO: [ app_init ] --START--
INFO: Run Behavior\BuildLiteBehavior [ RunTime:0.000010s ]
INFO: [ app_init ] --END-- [ RunTime:0.000317s ]
INFO: [ app_begin ] --START--
INFO: Run Behavior\ReadHtmlCacheBehavior [ RunTime:0.000371s ]
INFO: [ app_begin ] --END-- [ RunTime:0.000415s ]
INFO: [ view_parse ] --START--
INFO: [ template_filter ] --START--
INFO: Run Behavior\ContentReplaceBehavior [ RunTime:0.000023s ]
INFO: [ template_filter ] --END-- [ RunTime:0.000063s ]
INFO: Run Behavior\ParseTemplateBehavior [ RunTime:0.024298s ]
INFO: [ view_parse ] --END-- [ RunTime:0.024346s ]
INFO: [ view_filter ] --START--
INFO: Run Behavior\WriteHtmlCacheBehavior [ RunTime:0.000101s ]
INFO: [ view_filter ] --END-- [ RunTime:0.000119s ]
INFO: [ app_end ] --START--
INFO: Run Behavior\ShowPageTraceBehavior [ RunTime:0.000330s ]
INFO: [ app_end ] --END-- [ RunTime:0.000349s ]

[ 2017-10-09T22:33:00+08:00 ] 192.168.32.109 /ceshitpzhuanyong_xuniji/Home/Ceshi/xunsearch
INFO: [ app_init ] --START--
INFO: Run Behavior\BuildLiteBehavior [ RunTime:0.000013s ]
INFO: [ app_init ] --END-- [ RunTime:0.007322s ]
INFO: [ app_begin ] --START--
INFO: Run Behavior\ReadHtmlCacheBehavior [ RunTime:0.000563s ]
INFO: [ app_begin ] --END-- [ RunTime:0.000599s ]
INFO: [ view_parse ] --START--
INFO: [ template_filter ] --START--
INFO: Run Behavior\ContentReplaceBehavior [ RunTime:0.000026s ]
INFO: [ template_filter ] --END-- [ RunTime:0.000074s ]
INFO: Run Behavior\ParseTemplateBehavior [ RunTime:0.030193s ]
INFO: [ view_parse ] --END-- [ RunTime:0.030452s ]
INFO: [ view_filter ] --START--
INFO: Run Behavior\WriteHtmlCacheBehavior [ RunTime:0.000115s ]
INFO: [ view_filter ] --END-- [ RunTime:0.000136s ]
INFO: [ app_end ] --START--
INFO: Run Behavior\ShowPageTraceBehavior [ RunTime:0.000333s ]
INFO: [ app_end ] --END-- [ RunTime:0.000353s ]

[ 2017-10-09T22:33:02+08:00 ] 192.168.32.109 /ceshitpzhuanyong_xuniji/Home/Ceshi/xunsearch?username=asd
INFO: [ app_init ] --START--
INFO: Run Behavior\BuildLiteBehavior [ RunTime:0.000012s ]
INFO: [ app_init ] --END-- [ RunTime:0.000237s ]
INFO: [ app_begin ] --START--
INFO: Run Behavior\ReadHtmlCacheBehavior [ RunTime:0.000388s ]
INFO: [ app_begin ] --END-- [ RunTime:0.000421s ]
ERR: Call to undefined method XSSearch::add()

