[ 2017-12-19T17:15:37+08:00 ] 192.168.32.109 /ceshitpzhuanyong_xuniji/
INFO: [ app_init ] --START--
INFO: Run Behavior\BuildLiteBehavior [ RunTime:0.017602s ]
INFO: [ app_init ] --END-- [ RunTime:0.050282s ]
INFO: [ app_begin ] --START--
INFO: Run Behavior\ReadHtmlCacheBehavior [ RunTime:0.000901s ]
INFO: [ app_begin ] --END-- [ RunTime:0.000980s ]
INFO: [ view_parse ] --START--
INFO: [ template_filter ] --START--
INFO: Run Behavior\ContentReplaceBehavior [ RunTime:0.020386s ]
INFO: [ template_filter ] --END-- [ RunTime:0.020648s ]
INFO: Run Behavior\ParseTemplateBehavior [ RunTime:0.154483s ]
INFO: [ view_parse ] --END-- [ RunTime:0.154609s ]
INFO: [ view_filter ] --START--
INFO: Run Behavior\WriteHtmlCacheBehavior [ RunTime:0.000657s ]
INFO: [ view_filter ] --END-- [ RunTime:0.000722s ]
INFO: [ app_end ] --START--
INFO: Run Behavior\ShowPageTraceBehavior [ RunTime:0.001309s ]
INFO: [ app_end ] --END-- [ RunTime:0.001423s ]

[ 2017-12-19T17:15:37+08:00 ] 192.168.32.109 /ceshitpzhuanyong_xuniji/index.php/Home/Index/yzm.html
INFO: [ app_init ] --START--
INFO: Run Behavior\BuildLiteBehavior [ RunTime:0.000016s ]
INFO: [ app_init ] --END-- [ RunTime:0.000450s ]
INFO: [ app_begin ] --START--
INFO: Run Behavior\ReadHtmlCacheBehavior [ RunTime:0.000521s ]
INFO: [ app_begin ] --END-- [ RunTime:0.000583s ]
INFO: [ app_end ] --START--
INFO: Run Behavior\ShowPageTraceBehavior [ RunTime:0.000501s ]
INFO: [ app_end ] --END-- [ RunTime:0.000545s ]

[ 2017-12-19T17:15:58+08:00 ] 192.168.32.109 /ceshitpzhuanyong_xuniji/index.php?c=Ceshi&a=ceshineirong
INFO: [ app_init ] --START--
INFO: Run Behavior\BuildLiteBehavior [ RunTime:0.000019s ]
INFO: [ app_init ] --END-- [ RunTime:0.000407s ]
INFO: [ app_begin ] --START--
INFO: Run Behavior\ReadHtmlCacheBehavior [ RunTime:0.000456s ]
INFO: [ app_begin ] --END-- [ RunTime:0.000494s ]

[ 2017-12-19T17:15:59+08:00 ] 192.168.32.109 /ceshitpzhuanyong_xuniji/index.php?c=Ceshi&a=ceshineirong
INFO: [ app_init ] --START--
INFO: Run Behavior\BuildLiteBehavior [ RunTime:0.000013s ]
INFO: [ app_init ] --END-- [ RunTime:0.006474s ]
INFO: [ app_begin ] --START--
INFO: Run Behavior\ReadHtmlCacheBehavior [ RunTime:0.000296s ]
INFO: [ app_begin ] --END-- [ RunTime:0.000324s ]

[ 2017-12-19T17:16:01+08:00 ] 192.168.32.109 /ceshitpzhuanyong_xuniji/index.php?c=Ceshi&a=ceshineirong
INFO: [ app_init ] --START--
INFO: Run Behavior\BuildLiteBehavior [ RunTime:0.000028s ]
INFO: [ app_init ] --END-- [ RunTime:0.003500s ]
INFO: [ app_begin ] --START--
INFO: Run Behavior\ReadHtmlCacheBehavior [ RunTime:0.004013s ]
INFO: [ app_begin ] --END-- [ RunTime:0.004176s ]

[ 2017-12-19T17:16:14+08:00 ] 192.168.32.109 /ceshitpzhuanyong_xuniji/
INFO: [ app_init ] --START--
INFO: Run Behavior\BuildLiteBehavior [ RunTime:0.000026s ]
INFO: [ app_init ] --END-- [ RunTime:0.000904s ]
INFO: [ app_begin ] --START--
INFO: Run Behavior\ReadHtmlCacheBehavior [ RunTime:0.000808s ]
INFO: [ app_begin ] --END-- [ RunTime:0.000860s ]
INFO: [ view_parse ] --START--
INFO: [ template_filter ] --START--
INFO: Run Behavior\ContentReplaceBehavior [ RunTime:0.000034s ]
INFO: [ template_filter ] --END-- [ RunTime:0.000085s ]
INFO: Run Behavior\ParseTemplateBehavior [ RunTime:0.010506s ]
INFO: [ view_parse ] --END-- [ RunTime:0.010551s ]
INFO: [ view_filter ] --START--
INFO: Run Behavior\WriteHtmlCacheBehavior [ RunTime:0.000247s ]
INFO: [ view_filter ] --END-- [ RunTime:0.000281s ]
INFO: [ app_end ] --START--
INFO: Run Behavior\ShowPageTraceBehavior [ RunTime:0.000594s ]
INFO: [ app_end ] --END-- [ RunTime:0.000634s ]

[ 2017-12-19T17:16:14+08:00 ] 192.168.32.109 /ceshitpzhuanyong_xuniji/index.php/Home/Index/yzm.html
INFO: [ app_init ] --START--
INFO: Run Behavior\BuildLiteBehavior [ RunTime:0.000014s ]
INFO: [ app_init ] --END-- [ RunTime:0.000307s ]
INFO: [ app_begin ] --START--
INFO: Run Behavior\ReadHtmlCacheBehavior [ RunTime:0.000328s ]
INFO: [ app_begin ] --END-- [ RunTime:0.000362s ]
INFO: [ app_end ] --START--
INFO: Run Behavior\ShowPageTraceBehavior [ RunTime:0.000270s ]
INFO: [ app_end ] --END-- [ RunTime:0.000296s ]

[ 2017-12-19T17:16:21+08:00 ] 192.168.32.109 /ceshitpzhuanyong_xuniji/index.php?c=Ceshi&a=ceshineirong
INFO: [ app_init ] --START--
INFO: Run Behavior\BuildLiteBehavior [ RunTime:0.000009s ]
INFO: [ app_init ] --END-- [ RunTime:0.000226s ]
INFO: [ app_begin ] --START--
INFO: Run Behavior\ReadHtmlCacheBehavior [ RunTime:0.000538s ]
INFO: [ app_begin ] --END-- [ RunTime:0.000565s ]

[ 2017-12-19T17:16:35+08:00 ] 192.168.32.109 /ceshitpzhuanyong_xuniji/index.php?c=Ceshi&a=ceshineirong
INFO: [ app_init ] --START--
INFO: Run Behavior\BuildLiteBehavior [ RunTime:0.000015s ]
INFO: [ app_init ] --END-- [ RunTime:0.021514s ]
INFO: [ app_begin ] --START--
INFO: Run Behavior\ReadHtmlCacheBehavior [ RunTime:0.000353s ]
INFO: [ app_begin ] --END-- [ RunTime:0.000384s ]
INFO: [ app_end ] --START--
INFO: Run Behavior\ShowPageTraceBehavior [ RunTime:0.000353s ]
INFO: [ app_end ] --END-- [ RunTime:0.000396s ]

[ 2017-12-19T17:17:48+08:00 ] 192.168.32.109 /ceshitpzhuanyong_xuniji/index.php?c=Ceshi&a=ceshineirong
INFO: [ app_init ] --START--
INFO: Run Behavior\BuildLiteBehavior [ RunTime:0.000026s ]
INFO: [ app_init ] --END-- [ RunTime:0.000749s ]
INFO: [ app_begin ] --START--
INFO: Run Behavior\ReadHtmlCacheBehavior [ RunTime:0.000910s ]
INFO: [ app_begin ] --END-- [ RunTime:0.000986s ]
ERR: Call to undefined function Home\Controller\type()

[ 2017-12-19T17:17:52+08:00 ] 192.168.32.109 /ceshitpzhuanyong_xuniji/index.php?c=Ceshi&a=ceshineirong
INFO: [ app_init ] --START--
INFO: Run Behavior\BuildLiteBehavior [ RunTime:0.000014s ]
INFO: [ app_init ] --END-- [ RunTime:0.001007s ]
INFO: [ app_begin ] --START--
INFO: Run Behavior\ReadHtmlCacheBehavior [ RunTime:0.000322s ]
INFO: [ app_begin ] --END-- [ RunTime:0.000352s ]
ERR: Call to undefined function Home\Controller\type()

[ 2017-12-19T17:18:05+08:00 ] 192.168.32.109 /ceshitpzhuanyong_xuniji/index.php?c=Ceshi&a=ceshineirong
INFO: [ app_init ] --START--
INFO: Run Behavior\BuildLiteBehavior [ RunTime:0.000010s ]
INFO: [ app_init ] --END-- [ RunTime:0.000275s ]
INFO: [ app_begin ] --START--
INFO: Run Behavior\ReadHtmlCacheBehavior [ RunTime:0.000265s ]
INFO: [ app_begin ] --END-- [ RunTime:0.000291s ]
INFO: [ app_end ] --START--
INFO: Run Behavior\ShowPageTraceBehavior [ RunTime:0.000343s ]
INFO: [ app_end ] --END-- [ RunTime:0.000386s ]

[ 2017-12-19T17:18:24+08:00 ] 192.168.32.109 /ceshitpzhuanyong_xuniji/index.php?c=Ceshi&a=ceshineirong
INFO: [ app_init ] --START--
INFO: Run Behavior\BuildLiteBehavior [ RunTime:0.000020s ]
INFO: [ app_init ] --END-- [ RunTime:0.000686s ]
INFO: [ app_begin ] --START--
INFO: Run Behavior\ReadHtmlCacheBehavior [ RunTime:0.000684s ]
INFO: [ app_begin ] --END-- [ RunTime:0.000741s ]
ERR: Call to undefined function Home\Controller\Type()

[ 2017-12-19T17:18:37+08:00 ] 192.168.32.109 /ceshitpzhuanyong_xuniji/index.php?c=Ceshi&a=ceshineirong
INFO: [ app_init ] --START--
INFO: Run Behavior\BuildLiteBehavior [ RunTime:0.000032s ]
INFO: [ app_init ] --END-- [ RunTime:0.004519s ]
INFO: [ app_begin ] --START--
INFO: Run Behavior\ReadHtmlCacheBehavior [ RunTime:0.000966s ]
INFO: [ app_begin ] --END-- [ RunTime:0.001050s ]
ERR: Call to undefined function Home\Controller\Type()

[ 2017-12-19T17:18:44+08:00 ] 192.168.32.109 /ceshitpzhuanyong_xuniji/index.php?c=Ceshi&a=ceshineirong
INFO: [ app_init ] --START--
INFO: Run Behavior\BuildLiteBehavior [ RunTime:0.000012s ]
INFO: [ app_init ] --END-- [ RunTime:0.000401s ]
INFO: [ app_begin ] --START--
INFO: Run Behavior\ReadHtmlCacheBehavior [ RunTime:0.000431s ]
INFO: [ app_begin ] --END-- [ RunTime:0.000469s ]
INFO: [ app_end ] --START--
INFO: Run Behavior\ShowPageTraceBehavior [ RunTime:0.017497s ]
INFO: [ app_end ] --END-- [ RunTime:0.017557s ]

[ 2017-12-19T17:19:04+08:00 ] 192.168.32.109 /ceshitpzhuanyong_xuniji/index.php?c=Ceshi&a=ceshineirong
INFO: [ app_init ] --START--
INFO: Run Behavior\BuildLiteBehavior [ RunTime:0.000017s ]
INFO: [ app_init ] --END-- [ RunTime:0.000549s ]
INFO: [ app_begin ] --START--
INFO: Run Behavior\ReadHtmlCacheBehavior [ RunTime:0.000754s ]
INFO: [ app_begin ] --END-- [ RunTime:0.000810s ]
INFO: [ app_end ] --START--
INFO: Run Behavior\ShowPageTraceBehavior [ RunTime:0.000863s ]
INFO: [ app_end ] --END-- [ RunTime:0.000959s ]

[ 2017-12-19T17:46:47+08:00 ] 192.168.32.109 /ceshitpzhuanyong_xuniji/index.php?c=Ceshi&a=ceshineirong
INFO: [ app_init ] --START--
INFO: Run Behavior\BuildLiteBehavior [ RunTime:0.000013s ]
INFO: [ app_init ] --END-- [ RunTime:0.000270s ]
INFO: [ app_begin ] --START--
INFO: Run Behavior\ReadHtmlCacheBehavior [ RunTime:0.000423s ]
INFO: [ app_begin ] --END-- [ RunTime:0.000476s ]
ERR: SQLSTATE[HY000] [1049] Unknown database 'xueshengguanli'

[ 2017-12-19T17:48:33+08:00 ] 192.168.32.109 /ceshitpzhuanyong_xuniji/index.php?c=Ceshi&a=ceshineirong
INFO: [ app_init ] --START--
INFO: Run Behavior\BuildLiteBehavior [ RunTime:0.000016s ]
INFO: [ app_init ] --END-- [ RunTime:0.012850s ]
INFO: [ app_begin ] --START--
INFO: Run Behavior\ReadHtmlCacheBehavior [ RunTime:0.000799s ]
INFO: [ app_begin ] --END-- [ RunTime:0.000880s ]
ERR: Class 'Home\Controller\mysqli' not found

[ 2017-12-19T17:48:44+08:00 ] 192.168.32.109 /ceshitpzhuanyong_xuniji/index.php?c=Ceshi&a=ceshineirong
INFO: [ app_init ] --START--
INFO: Run Behavior\BuildLiteBehavior [ RunTime:0.000016s ]
INFO: [ app_init ] --END-- [ RunTime:0.000521s ]
INFO: [ app_begin ] --START--
INFO: Run Behavior\ReadHtmlCacheBehavior [ RunTime:0.000517s ]
INFO: [ app_begin ] --END-- [ RunTime:0.000562s ]

[ 2017-12-19T17:49:52+08:00 ] 192.168.32.109 /ceshitpzhuanyong_xuniji/index.php?c=Ceshi&a=ceshineirong
INFO: [ app_init ] --START--
INFO: Run Behavior\BuildLiteBehavior [ RunTime:0.000023s ]
INFO: [ app_init ] --END-- [ RunTime:0.000604s ]
INFO: [ app_begin ] --START--
INFO: Run Behavior\ReadHtmlCacheBehavior [ RunTime:0.000846s ]
INFO: [ app_begin ] --END-- [ RunTime:0.000925s ]
ERR: Call to undefined function Home\Controller\mysql_info()

[ 2017-12-19T17:49:59+08:00 ] 192.168.32.109 /ceshitpzhuanyong_xuniji/index.php?c=Ceshi&a=ceshineirong
INFO: [ app_init ] --START--
INFO: Run Behavior\BuildLiteBehavior [ RunTime:0.000024s ]
INFO: [ app_init ] --END-- [ RunTime:0.000716s ]
INFO: [ app_begin ] --START--
INFO: Run Behavior\ReadHtmlCacheBehavior [ RunTime:0.000939s ]
INFO: [ app_begin ] --END-- [ RunTime:0.001021s ]
ERR: Call to undefined function mysql_info()

[ 2017-12-19T17:50:06+08:00 ] 192.168.32.109 /ceshitpzhuanyong_xuniji/index.php?c=Ceshi&a=ceshineirong
INFO: [ app_init ] --START--
INFO: Run Behavior\BuildLiteBehavior [ RunTime:0.000025s ]
INFO: [ app_init ] --END-- [ RunTime:0.000687s ]
INFO: [ app_begin ] --START--
INFO: Run Behavior\ReadHtmlCacheBehavior [ RunTime:0.000871s ]
INFO: [ app_begin ] --END-- [ RunTime:0.000964s ]
ERR: Call to undefined function Home\Controller\mysql_info()

[ 2017-12-19T17:50:07+08:00 ] 192.168.32.109 /ceshitpzhuanyong_xuniji/index.php?c=Ceshi&a=ceshineirong
INFO: [ app_init ] --START--
INFO: Run Behavior\BuildLiteBehavior [ RunTime:0.000021s ]
INFO: [ app_init ] --END-- [ RunTime:0.000718s ]
INFO: [ app_begin ] --START--
INFO: Run Behavior\ReadHtmlCacheBehavior [ RunTime:0.000759s ]
INFO: [ app_begin ] --END-- [ RunTime:0.000824s ]
ERR: Call to undefined function Home\Controller\mysql_info()

[ 2017-12-19T17:50:14+08:00 ] 192.168.32.109 /ceshitpzhuanyong_xuniji/index.php?c=Ceshi&a=ceshineirong
INFO: [ app_init ] --START--
INFO: Run Behavior\BuildLiteBehavior [ RunTime:0.000024s ]
INFO: [ app_init ] --END-- [ RunTime:0.000724s ]
INFO: [ app_begin ] --START--
INFO: Run Behavior\ReadHtmlCacheBehavior [ RunTime:0.000859s ]
INFO: [ app_begin ] --END-- [ RunTime:0.000932s ]
NOTIC: [8] Undefined variable: id /usr/local/apache2/htdocs/ceshitpzhuanyong_xuniji/Application/Home/Controller/CeshiController.class.php 第 350 行.

[ 2017-12-19T17:51:37+08:00 ] 192.168.32.109 /ceshitpzhuanyong_xuniji/index.php?c=Ceshi&a=ceshineirong
INFO: [ app_init ] --START--
INFO: Run Behavior\BuildLiteBehavior [ RunTime:0.000019s ]
INFO: [ app_init ] --END-- [ RunTime:0.000527s ]
INFO: [ app_begin ] --START--
INFO: Run Behavior\ReadHtmlCacheBehavior [ RunTime:0.000675s ]
INFO: [ app_begin ] --END-- [ RunTime:0.001000s ]
ERR: Call to undefined function Home\Controller\mysql_info()

[ 2017-12-19T17:51:37+08:00 ] 192.168.32.109 /ceshitpzhuanyong_xuniji/index.php?c=Ceshi&a=ceshineirong
INFO: [ app_init ] --START--
INFO: Run Behavior\BuildLiteBehavior [ RunTime:0.000026s ]
INFO: [ app_init ] --END-- [ RunTime:0.017122s ]
INFO: [ app_begin ] --START--
INFO: Run Behavior\ReadHtmlCacheBehavior [ RunTime:0.012936s ]
INFO: [ app_begin ] --END-- [ RunTime:0.013015s ]
ERR: Call to undefined function Home\Controller\mysql_info()

