[ 2018-01-14T05:32:25+08:00 ] 192.168.30.109 /ceshitpzhuanyong_xuniji/
INFO: [ app_init ] --START--
INFO: Run Behavior\BuildLiteBehavior [ RunTime:0.000039s ]
INFO: [ app_init ] --END-- [ RunTime:0.006230s ]
INFO: [ app_begin ] --START--
INFO: Run Behavior\ReadHtmlCacheBehavior [ RunTime:0.001210s ]
INFO: [ app_begin ] --END-- [ RunTime:0.001307s ]
INFO: [ view_parse ] --START--
INFO: [ template_filter ] --START--
INFO: Run Behavior\ContentReplaceBehavior [ RunTime:0.000053s ]
INFO: [ template_filter ] --END-- [ RunTime:0.000155s ]
INFO: Run Behavior\ParseTemplateBehavior [ RunTime:0.200408s ]
INFO: [ view_parse ] --END-- [ RunTime:0.200670s ]
INFO: [ view_filter ] --START--
INFO: Run Behavior\WriteHtmlCacheBehavior [ RunTime:0.000448s ]
INFO: [ view_filter ] --END-- [ RunTime:0.000508s ]
INFO: [ app_end ] --START--
INFO: Run Behavior\ShowPageTraceBehavior [ RunTime:0.001319s ]
INFO: [ app_end ] --END-- [ RunTime:0.001386s ]

[ 2018-01-14T05:32:25+08:00 ] 192.168.30.109 /ceshitpzhuanyong_xuniji/index.php/Home/Index/yzm.html
INFO: [ app_init ] --START--
INFO: Run Behavior\BuildLiteBehavior [ RunTime:0.000010s ]
INFO: [ app_init ] --END-- [ RunTime:0.000284s ]
INFO: [ app_begin ] --START--
INFO: Run Behavior\ReadHtmlCacheBehavior [ RunTime:0.000400s ]
INFO: [ app_begin ] --END-- [ RunTime:0.000450s ]
INFO: [ app_end ] --START--
INFO: Run Behavior\ShowPageTraceBehavior [ RunTime:0.000419s ]
INFO: [ app_end ] --END-- [ RunTime:0.000455s ]

[ 2018-01-14T05:32:27+08:00 ] 192.168.30.109 /ceshitpzhuanyong_xuniji/index.php?c=Ceshi&a=ceshineirong
INFO: [ app_init ] --START--
INFO: Run Behavior\BuildLiteBehavior [ RunTime:0.000011s ]
INFO: [ app_init ] --END-- [ RunTime:0.000295s ]
INFO: [ app_begin ] --START--
INFO: Run Behavior\ReadHtmlCacheBehavior [ RunTime:0.000346s ]
INFO: [ app_begin ] --END-- [ RunTime:0.000375s ]
ERR: SQLSTATE[HY000] [1049] Unknown database 'xueshengguanli'

[ 2018-01-14T05:32:46+08:00 ] 192.168.30.109 /ceshitpzhuanyong_xuniji/index.php?c=Ceshi&a=ceshineirong
INFO: [ app_init ] --START--
INFO: Run Behavior\BuildLiteBehavior [ RunTime:0.000014s ]
INFO: [ app_init ] --END-- [ RunTime:0.010459s ]
INFO: [ app_begin ] --START--
INFO: Run Behavior\ReadHtmlCacheBehavior [ RunTime:0.011329s ]
INFO: [ app_begin ] --END-- [ RunTime:0.011378s ]
SQL: SHOW COLUMNS FROM `shop_xdll` [ RunTime:0.0039s ]
SQL: DELETE FROM `shop_xdll` WHERE `id` = 1881 [ RunTime:0.0647s ]

[ 2018-01-14T08:25:35+08:00 ] 192.168.30.109 /ceshitpzhuanyong_xuniji/
INFO: [ app_init ] --START--
INFO: Run Behavior\BuildLiteBehavior [ RunTime:0.000040s ]
INFO: [ app_init ] --END-- [ RunTime:0.004434s ]
INFO: [ app_begin ] --START--
INFO: Run Behavior\ReadHtmlCacheBehavior [ RunTime:0.001787s ]
INFO: [ app_begin ] --END-- [ RunTime:0.001900s ]
INFO: [ view_parse ] --START--
INFO: [ template_filter ] --START--
INFO: Run Behavior\ContentReplaceBehavior [ RunTime:0.000031s ]
INFO: [ template_filter ] --END-- [ RunTime:0.000092s ]
INFO: Run Behavior\ParseTemplateBehavior [ RunTime:0.086173s ]
INFO: [ view_parse ] --END-- [ RunTime:0.086241s ]
INFO: [ view_filter ] --START--
INFO: Run Behavior\WriteHtmlCacheBehavior [ RunTime:0.000677s ]
INFO: [ view_filter ] --END-- [ RunTime:0.000714s ]
INFO: [ app_end ] --START--
INFO: Run Behavior\ShowPageTraceBehavior [ RunTime:0.027920s ]
INFO: [ app_end ] --END-- [ RunTime:0.028008s ]

[ 2018-01-14T08:25:36+08:00 ] 192.168.30.109 /ceshitpzhuanyong_xuniji/index.php/Home/Index/yzm.html
INFO: [ app_init ] --START--
INFO: Run Behavior\BuildLiteBehavior [ RunTime:0.000023s ]
INFO: [ app_init ] --END-- [ RunTime:0.000585s ]
INFO: [ app_begin ] --START--
INFO: Run Behavior\ReadHtmlCacheBehavior [ RunTime:0.000409s ]
INFO: [ app_begin ] --END-- [ RunTime:0.000468s ]
INFO: [ app_end ] --START--
INFO: Run Behavior\ShowPageTraceBehavior [ RunTime:0.000418s ]
INFO: [ app_end ] --END-- [ RunTime:0.000458s ]

[ 2018-01-14T08:25:38+08:00 ] 192.168.30.109 /ceshitpzhuanyong_xuniji/index.php?c=Ceshi&a=ceshineirong
INFO: [ app_init ] --START--
INFO: Run Behavior\BuildLiteBehavior [ RunTime:0.000011s ]
INFO: [ app_init ] --END-- [ RunTime:0.000270s ]
INFO: [ app_begin ] --START--
INFO: Run Behavior\ReadHtmlCacheBehavior [ RunTime:0.000359s ]
INFO: [ app_begin ] --END-- [ RunTime:0.000389s ]
SQL: SHOW COLUMNS FROM `shop_xdll` [ RunTime:0.0346s ]
NOTIC: [2] implode(): Invalid arguments passed /usr/local/apache2/htdocs/ceshitpzhuanyong_xuniji/ThinkPHP/Library/Think/Db/Driver.class.php 第 578 行.
ERR: 1064:You have an error in your SQL syntax; check the manual that corresponds to your MySQL server version for the right syntax to use near ')' at line 1
 [ SQL语句 ] : DELETE FROM `shop_xdll` WHERE `id` IN ()
ERR: 1064:You have an error in your SQL syntax; check the manual that corresponds to your MySQL server version for the right syntax to use near ')' at line 1
 [ SQL语句 ] : DELETE FROM `shop_xdll` WHERE `id` IN ()

[ 2018-01-14T08:26:23+08:00 ] 192.168.30.109 /ceshitpzhuanyong_xuniji/index.php?c=Ceshi&a=ceshineirong
INFO: [ app_init ] --START--
INFO: Run Behavior\BuildLiteBehavior [ RunTime:0.000009s ]
INFO: [ app_init ] --END-- [ RunTime:0.000214s ]
INFO: [ app_begin ] --START--
INFO: Run Behavior\ReadHtmlCacheBehavior [ RunTime:0.000285s ]
INFO: [ app_begin ] --END-- [ RunTime:0.000307s ]
SQL: SHOW COLUMNS FROM `shop_xdll` [ RunTime:0.0006s ]
SQL: DELETE FROM `shop_xdll` WHERE `id` = 1879 [ RunTime:0.0466s ]

[ 2018-01-14T08:26:52+08:00 ] 192.168.30.109 /ceshitpzhuanyong_xuniji/index.php?c=Ceshi&a=ceshineirong
INFO: [ app_init ] --START--
INFO: Run Behavior\BuildLiteBehavior [ RunTime:0.000029s ]
INFO: [ app_init ] --END-- [ RunTime:0.000283s ]
INFO: [ app_begin ] --START--
INFO: Run Behavior\ReadHtmlCacheBehavior [ RunTime:0.000288s ]
INFO: [ app_begin ] --END-- [ RunTime:0.000311s ]
SQL: SHOW COLUMNS FROM `shop_xdll` [ RunTime:0.0051s ]
SQL: DELETE FROM `shop_xdll` WHERE `id` IN ('1878') [ RunTime:0.0332s ]

[ 2018-01-14T08:27:30+08:00 ] 192.168.30.109 /ceshitpzhuanyong_xuniji/index.php?c=Ceshi&a=ceshineirong
INFO: [ app_init ] --START--
INFO: Run Behavior\BuildLiteBehavior [ RunTime:0.000028s ]
INFO: [ app_init ] --END-- [ RunTime:0.001187s ]
INFO: [ app_begin ] --START--
INFO: Run Behavior\ReadHtmlCacheBehavior [ RunTime:0.009735s ]
INFO: [ app_begin ] --END-- [ RunTime:0.009846s ]
SQL: SHOW COLUMNS FROM `shop_xdll` [ RunTime:0.0091s ]
SQL: DELETE FROM `shop_xdll` WHERE `id` IN ('1867') [ RunTime:0.0459s ]

[ 2018-01-14T08:27:56+08:00 ] 192.168.30.109 /ceshitpzhuanyong_xuniji/index.php?c=Ceshi&a=ceshineirong
INFO: [ app_init ] --START--
INFO: Run Behavior\BuildLiteBehavior [ RunTime:0.000024s ]
INFO: [ app_init ] --END-- [ RunTime:0.000895s ]
INFO: [ app_begin ] --START--
INFO: Run Behavior\ReadHtmlCacheBehavior [ RunTime:0.000828s ]
INFO: [ app_begin ] --END-- [ RunTime:0.000895s ]
SQL: SHOW COLUMNS FROM `shop_xdll` [ RunTime:0.0026s ]
SQL: DELETE FROM `shop_xdll` WHERE `id` IN ('1867') [ RunTime:0.0009s ]

[ 2018-01-14T08:28:26+08:00 ] 192.168.30.109 /ceshitpzhuanyong_xuniji/index.php?c=Ceshi&a=ceshineirong
INFO: [ app_init ] --START--
INFO: Run Behavior\BuildLiteBehavior [ RunTime:0.000017s ]
INFO: [ app_init ] --END-- [ RunTime:0.000471s ]
INFO: [ app_begin ] --START--
INFO: Run Behavior\ReadHtmlCacheBehavior [ RunTime:0.000874s ]
INFO: [ app_begin ] --END-- [ RunTime:0.000927s ]
SQL: SHOW COLUMNS FROM `shop_xdll` [ RunTime:0.0010s ]
SQL: DELETE FROM `shop_xdll` WHERE `id` = 1880 [ RunTime:0.0279s ]

[ 2018-01-14T08:29:16+08:00 ] 192.168.30.109 /ceshitpzhuanyong_xuniji/index.php?c=Ceshi&a=ceshineirong
INFO: [ app_init ] --START--
INFO: Run Behavior\BuildLiteBehavior [ RunTime:0.000019s ]
INFO: [ app_init ] --END-- [ RunTime:0.009281s ]
INFO: [ app_begin ] --START--
INFO: Run Behavior\ReadHtmlCacheBehavior [ RunTime:0.000499s ]
INFO: [ app_begin ] --END-- [ RunTime:0.000537s ]
SQL: SHOW COLUMNS FROM `shop_xdll` [ RunTime:0.0007s ]
SQL: DELETE FROM `shop_xdll` WHERE `id` IN ('1875') [ RunTime:0.0396s ]

[ 2018-01-14T08:29:44+08:00 ] 192.168.30.109 /ceshitpzhuanyong_xuniji/index.php?c=Ceshi&a=ceshineirong
INFO: [ app_init ] --START--
INFO: Run Behavior\BuildLiteBehavior [ RunTime:0.000012s ]
INFO: [ app_init ] --END-- [ RunTime:0.000331s ]
INFO: [ app_begin ] --START--
INFO: Run Behavior\ReadHtmlCacheBehavior [ RunTime:0.000479s ]
INFO: [ app_begin ] --END-- [ RunTime:0.000516s ]
SQL: SHOW COLUMNS FROM `shop_xdll` [ RunTime:0.0004s ]
SQL: DELETE FROM `shop_xdll` WHERE `id` IN ('1875') [ RunTime:0.0003s ]

[ 2018-01-14T08:30:13+08:00 ] 192.168.30.109 /ceshitpzhuanyong_xuniji/index.php?c=Ceshi&a=ceshineirong
INFO: [ app_init ] --START--
INFO: Run Behavior\BuildLiteBehavior [ RunTime:0.000009s ]
INFO: [ app_init ] --END-- [ RunTime:0.000227s ]
INFO: [ app_begin ] --START--
INFO: Run Behavior\ReadHtmlCacheBehavior [ RunTime:0.000288s ]
INFO: [ app_begin ] --END-- [ RunTime:0.000311s ]
SQL: SHOW COLUMNS FROM `shop_xdll` [ RunTime:0.0005s ]
SQL: DELETE FROM `shop_xdll` WHERE `id` IN ('1876') [ RunTime:0.0320s ]

[ 2018-01-14T08:30:57+08:00 ] 192.168.30.109 /ceshitpzhuanyong_xuniji/index.php?c=Ceshi&a=ceshineirong
INFO: [ app_init ] --START--
INFO: Run Behavior\BuildLiteBehavior [ RunTime:0.000008s ]
INFO: [ app_init ] --END-- [ RunTime:0.000223s ]
INFO: [ app_begin ] --START--
INFO: Run Behavior\ReadHtmlCacheBehavior [ RunTime:0.000565s ]
INFO: [ app_begin ] --END-- [ RunTime:0.000590s ]
SQL: SHOW COLUMNS FROM `shop_xdll` [ RunTime:0.0005s ]
SQL: DELETE FROM `shop_xdll` WHERE `id` IN ('1870') [ RunTime:0.0358s ]

[ 2018-01-14T08:31:38+08:00 ] 192.168.30.109 /ceshitpzhuanyong_xuniji/index.php?c=Ceshi&a=ceshineirong
INFO: [ app_init ] --START--
INFO: Run Behavior\BuildLiteBehavior [ RunTime:0.000019s ]
INFO: [ app_init ] --END-- [ RunTime:0.000492s ]
INFO: [ app_begin ] --START--
INFO: Run Behavior\ReadHtmlCacheBehavior [ RunTime:0.000680s ]
INFO: [ app_begin ] --END-- [ RunTime:0.000738s ]
SQL: SHOW COLUMNS FROM `shop_xdll` [ RunTime:0.0012s ]
SQL: DELETE FROM `shop_xdll` WHERE `id` IN ('1866',' 1862',' 1877') [ RunTime:0.0340s ]

[ 2018-01-14T10:39:06+08:00 ] 192.168.30.109 /ceshitpzhuanyong_xuniji/
INFO: [ app_init ] --START--
INFO: Run Behavior\BuildLiteBehavior [ RunTime:0.000010s ]
INFO: [ app_init ] --END-- [ RunTime:0.000269s ]
INFO: [ app_begin ] --START--
INFO: Run Behavior\ReadHtmlCacheBehavior [ RunTime:0.000344s ]
INFO: [ app_begin ] --END-- [ RunTime:0.000374s ]
INFO: [ view_parse ] --START--
INFO: [ template_filter ] --START--
INFO: Run Behavior\ContentReplaceBehavior [ RunTime:0.000030s ]
INFO: [ template_filter ] --END-- [ RunTime:0.000079s ]
INFO: Run Behavior\ParseTemplateBehavior [ RunTime:0.044355s ]
INFO: [ view_parse ] --END-- [ RunTime:0.044397s ]
INFO: [ view_filter ] --START--
INFO: Run Behavior\WriteHtmlCacheBehavior [ RunTime:0.000149s ]
INFO: [ view_filter ] --END-- [ RunTime:0.000171s ]
INFO: [ app_end ] --START--
INFO: Run Behavior\ShowPageTraceBehavior [ RunTime:0.000420s ]
INFO: [ app_end ] --END-- [ RunTime:0.000446s ]

[ 2018-01-14T10:39:06+08:00 ] 192.168.30.109 /ceshitpzhuanyong_xuniji/index.php/Home/Index/yzm.html
INFO: [ app_init ] --START--
INFO: Run Behavior\BuildLiteBehavior [ RunTime:0.000010s ]
INFO: [ app_init ] --END-- [ RunTime:0.000302s ]
INFO: [ app_begin ] --START--
INFO: Run Behavior\ReadHtmlCacheBehavior [ RunTime:0.000334s ]
INFO: [ app_begin ] --END-- [ RunTime:0.000364s ]
INFO: [ app_end ] --START--
INFO: Run Behavior\ShowPageTraceBehavior [ RunTime:0.000347s ]
INFO: [ app_end ] --END-- [ RunTime:0.000377s ]

[ 2018-01-14T10:39:08+08:00 ] 192.168.30.109 /ceshitpzhuanyong_xuniji/index.php?c=Ceshi&a=ceshineirong
INFO: [ app_init ] --START--
INFO: Run Behavior\BuildLiteBehavior [ RunTime:0.000009s ]
INFO: [ app_init ] --END-- [ RunTime:0.000264s ]
INFO: [ app_begin ] --START--
INFO: Run Behavior\ReadHtmlCacheBehavior [ RunTime:0.000254s ]
INFO: [ app_begin ] --END-- [ RunTime:0.000277s ]
NOTIC: [8] Undefined variable: as /usr/local/apache2/htdocs/ceshitpzhuanyong_xuniji/Application/Home/Controller/CeshiController.class.php 第 579 行.
NOTIC: [2] Invalid argument supplied for foreach() /usr/local/apache2/htdocs/ceshitpzhuanyong_xuniji/Application/Home/Controller/CeshiController.class.php 第 579 行.
INFO: [ app_end ] --START--
INFO: Run Behavior\ShowPageTraceBehavior [ RunTime:0.000453s ]
INFO: [ app_end ] --END-- [ RunTime:0.000494s ]

[ 2018-01-14T10:39:12+08:00 ] 192.168.30.109 /ceshitpzhuanyong_xuniji/index.php?c=Ceshi&a=ceshineirong
INFO: [ app_init ] --START--
INFO: Run Behavior\BuildLiteBehavior [ RunTime:0.000011s ]
INFO: [ app_init ] --END-- [ RunTime:0.000275s ]
INFO: [ app_begin ] --START--
INFO: Run Behavior\ReadHtmlCacheBehavior [ RunTime:0.000451s ]
INFO: [ app_begin ] --END-- [ RunTime:0.000511s ]
NOTIC: [8] Undefined variable: as /usr/local/apache2/htdocs/ceshitpzhuanyong_xuniji/Application/Home/Controller/CeshiController.class.php 第 579 行.
NOTIC: [2] Invalid argument supplied for foreach() /usr/local/apache2/htdocs/ceshitpzhuanyong_xuniji/Application/Home/Controller/CeshiController.class.php 第 579 行.
INFO: [ app_end ] --START--
INFO: Run Behavior\ShowPageTraceBehavior [ RunTime:0.000447s ]
INFO: [ app_end ] --END-- [ RunTime:0.000487s ]

[ 2018-01-14T10:39:18+08:00 ] 192.168.30.109 /ceshitpzhuanyong_xuniji/index.php?c=Ceshi&a=ceshineirong
INFO: [ app_init ] --START--
INFO: Run Behavior\BuildLiteBehavior [ RunTime:0.000013s ]
INFO: [ app_init ] --END-- [ RunTime:0.000373s ]
INFO: [ app_begin ] --START--
INFO: Run Behavior\ReadHtmlCacheBehavior [ RunTime:0.000569s ]
INFO: [ app_begin ] --END-- [ RunTime:0.000612s ]
INFO: [ app_end ] --START--
INFO: Run Behavior\ShowPageTraceBehavior [ RunTime:0.000522s ]
INFO: [ app_end ] --END-- [ RunTime:0.000574s ]

[ 2018-01-14T10:41:12+08:00 ] 192.168.30.109 /ceshitpzhuanyong_xuniji/index.php?c=Ceshi&a=ceshineirong
INFO: [ app_init ] --START--
INFO: Run Behavior\BuildLiteBehavior [ RunTime:0.000026s ]
INFO: [ app_init ] --END-- [ RunTime:0.000420s ]
INFO: [ app_begin ] --START--
INFO: Run Behavior\ReadHtmlCacheBehavior [ RunTime:0.000468s ]
INFO: [ app_begin ] --END-- [ RunTime:0.000514s ]

[ 2018-01-14T10:41:20+08:00 ] 192.168.30.109 /ceshitpzhuanyong_xuniji/index.php?c=Ceshi&a=ceshineirong
INFO: [ app_init ] --START--
INFO: Run Behavior\BuildLiteBehavior [ RunTime:0.000010s ]
INFO: [ app_init ] --END-- [ RunTime:0.000242s ]
INFO: [ app_begin ] --START--
INFO: Run Behavior\ReadHtmlCacheBehavior [ RunTime:0.000331s ]
INFO: [ app_begin ] --END-- [ RunTime:0.000360s ]
INFO: [ app_end ] --START--
INFO: Run Behavior\ShowPageTraceBehavior [ RunTime:0.000440s ]
INFO: [ app_end ] --END-- [ RunTime:0.000484s ]

[ 2018-01-14T10:41:21+08:00 ] 192.168.30.109 /ceshitpzhuanyong_xuniji/index.php?c=Ceshi&a=ceshineirong
INFO: [ app_init ] --START--
INFO: Run Behavior\BuildLiteBehavior [ RunTime:0.000013s ]
INFO: [ app_init ] --END-- [ RunTime:0.000319s ]
INFO: [ app_begin ] --START--
INFO: Run Behavior\ReadHtmlCacheBehavior [ RunTime:0.000500s ]
INFO: [ app_begin ] --END-- [ RunTime:0.000542s ]
INFO: [ app_end ] --START--
INFO: Run Behavior\ShowPageTraceBehavior [ RunTime:0.000576s ]
INFO: [ app_end ] --END-- [ RunTime:0.000631s ]

[ 2018-01-14T10:41:40+08:00 ] 192.168.30.109 /ceshitpzhuanyong_xuniji/index.php?c=Ceshi&a=ceshineirong
INFO: [ app_init ] --START--
INFO: Run Behavior\BuildLiteBehavior [ RunTime:0.000043s ]
INFO: [ app_init ] --END-- [ RunTime:0.000704s ]
INFO: [ app_begin ] --START--
INFO: Run Behavior\ReadHtmlCacheBehavior [ RunTime:0.000668s ]
INFO: [ app_begin ] --END-- [ RunTime:0.000748s ]
NOTIC: [8] Undefined variable: ab /usr/local/apache2/htdocs/ceshitpzhuanyong_xuniji/Application/Home/Controller/CeshiController.class.php 第 598 行.
INFO: [ app_end ] --START--
INFO: Run Behavior\ShowPageTraceBehavior [ RunTime:0.000614s ]
INFO: [ app_end ] --END-- [ RunTime:0.000665s ]

[ 2018-01-14T10:41:41+08:00 ] 192.168.30.109 /ceshitpzhuanyong_xuniji/index.php?c=Ceshi&a=ceshineirong
INFO: [ app_init ] --START--
INFO: Run Behavior\BuildLiteBehavior [ RunTime:0.000014s ]
INFO: [ app_init ] --END-- [ RunTime:0.000333s ]
INFO: [ app_begin ] --START--
INFO: Run Behavior\ReadHtmlCacheBehavior [ RunTime:0.000382s ]
INFO: [ app_begin ] --END-- [ RunTime:0.000419s ]
NOTIC: [8] Undefined variable: ab /usr/local/apache2/htdocs/ceshitpzhuanyong_xuniji/Application/Home/Controller/CeshiController.class.php 第 598 行.
INFO: [ app_end ] --START--
INFO: Run Behavior\ShowPageTraceBehavior [ RunTime:0.000354s ]
INFO: [ app_end ] --END-- [ RunTime:0.000392s ]

[ 2018-01-14T10:41:50+08:00 ] 192.168.30.109 /ceshitpzhuanyong_xuniji/index.php?c=Ceshi&a=ceshineirong
INFO: [ app_init ] --START--
INFO: Run Behavior\BuildLiteBehavior [ RunTime:0.000017s ]
INFO: [ app_init ] --END-- [ RunTime:0.000447s ]
INFO: [ app_begin ] --START--
INFO: Run Behavior\ReadHtmlCacheBehavior [ RunTime:0.000546s ]
INFO: [ app_begin ] --END-- [ RunTime:0.000597s ]
INFO: [ app_end ] --START--
INFO: Run Behavior\ShowPageTraceBehavior [ RunTime:0.000306s ]
INFO: [ app_end ] --END-- [ RunTime:0.000342s ]

[ 2018-01-14T10:41:50+08:00 ] 192.168.30.109 /ceshitpzhuanyong_xuniji/index.php?c=Ceshi&a=ceshineirong
INFO: [ app_init ] --START--
INFO: Run Behavior\BuildLiteBehavior [ RunTime:0.000008s ]
INFO: [ app_init ] --END-- [ RunTime:0.000198s ]
INFO: [ app_begin ] --START--
INFO: Run Behavior\ReadHtmlCacheBehavior [ RunTime:0.000253s ]
INFO: [ app_begin ] --END-- [ RunTime:0.000277s ]
INFO: [ app_end ] --START--
INFO: Run Behavior\ShowPageTraceBehavior [ RunTime:0.000341s ]
INFO: [ app_end ] --END-- [ RunTime:0.000386s ]

[ 2018-01-14T11:42:42+08:00 ] 192.168.30.109 /ceshitpzhuanyong_xuniji/index.php?c=Ceshi&a=ceshineirong
INFO: [ app_init ] --START--
INFO: Run Behavior\BuildLiteBehavior [ RunTime:0.000009s ]
INFO: [ app_init ] --END-- [ RunTime:0.000210s ]
INFO: [ app_begin ] --START--
INFO: Run Behavior\ReadHtmlCacheBehavior [ RunTime:0.000283s ]
INFO: [ app_begin ] --END-- [ RunTime:0.000306s ]
INFO: [ app_end ] --START--
INFO: Run Behavior\ShowPageTraceBehavior [ RunTime:0.000277s ]
INFO: [ app_end ] --END-- [ RunTime:0.000302s ]

[ 2018-01-14T19:28:09+08:00 ] 192.168.30.109 /ceshitpzhuanyong_xuniji/
INFO: [ app_init ] --START--
INFO: Run Behavior\BuildLiteBehavior [ RunTime:0.000038s ]
INFO: [ app_init ] --END-- [ RunTime:0.005977s ]
INFO: [ app_begin ] --START--
INFO: Run Behavior\ReadHtmlCacheBehavior [ RunTime:0.008244s ]
INFO: [ app_begin ] --END-- [ RunTime:0.008365s ]
INFO: [ view_parse ] --START--
INFO: [ template_filter ] --START--
INFO: Run Behavior\ContentReplaceBehavior [ RunTime:0.000068s ]
INFO: [ template_filter ] --END-- [ RunTime:0.000180s ]
INFO: Run Behavior\ParseTemplateBehavior [ RunTime:0.241286s ]
INFO: [ view_parse ] --END-- [ RunTime:0.241393s ]
INFO: [ view_filter ] --START--
INFO: Run Behavior\WriteHtmlCacheBehavior [ RunTime:0.018149s ]
INFO: [ view_filter ] --END-- [ RunTime:0.018221s ]
INFO: [ app_end ] --START--
INFO: Run Behavior\ShowPageTraceBehavior [ RunTime:0.005168s ]
INFO: [ app_end ] --END-- [ RunTime:0.005229s ]

[ 2018-01-14T19:28:09+08:00 ] 192.168.30.109 /ceshitpzhuanyong_xuniji/index.php/Home/Index/yzm.html
INFO: [ app_init ] --START--
INFO: Run Behavior\BuildLiteBehavior [ RunTime:0.000009s ]
INFO: [ app_init ] --END-- [ RunTime:0.000251s ]
INFO: [ app_begin ] --START--
INFO: Run Behavior\ReadHtmlCacheBehavior [ RunTime:0.000340s ]
INFO: [ app_begin ] --END-- [ RunTime:0.000387s ]
INFO: [ app_end ] --START--
INFO: Run Behavior\ShowPageTraceBehavior [ RunTime:0.000342s ]
INFO: [ app_end ] --END-- [ RunTime:0.000375s ]

[ 2018-01-14T19:28:16+08:00 ] 192.168.30.109 /ceshitpzhuanyong_xuniji/index.php?c=Ceshi&a=xinceshi
INFO: [ app_init ] --START--
INFO: Run Behavior\BuildLiteBehavior [ RunTime:0.000025s ]
INFO: [ app_init ] --END-- [ RunTime:0.000684s ]
INFO: [ app_begin ] --START--
INFO: Run Behavior\ReadHtmlCacheBehavior [ RunTime:0.001378s ]
INFO: [ app_begin ] --END-- [ RunTime:0.001464s ]

[ 2018-01-14T19:28:20+08:00 ] 192.168.30.109 /ceshitpzhuanyong_xuniji/index.php?c=Ceshi&a=xinceshi
INFO: [ app_init ] --START--
INFO: Run Behavior\BuildLiteBehavior [ RunTime:0.000017s ]
INFO: [ app_init ] --END-- [ RunTime:0.000527s ]
INFO: [ app_begin ] --START--
INFO: Run Behavior\ReadHtmlCacheBehavior [ RunTime:0.009214s ]
INFO: [ app_begin ] --END-- [ RunTime:0.009287s ]

[ 2018-01-14T19:28:20+08:00 ] 192.168.30.109 /ceshitpzhuanyong_xuniji/index.php?c=Ceshi&a=xinceshi
INFO: [ app_init ] --START--
INFO: Run Behavior\BuildLiteBehavior [ RunTime:0.000013s ]
INFO: [ app_init ] --END-- [ RunTime:0.000344s ]
INFO: [ app_begin ] --START--
INFO: Run Behavior\ReadHtmlCacheBehavior [ RunTime:0.000696s ]
INFO: [ app_begin ] --END-- [ RunTime:0.000739s ]

[ 2018-01-14T19:28:20+08:00 ] 192.168.30.109 /ceshitpzhuanyong_xuniji/index.php?c=Ceshi&a=xinceshi
INFO: [ app_init ] --START--
INFO: Run Behavior\BuildLiteBehavior [ RunTime:0.000012s ]
INFO: [ app_init ] --END-- [ RunTime:0.000348s ]
INFO: [ app_begin ] --START--
INFO: Run Behavior\ReadHtmlCacheBehavior [ RunTime:0.000547s ]
INFO: [ app_begin ] --END-- [ RunTime:0.000600s ]

[ 2018-01-14T19:28:21+08:00 ] 192.168.30.109 /ceshitpzhuanyong_xuniji/index.php?c=Ceshi&a=xinceshi
INFO: [ app_init ] --START--
INFO: Run Behavior\BuildLiteBehavior [ RunTime:0.000018s ]
INFO: [ app_init ] --END-- [ RunTime:0.000534s ]
INFO: [ app_begin ] --START--
INFO: Run Behavior\ReadHtmlCacheBehavior [ RunTime:0.000693s ]
INFO: [ app_begin ] --END-- [ RunTime:0.000754s ]

[ 2018-01-14T19:30:50+08:00 ] 192.168.30.109 /ceshitpzhuanyong_xuniji/index.php?c=Ceshi&a=xinceshi
INFO: [ app_init ] --START--
INFO: Run Behavior\BuildLiteBehavior [ RunTime:0.000011s ]
INFO: [ app_init ] --END-- [ RunTime:0.000315s ]
INFO: [ app_begin ] --START--
INFO: Run Behavior\ReadHtmlCacheBehavior [ RunTime:0.000436s ]
INFO: [ app_begin ] --END-- [ RunTime:0.000475s ]
NOTIC: [8] Undefined variable: Value /usr/local/apache2/htdocs/ceshitpzhuanyong_xuniji/Application/Home/Controller/CeshiController.class.php 第 666 行.
NOTIC: [8] Undefined variable: Value /usr/local/apache2/htdocs/ceshitpzhuanyong_xuniji/Application/Home/Controller/CeshiController.class.php 第 667 行.
INFO: [ app_end ] --START--
INFO: Run Behavior\ShowPageTraceBehavior [ RunTime:0.000428s ]
INFO: [ app_end ] --END-- [ RunTime:0.000493s ]

[ 2018-01-14T19:31:00+08:00 ] 192.168.30.109 /ceshitpzhuanyong_xuniji/index.php?c=Ceshi&a=xinceshi
INFO: [ app_init ] --START--
INFO: Run Behavior\BuildLiteBehavior [ RunTime:0.000015s ]
INFO: [ app_init ] --END-- [ RunTime:0.000433s ]
INFO: [ app_begin ] --START--
INFO: Run Behavior\ReadHtmlCacheBehavior [ RunTime:0.000841s ]
INFO: [ app_begin ] --END-- [ RunTime:0.000893s ]
NOTIC: [8] Undefined variable: Value /usr/local/apache2/htdocs/ceshitpzhuanyong_xuniji/Application/Home/Controller/CeshiController.class.php 第 666 行.
NOTIC: [8] Undefined variable: Value /usr/local/apache2/htdocs/ceshitpzhuanyong_xuniji/Application/Home/Controller/CeshiController.class.php 第 667 行.

[ 2018-01-14T19:31:31+08:00 ] 192.168.30.109 /ceshitpzhuanyong_xuniji/index.php?c=Ceshi&a=xinceshi
INFO: [ app_init ] --START--
INFO: Run Behavior\BuildLiteBehavior [ RunTime:0.000017s ]
INFO: [ app_init ] --END-- [ RunTime:0.000344s ]
INFO: [ app_begin ] --START--
INFO: Run Behavior\ReadHtmlCacheBehavior [ RunTime:0.000663s ]
INFO: [ app_begin ] --END-- [ RunTime:0.000708s ]
NOTIC: [2] substr() expects parameter 1 to be string, array given /usr/local/apache2/htdocs/ceshitpzhuanyong_xuniji/Application/Home/Controller/CeshiController.class.php 第 667 行.
NOTIC: [2] substr() expects parameter 1 to be string, array given /usr/local/apache2/htdocs/ceshitpzhuanyong_xuniji/Application/Home/Controller/CeshiController.class.php 第 668 行.

[ 2018-01-14T19:31:49+08:00 ] 192.168.30.109 /ceshitpzhuanyong_xuniji/index.php?c=Ceshi&a=xinceshi
INFO: [ app_init ] --START--
INFO: Run Behavior\BuildLiteBehavior [ RunTime:0.000018s ]
INFO: [ app_init ] --END-- [ RunTime:0.000530s ]
INFO: [ app_begin ] --START--
INFO: Run Behavior\ReadHtmlCacheBehavior [ RunTime:0.001145s ]
INFO: [ app_begin ] --END-- [ RunTime:0.001322s ]
NOTIC: [2] substr() expects parameter 1 to be string, array given /usr/local/apache2/htdocs/ceshitpzhuanyong_xuniji/Application/Home/Controller/CeshiController.class.php 第 667 行.
NOTIC: [2] substr() expects parameter 1 to be string, array given /usr/local/apache2/htdocs/ceshitpzhuanyong_xuniji/Application/Home/Controller/CeshiController.class.php 第 668 行.

[ 2018-01-14T19:31:59+08:00 ] 192.168.30.109 /ceshitpzhuanyong_xuniji/index.php?c=Ceshi&a=xinceshi
INFO: [ app_init ] --START--
INFO: Run Behavior\BuildLiteBehavior [ RunTime:0.000014s ]
INFO: [ app_init ] --END-- [ RunTime:0.000422s ]
INFO: [ app_begin ] --START--
INFO: Run Behavior\ReadHtmlCacheBehavior [ RunTime:0.001094s ]
INFO: [ app_begin ] --END-- [ RunTime:0.001152s ]

[ 2018-01-14T19:32:10+08:00 ] 192.168.30.109 /ceshitpzhuanyong_xuniji/index.php?c=Ceshi&a=xinceshi
INFO: [ app_init ] --START--
INFO: Run Behavior\BuildLiteBehavior [ RunTime:0.000012s ]
INFO: [ app_init ] --END-- [ RunTime:0.000544s ]
INFO: [ app_begin ] --START--
INFO: Run Behavior\ReadHtmlCacheBehavior [ RunTime:0.000519s ]
INFO: [ app_begin ] --END-- [ RunTime:0.000548s ]
NOTIC: [8] Undefined variable: a /usr/local/apache2/htdocs/ceshitpzhuanyong_xuniji/Application/Home/Controller/CeshiController.class.php 第 675 行.

[ 2018-01-14T19:32:12+08:00 ] 192.168.30.109 /ceshitpzhuanyong_xuniji/index.php?c=Ceshi&a=xinceshi
INFO: [ app_init ] --START--
INFO: Run Behavior\BuildLiteBehavior [ RunTime:0.000024s ]
INFO: [ app_init ] --END-- [ RunTime:0.000642s ]
INFO: [ app_begin ] --START--
INFO: Run Behavior\ReadHtmlCacheBehavior [ RunTime:0.001533s ]
INFO: [ app_begin ] --END-- [ RunTime:0.001627s ]

[ 2018-01-14T19:32:35+08:00 ] 192.168.30.109 /ceshitpzhuanyong_xuniji/index.php?c=Ceshi&a=xinceshi
INFO: [ app_init ] --START--
INFO: Run Behavior\BuildLiteBehavior [ RunTime:0.000009s ]
INFO: [ app_init ] --END-- [ RunTime:0.000262s ]
INFO: [ app_begin ] --START--
INFO: Run Behavior\ReadHtmlCacheBehavior [ RunTime:0.006076s ]
INFO: [ app_begin ] --END-- [ RunTime:0.006133s ]

[ 2018-01-14T19:32:41+08:00 ] 192.168.30.109 /ceshitpzhuanyong_xuniji/index.php?c=Ceshi&a=xinceshi
INFO: [ app_init ] --START--
INFO: Run Behavior\BuildLiteBehavior [ RunTime:0.000027s ]
INFO: [ app_init ] --END-- [ RunTime:0.001264s ]
INFO: [ app_begin ] --START--
INFO: Run Behavior\ReadHtmlCacheBehavior [ RunTime:0.006750s ]
INFO: [ app_begin ] --END-- [ RunTime:0.006835s ]
NOTIC: [8] Undefined variable: a /usr/local/apache2/htdocs/ceshitpzhuanyong_xuniji/Application/Home/Controller/CeshiController.class.php 第 677 行.

